2024-11-19 15:00:31.142 [info] Added views:outline in workbench.view.explorer
2024-11-19 15:00:31.142 [info] Added views:workbench.view.search in workbench.view.search
2024-11-19 15:00:31.142 [info] Added views:workbench.scm in workbench.view.scm
2024-11-19 15:00:31.142 [info] Added views:workbench.panel.markers.view in workbench.panel.markers
2024-11-19 15:00:31.142 [info] Added views:workbench.panel.output in workbench.panel.output
2024-11-19 15:00:31.142 [info] Added views:terminal in workbench.views.service.auxiliarybar.d84ba15d-a1fe-4ad7-bc28-410196716033
2024-11-19 15:00:31.142 [info] Added views:timeline in workbench.view.explorer
2024-11-19 15:00:31.142 [info] Added views:workbench.explorer.openEditorsView in workbench.view.explorer
2024-11-19 15:00:31.142 [info] Added views:workbench.explorer.fileView in workbench.views.service.sidebar.a82ec6f8-b30c-4109-8d7f-7ac32eaa20a6
2024-11-19 15:00:31.736 [info] Added views:workbench.debug.variablesView,workbench.debug.watchExpressionsView,workbench.debug.callStackView,workbench.debug.breakPointsView in workbench.view.debug
2024-11-19 15:00:33.120 [info] Added views:gitlens.views.home,gitlens.views.launchpad,gitlens.views.workspaces in workbench.view.extension.gitlens
2024-11-19 15:00:33.120 [info] Added views:gitlens.views.commitDetails,gitlens.views.lineHistory,gitlens.views.fileHistory,gitlens.views.searchAndCompare in workbench.view.extension.gitlensInspect
2024-11-19 15:00:33.122 [info] Added views:gitlens.views.scm.grouped in workbench.view.scm
2024-11-19 15:00:33.123 [info] Added views:vscode-edge-devtools-view.targets,vscode-edge-devtools-view.help-links in workbench.view.extension.vscode-edge-devtools-view
2024-11-19 15:00:33.123 [info] Added views:jsonOutline in workbench.view.extension.json-views
2024-11-19 15:00:33.461 [info] Added views:workbench.panel.repl.view in workbench.panel.repl
2024-11-19 15:00:34.719 [info] Added views:~remote.forwardedPorts in ~remote.forwardedPortsContainer
2024-11-19 15:00:35.708 [info] Added views:workbench.panel.comments in workbench.panel.comments
2024-11-19 15:00:36.981 [info] Added views:gitlens.views.drafts in workbench.view.extension.gitlens
2024-11-19 15:00:37.190 [info] Added views:workbench.scm.history in workbench.view.scm
2024-11-19 15:00:37.468 [info] Added views:gitlens.views.graph,gitlens.views.graphDetails in workbench.view.extension.gitlensPanel
2024-11-19 15:00:37.475 [info] Added views:gitlens.views.timeline in workbench.view.extension.gitlensInspect
2024-11-19 15:01:04.193 [info] Added views:i18n-ally-locales-sidebar-file,i18n-ally-locales-progress,i18n-ally-locales-tree,i18n-ally-locales-usage,i18n-ally-help-feedback in workbench.view.extension.i18n-ally
2024-11-19 15:01:04.201 [info] Added views:i18n-ally-locales-file-explorer in workbench.view.explorer
2024-11-19 16:18:12.937 [info] Added views:workbench.views.extensions.installed,workbench.views.extensions.popular,extensions.recommendedList in workbench.view.extensions
2024-11-19 16:18:12.969 [info] Removed views:workbench.views.extensions.popular from workbench.view.extensions
2024-11-19 16:37:54.331 [info] Removed views:extensions.recommendedList,workbench.views.extensions.installed from workbench.view.extensions
2024-11-19 16:37:54.434 [info] Added views:workbench.views.extensions.marketplace in workbench.view.extensions
2024-11-19 16:49:01.758 [info] Removed views:workbench.views.extensions.marketplace from workbench.view.extensions
2024-11-19 16:49:01.814 [info] Added views:workbench.views.extensions.installed,extensions.recommendedList in workbench.view.extensions
2024-11-19 16:49:03.481 [info] Removed views:extensions.recommendedList,workbench.views.extensions.installed from workbench.view.extensions
2024-11-19 16:49:03.493 [info] Added views:workbench.views.extensions.marketplace in workbench.view.extensions
2024-11-19 16:49:11.684 [info] Added views:github-actions.empty-view in workbench.view.extension.github-actions
2024-11-19 16:49:30.815 [info] Removed views:github-actions.empty-view from workbench.view.extension.github-actions
2024-11-19 16:49:30.872 [info] Added views:github-actions.current-branch,github-actions.workflows,github-actions.settings in workbench.view.extension.github-actions
2024-11-19 19:09:40.146 [info] Removed views:workbench.explorer.fileView from workbench.views.service.sidebar.a82ec6f8-b30c-4109-8d7f-7ac32eaa20a6
2024-11-19 19:09:40.299 [info] Added views:workbench.explorer.fileView in workbench.view.explorer
2024-11-19 19:09:46.673 [info] Removed views:workbench.explorer.openEditorsView from workbench.view.explorer
2024-11-19 19:09:50.966 [info] Removed views:outline from workbench.view.explorer
2024-11-19 19:09:54.537 [info] Removed views:timeline from workbench.view.explorer
