2024-11-19 20:07:50.388 [info] Reading sessions from keychain...
2024-11-19 20:07:50.388 [info] Getting sessions for all scopes...
2024-11-19 20:07:50.388 [info] Getting sessions for all scopes...
2024-11-19 20:07:50.388 [info] Getting sessions for all scopes...
2024-11-19 20:07:50.388 [info] Got stored sessions!
2024-11-19 20:07:50.388 [info] Got 2 verified sessions.
2024-11-19 20:07:50.388 [info] Got 2 sessions for ...
2024-11-19 20:07:50.388 [info] Got 2 sessions for ...
2024-11-19 20:07:50.388 [info] Got 2 sessions for ...
2024-11-19 20:07:52.368 [info] Getting sessions for read:user,repo,user:email...
2024-11-19 20:07:52.369 [info] Got 0 sessions for read:user,repo,user:email...
2024-11-19 20:07:55.421 [info] Getting sessions for repo,workflow...
2024-11-19 20:07:55.421 [info] Got 1 sessions for repo,workflow...
2024-11-19 20:07:55.461 [info] Getting sessions for repo,workflow...
2024-11-19 20:07:55.461 [info] Got 1 sessions for repo,workflow...
2024-11-19 20:07:56.084 [info] Getting sessions for repo,workflow...
2024-11-19 20:07:56.084 [info] Got 1 sessions for repo,workflow...
2024-11-19 20:07:58.855 [info] Getting sessions for repo,workflow...
2024-11-19 20:07:58.856 [info] Got 1 sessions for repo,workflow...
2024-11-19 20:07:58.868 [info] Getting sessions for repo,workflow...
2024-11-19 20:07:58.868 [info] Got 1 sessions for repo,workflow...
2024-11-19 20:07:58.875 [info] Getting sessions for repo,workflow...
2024-11-19 20:07:58.875 [info] Got 1 sessions for repo,workflow...
