Setting up watches.  Beware: since -r was given, this may take a while!
Watches established.
Setting up watches.  Beware: since -r was given, this may take a while!
Watches established.
Sat Dec 21 11:38:29 AM IST 2024: Change detected: ./dotfiles/.config/hypr/hyprland.conf
Sat Dec 21 11:38:30 AM IST 2024: Change detected: ./dotfiles/.config/hypr/hyprland.conf
Sat Dec 21 11:38:31 AM IST 2024: Change detected: ./dotfiles/.config/hypr/hyprland.conf
Sat Dec 21 11:38:31 AM IST 2024: Change detected: ./dotfiles/.config/hypr/hyprland.conf
Sat Dec 21 11:38:38 AM IST 2024: Change detected: ./dotfiles/.config/hypr/hyprland.conf
Sat Dec 21 11:38:38 AM IST 2024: Change detected: ./dotfiles/.config/hypr/hyprland.conf
Sat Dec 21 11:38:42 AM IST 2024: Change detected: ./dotfiles/.config/hypr/hyprland.conf
Sat Dec 21 11:38:42 AM IST 2024: Change detected: ./dotfiles/.config/hypr/hyprland.conf
Sat Dec 21 11:38:46 AM IST 2024: Change detected: ./dotfiles/.config/hypr/hyprland.conf
Sat Dec 21 11:38:46 AM IST 2024: Change detected: ./dotfiles/.config/hypr/hyprland.conf
Sat Dec 21 11:39:00 AM IST 2024: Change detected: ./dotfiles/.config/hypr/hyprland.conf
Sat Dec 21 11:39:00 AM IST 2024: Change detected: ./dotfiles/.config/hypr/hyprland.conf
Sat Dec 21 11:39:04 AM IST 2024: Change detected: ./dotfiles/.config/hypr/hyprland.conf
Sat Dec 21 11:39:04 AM IST 2024: Change detected: ./dotfiles/.config/hypr/hyprland.conf
Sat Dec 21 11:39:13 AM IST 2024: Change detected: ./dotfiles/.config/hypr/hyprland.conf
Sat Dec 21 11:39:13 AM IST 2024: Change detected: ./dotfiles/.config/hypr/hyprland.conf
Sat Dec 21 11:39:15 AM IST 2024: Change detected: ./dotfiles/.config/hypr/hyprland.conf
Sat Dec 21 11:39:15 AM IST 2024: Change detected: ./dotfiles/.config/hypr/hyprland.conf
Sat Dec 21 11:39:20 AM IST 2024: Change detected: ./dotfiles/.config/hypr/hyprland.conf
Sat Dec 21 11:39:20 AM IST 2024: Change detected: ./dotfiles/.config/hypr/hyprland.conf
Sat Dec 21 11:39:25 AM IST 2024: Change detected: ./dotfiles/.config/hypr/hyprland.conf
Sat Dec 21 11:39:25 AM IST 2024: Change detected: ./dotfiles/.config/hypr/hyprland.conf
Sat Dec 21 11:39:30 AM IST 2024: Change detected: ./dotfiles/.config/hypr/hyprland.conf
Sat Dec 21 11:39:30 AM IST 2024: Change detected: ./dotfiles/.config/hypr/hyprland.conf
Sat Dec 21 11:39:34 AM IST 2024: Change detected: ./dotfiles/.config/hypr/hyprland.conf
Sat Dec 21 11:39:34 AM IST 2024: Change detected: ./dotfiles/.config/hypr/hyprland.conf
Sat Dec 21 11:39:38 AM IST 2024: Change detected: ./dotfiles/.config/hypr/hyprland.conf
Sat Dec 21 11:39:39 AM IST 2024: Change detected: ./dotfiles/.config/hypr/hyprland.conf
Sat Dec 21 11:39:41 AM IST 2024: Change detected: ./dotfiles/.config/hypr/hyprland.conf
Sat Dec 21 11:39:41 AM IST 2024: Change detected: ./dotfiles/.config/hypr/hyprland.conf
Sat Dec 21 11:39:44 AM IST 2024: Change detected: ./dotfiles/.config/hypr/hyprland.conf
Sat Dec 21 11:39:44 AM IST 2024: Change detected: ./dotfiles/.config/hypr/hyprland.conf
Sat Dec 21 11:39:47 AM IST 2024: Change detected: ./dotfiles/.config/hypr/hyprland.conf
Sat Dec 21 11:39:47 AM IST 2024: Change detected: ./dotfiles/.config/hypr/hyprland.conf
Sat Dec 21 11:39:56 AM IST 2024: Change detected: ./dotfiles/.config/hypr/hyprland.conf
Sat Dec 21 11:39:57 AM IST 2024: Change detected: ./dotfiles/.config/hypr/hyprland.conf
Sat Dec 21 11:39:59 AM IST 2024: Change detected: ./dotfiles/.config/hypr/hyprland.conf
Sat Dec 21 11:39:59 AM IST 2024: Change detected: ./dotfiles/.config/hypr/hyprland.conf
Sat Dec 21 11:40:01 AM IST 2024: Change detected: ./dotfiles/.config/hypr/hyprland.conf
Sat Dec 21 11:40:01 AM IST 2024: Change detected: ./dotfiles/.config/hypr/hyprland.conf
Sat Dec 21 11:40:06 AM IST 2024: Change detected: ./dotfiles/.config/hypr/hyprland.conf
Sat Dec 21 11:40:06 AM IST 2024: Change detected: ./dotfiles/.config/hypr/hyprland.conf
Sat Dec 21 11:40:09 AM IST 2024: Change detected: ./dotfiles/.config/hypr/hyprland.conf
Sat Dec 21 11:40:09 AM IST 2024: Change detected: ./dotfiles/.config/hypr/hyprland.conf
Sat Dec 21 11:40:11 AM IST 2024: Change detected: ./dotfiles/.config/hypr/hyprland.conf
Sat Dec 21 11:40:11 AM IST 2024: Change detected: ./dotfiles/.config/hypr/hyprland.conf
Sat Dec 21 11:40:15 AM IST 2024: Change detected: ./dotfiles/.config/hypr/hyprland.conf
Sat Dec 21 11:40:15 AM IST 2024: Change detected: ./dotfiles/.config/hypr/hyprland.conf
Sat Dec 21 11:40:18 AM IST 2024: Change detected: ./dotfiles/.config/hypr/hyprland.conf
Sat Dec 21 11:40:18 AM IST 2024: Change detected: ./dotfiles/.config/hypr/hyprland.conf
Sat Dec 21 11:40:24 AM IST 2024: Change detected: ./dotfiles/.config/hypr/hyprland.conf
Sat Dec 21 11:40:25 AM IST 2024: Change detected: ./dotfiles/.config/hypr/hyprland.conf
Sat Dec 21 11:40:37 AM IST 2024: Change detected: ./dotfiles/.config/hypr/hyprland.conf
Sat Dec 21 11:40:38 AM IST 2024: Change detected: ./dotfiles/.config/hypr/hyprland.conf
Sat Dec 21 11:40:42 AM IST 2024: Change detected: ./dotfiles/.config/hypr/hyprland.conf
Sat Dec 21 11:40:42 AM IST 2024: Change detected: ./dotfiles/.config/hypr/hyprland.conf
Sat Dec 21 11:40:50 AM IST 2024: Change detected: ./dotfiles/.config/hypr/hyprland.conf
Sat Dec 21 11:40:51 AM IST 2024: Change detected: ./dotfiles/.config/hypr/hyprland.conf
Sat Dec 21 11:40:54 AM IST 2024: Change detected: ./dotfiles/.config/hypr/hyprland.conf
Sat Dec 21 11:40:54 AM IST 2024: Change detected: ./dotfiles/.config/hypr/hyprland.conf
Sat Dec 21 11:40:57 AM IST 2024: Change detected: ./dotfiles/.config/hypr/hyprland.conf
Sat Dec 21 11:40:57 AM IST 2024: Change detected: ./dotfiles/.config/hypr/hyprland.conf
Sat Dec 21 11:41:02 AM IST 2024: Change detected: ./dotfiles/.config/hypr/hyprland.conf
Sat Dec 21 11:41:06 AM IST 2024: Change detected: ./dotfiles/.config/hypr/hyprland.conf
Sat Dec 21 11:41:06 AM IST 2024: Change detected: ./dotfiles/.config/hypr/hyprland.conf
Sat Dec 21 11:41:08 AM IST 2024: Change detected: ./dotfiles/.config/hypr/hyprland.conf
Sat Dec 21 11:41:08 AM IST 2024: Change detected: ./dotfiles/.config/hypr/hyprland.conf
Sat Dec 21 11:41:12 AM IST 2024: Change detected: ./dotfiles/.config/hypr/hyprland.conf
Sat Dec 21 11:41:12 AM IST 2024: Change detected: ./dotfiles/.config/hypr/hyprland.conf
Sat Dec 21 11:41:14 AM IST 2024: Change detected: ./dotfiles/.config/hypr/hyprland.conf
Sat Dec 21 11:41:14 AM IST 2024: Change detected: ./dotfiles/.config/hypr/hyprland.conf
Sat Dec 21 11:41:23 AM IST 2024: Change detected: ./dotfiles/.config/hypr/hyprland.conf
Sat Dec 21 11:41:23 AM IST 2024: Change detected: ./dotfiles/.config/hypr/hyprland.conf
Sat Dec 21 11:41:41 AM IST 2024: Change detected: ./dotfiles/.config/hypr/hyprland.conf
Sat Dec 21 11:41:41 AM IST 2024: Change detected: ./dotfiles/.config/hypr/hyprland.conf
Sat Dec 21 11:41:55 AM IST 2024: Change detected: ./dotfiles/.config/hypr/hyprland.conf
Sat Dec 21 11:41:55 AM IST 2024: Change detected: ./dotfiles/.config/hypr/hyprland.conf
Sat Dec 21 11:45:34 AM IST 2024: Change detected: ./dotfiles/.config/dunst/dunst.conf
Sat Dec 21 11:45:49 AM IST 2024: Change detected: ./dotfiles/.config/dunst/dunstrc
Sat Dec 21 11:46:24 AM IST 2024: Change detected: ./dotfiles/.config/dunst/dunstrc
Sat Dec 21 11:46:24 AM IST 2024: Change detected: ./dotfiles/.config/dunst/dunstrc
Sat Dec 21 11:47:07 AM IST 2024: Change detected: ./dotfiles/.config/dunst/dunstrc
Sat Dec 21 11:47:08 AM IST 2024: Change detected: ./dotfiles/.config/dunst/dunstrc
Sat Dec 21 11:47:12 AM IST 2024: Change detected: ./dotfiles/.config/dunst/style.css
Sat Dec 21 11:47:43 AM IST 2024: Change detected: ./dotfiles/.config/dunst/dunstrc
Sat Dec 21 11:47:43 AM IST 2024: Change detected: ./dotfiles/.config/dunst/dunstrc
Sat Dec 21 11:47:58 AM IST 2024: Change detected: ./dotfiles/.config/dunst/dunstrc
Sat Dec 21 11:47:58 AM IST 2024: Change detected: ./dotfiles/.config/dunst/dunstrc
Sat Dec 21 11:49:11 AM IST 2024: Change detected: ./dotfiles/.config/dunst/dunstrc
Sat Dec 21 11:49:11 AM IST 2024: Change detected: ./dotfiles/.config/dunst/dunstrc
Sat Dec 21 11:49:17 AM IST 2024: Change detected: ./dotfiles/.config/dunst/dunstrc
Sat Dec 21 11:49:17 AM IST 2024: Change detected: ./dotfiles/.config/dunst/dunstrc
Sat Dec 21 11:49:20 AM IST 2024: Change detected: ./dotfiles/.config/dunst/dunstrc
Sat Dec 21 11:49:20 AM IST 2024: Change detected: ./dotfiles/.config/dunst/dunstrc
Sat Dec 21 11:49:24 AM IST 2024: Change detected: ./dotfiles/.config/dunst/dunstrc
Sat Dec 21 11:49:24 AM IST 2024: Change detected: ./dotfiles/.config/dunst/dunstrc
Sat Dec 21 11:50:18 AM IST 2024: Change detected: ./dotfiles/.config/dunst/dunstrc
Sat Dec 21 11:50:19 AM IST 2024: Change detected: ./dotfiles/.config/dunst/dunstrc
Sat Dec 21 11:53:32 AM IST 2024: Change detected: ./dotfiles/.config/dunst/dunstrc
Sat Dec 21 11:53:32 AM IST 2024: Change detected: ./dotfiles/.config/dunst/dunstrc
Sat Dec 21 11:54:21 AM IST 2024: Change detected: ./dotfiles/.config/dunst/dunstrc
Sat Dec 21 11:54:22 AM IST 2024: Change detected: ./dotfiles/.config/dunst/dunstrc
Sat Dec 21 11:54:47 AM IST 2024: Change detected: ./dotfiles/.config/dunst/dunstrc
Sat Dec 21 11:54:47 AM IST 2024: Change detected: ./dotfiles/.config/dunst/dunstrc
Sat Dec 21 11:55:51 AM IST 2024: Change detected: ./dotfiles/.config/dunst/dunstrc
Sat Dec 21 11:55:51 AM IST 2024: Change detected: ./dotfiles/.config/dunst/dunstrc
Sat Dec 21 11:56:16 AM IST 2024: Change detected: ./dotfiles/.config/dunst/dunstrc
Sat Dec 21 11:56:47 AM IST 2024: Change detected: ./dotfiles/.config/dunst/dunstrc
Sat Dec 21 11:56:47 AM IST 2024: Change detected: ./dotfiles/.config/dunst/dunstrc
Sat Dec 21 11:56:52 AM IST 2024: Change detected: ./dotfiles/.config/dunst/dunstrc
Sat Dec 21 11:56:52 AM IST 2024: Change detected: ./dotfiles/.config/dunst/dunstrc
Sat Dec 21 11:57:06 AM IST 2024: Change detected: ./dotfiles/.config/dunst/dunstrc
Sat Dec 21 11:57:06 AM IST 2024: Change detected: ./dotfiles/.config/dunst/dunstrc
Sat Dec 21 11:57:17 AM IST 2024: Change detected: ./dotfiles/.config/dunst/dunstrc
Sat Dec 21 11:57:17 AM IST 2024: Change detected: ./dotfiles/.config/dunst/dunstrc
Sat Dec 21 11:57:37 AM IST 2024: Change detected: ./dotfiles/.config/dunst/dunstrc
Sat Dec 21 11:57:37 AM IST 2024: Change detected: ./dotfiles/.config/dunst/dunstrc
Sat Dec 21 11:57:55 AM IST 2024: Change detected: ./dotfiles/.config/dunst/dunstrc
Sat Dec 21 11:57:55 AM IST 2024: Change detected: ./dotfiles/.config/dunst/dunstrc
Sat Dec 21 11:57:57 AM IST 2024: Change detected: ./dotfiles/.config/dunst/dunstrc
Sat Dec 21 11:57:57 AM IST 2024: Change detected: ./dotfiles/.config/dunst/dunstrc
Sat Dec 21 11:58:09 AM IST 2024: Change detected: ./dotfiles/.config/dunst/dunstrc
Sat Dec 21 11:58:09 AM IST 2024: Change detected: ./dotfiles/.config/dunst/dunstrc
Sat Dec 21 11:58:43 AM IST 2024: Change detected: ./dotfiles/.config/dunst/dunstrc
Sat Dec 21 11:58:43 AM IST 2024: Change detected: ./dotfiles/.config/dunst/dunstrc
Sat Dec 21 11:58:44 AM IST 2024: Change detected: ./dotfiles/.config/dunst/dunstrc
Sat Dec 21 11:58:44 AM IST 2024: Change detected: ./dotfiles/.config/dunst/dunstrc
Sat Dec 21 11:58:48 AM IST 2024: Change detected: ./dotfiles/.config/dunst/dunstrc
Sat Dec 21 11:58:48 AM IST 2024: Change detected: ./dotfiles/.config/dunst/dunstrc
Sat Dec 21 11:59:01 AM IST 2024: Change detected: ./dotfiles/.config/dunst/dunstrc
Sat Dec 21 11:59:01 AM IST 2024: Change detected: ./dotfiles/.config/dunst/dunstrc
Sat Dec 21 11:59:11 AM IST 2024: Change detected: ./dotfiles/.config/dunst/dunstrc
Sat Dec 21 11:59:11 AM IST 2024: Change detected: ./dotfiles/.config/dunst/dunstrc
Sat Dec 21 12:00:04 PM IST 2024: Change detected: ./dotfiles/.config/dunst/dunstrc
Sat Dec 21 12:00:04 PM IST 2024: Change detected: ./dotfiles/.config/dunst/dunstrc
Sat Dec 21 12:02:31 PM IST 2024: Change detected: ./dotfiles/.config/dunst/dunstrc
Sat Dec 21 12:02:31 PM IST 2024: Change detected: ./dotfiles/.config/dunst/dunstrc
Sat Dec 21 12:02:45 PM IST 2024: Change detected: ./dotfiles/.config/dunst/dunstrc
Sat Dec 21 12:02:46 PM IST 2024: Change detected: ./dotfiles/.config/dunst/dunstrc
Sat Dec 21 12:04:54 PM IST 2024: Change detected: ./dotfiles/.config/dunst/dunstrc
Sat Dec 21 12:04:54 PM IST 2024: Change detected: ./dotfiles/.config/dunst/dunstrc
Sat Dec 21 12:06:12 PM IST 2024: Change detected: ./dotfiles/.config/dunst/dunstrc
Sat Dec 21 12:06:12 PM IST 2024: Change detected: ./dotfiles/.config/dunst/dunstrc
Sat Dec 21 12:06:13 PM IST 2024: Change detected: ./dotfiles/.config/dunst/dunstrc
Sat Dec 21 12:06:13 PM IST 2024: Change detected: ./dotfiles/.config/dunst/dunstrc
