2024-11-19 19:08:58.483 [info] [main] Log level: Info
2024-11-19 19:08:58.483 [info] [main] Validating found git in: "git"
2024-11-19 19:08:58.483 [info] [main] Using git "2.47.0" from "git"
2024-11-19 19:08:58.483 [info] [Model][doInitialScan] Initial repository scan started
2024-11-19 19:08:58.483 [info] [Model][doInitialScan] Initial repository scan completed - repositories (0), closed repositories (0), parent repositories (0), unsafe repositories (0)
2024-11-19 19:09:21.210 [info] [main] Log level: Info
2024-11-19 19:09:21.211 [info] [main] Validating found git in: "git"
2024-11-19 19:09:21.211 [info] [main] Using git "2.47.0" from "git"
2024-11-19 19:09:21.211 [info] [Model][doInitialScan] Initial repository scan started
2024-11-19 19:09:21.211 [info] > git rev-parse --show-toplevel [12ms]
2024-11-19 19:09:21.236 [info] > git rev-parse --show-toplevel [6ms]
2024-11-19 19:09:21.312 [info] > git rev-parse --show-toplevel [7ms]
2024-11-19 19:09:21.376 [info] > git rev-parse --show-toplevel [18ms]
2024-11-19 19:09:21.428 [info] > git rev-parse --show-toplevel [7ms]
2024-11-19 19:09:21.453 [info] > git rev-parse --show-toplevel [4ms]
2024-11-19 19:09:22.946 [info] > git rev-parse --show-toplevel [1473ms]
2024-11-19 19:09:24.460 [info] > git rev-parse --show-toplevel [295ms]
2024-11-19 19:09:24.786 [info] > git rev-parse --show-toplevel [59ms]
2024-11-19 19:09:24.851 [info] > git rev-parse --show-toplevel [8ms]
2024-11-19 19:09:24.896 [info] > git rev-parse --show-toplevel [11ms]
2024-11-19 19:09:25.064 [info] > git rev-parse --show-toplevel [134ms]
2024-11-19 19:09:25.096 [info] > git rev-parse --show-toplevel [1ms]
2024-11-19 19:09:25.127 [info] > git rev-parse --show-toplevel [10ms]
2024-11-19 19:09:25.148 [info] > git rev-parse --show-toplevel [8ms]
2024-11-19 19:09:25.246 [info] > git rev-parse --show-toplevel [84ms]
2024-11-19 19:09:25.324 [info] > git rev-parse --show-toplevel [17ms]
2024-11-19 19:09:25.359 [info] > git rev-parse --show-toplevel [1ms]
2024-11-19 19:09:25.402 [info] > git rev-parse --show-toplevel [0ms]
2024-11-19 19:09:25.427 [info] > git rev-parse --show-toplevel [7ms]
2024-11-19 19:09:25.446 [info] > git rev-parse --show-toplevel [2ms]
2024-11-19 19:09:25.467 [info] > git rev-parse --show-toplevel [2ms]
2024-11-19 19:09:25.493 [info] > git rev-parse --show-toplevel [3ms]
2024-11-19 19:09:25.509 [info] > git rev-parse --show-toplevel [2ms]
2024-11-19 19:09:25.528 [info] > git rev-parse --show-toplevel [6ms]
2024-11-19 19:09:25.543 [info] > git rev-parse --show-toplevel [3ms]
2024-11-19 19:09:25.572 [info] > git rev-parse --show-toplevel [16ms]
2024-11-19 19:09:25.589 [info] > git rev-parse --show-toplevel [3ms]
2024-11-19 19:09:25.604 [info] > git rev-parse --show-toplevel [7ms]
2024-11-19 19:09:25.620 [info] > git rev-parse --show-toplevel [6ms]
2024-11-19 19:09:25.638 [info] > git rev-parse --show-toplevel [6ms]
2024-11-19 19:09:25.656 [info] > git rev-parse --show-toplevel [1ms]
2024-11-19 19:09:25.674 [info] > git rev-parse --show-toplevel [2ms]
2024-11-19 19:09:25.697 [info] > git rev-parse --show-toplevel [5ms]
2024-11-19 19:09:25.716 [info] [Model][doInitialScan] Initial repository scan completed - repositories (0), closed repositories (0), parent repositories (1), unsafe repositories (0)
2024-11-19 19:09:25.769 [info] > git rev-parse --show-toplevel [18ms]
2024-11-19 19:09:25.808 [info] > git rev-parse --show-toplevel [18ms]
2024-11-19 19:09:25.820 [info] > git rev-parse --show-toplevel [2ms]
2024-11-19 19:09:25.829 [info] > git rev-parse --show-toplevel [2ms]
2024-11-19 19:09:25.843 [info] > git rev-parse --show-toplevel [1ms]
2024-11-19 19:09:25.855 [info] > git rev-parse --show-toplevel [2ms]
