2024-11-19 14:57:34.049 [info] Started local extension host with pid 1232.
2024-11-19 14:57:36.602 [info] Settings Sync: Updating due to initialize
2024-11-19 14:57:36.602 [info] Settings Sync: Updating authentication providers. Authentication Providers from store: [{"id":"github","scopes":["user:email"]},{"id":"microsoft","scopes":["openid","profile","email","offline_access"]}]
2024-11-19 14:57:36.603 [info] Settings Sync: Authentication providers updated []
2024-11-19 14:57:38.892 [info] Settings Sync: Updating authentication providers. Authentication Providers from store: [{"id":"github","scopes":["user:email"]},{"id":"microsoft","scopes":["openid","profile","email","offline_access"]}]
2024-11-19 14:57:38.893 [info] Settings Sync: Authentication providers updated ["github"]
2024-11-19 14:57:38.893 [info] Settings Sync: Updating authentication providers. Authentication Providers from store: [{"id":"github","scopes":["user:email"]},{"id":"microsoft","scopes":["openid","profile","email","offline_access"]}]
2024-11-19 14:57:38.894 [info] Settings Sync: Authentication providers updated ["github"]
2024-11-19 14:57:38.895 [info] Settings Sync: Updating authentication providers. Authentication Providers from store: [{"id":"github","scopes":["user:email"]},{"id":"microsoft","scopes":["openid","profile","email","offline_access"]}]
2024-11-19 14:57:38.895 [info] Settings Sync: Authentication providers updated ["github","microsoft"]
2024-11-19 14:57:38.896 [info] Settings Sync: Updating authentication providers. Authentication Providers from store: [{"id":"github","scopes":["user:email"]},{"id":"microsoft","scopes":["openid","profile","email","offline_access"]}]
2024-11-19 14:57:38.896 [info] Settings Sync: Authentication providers updated ["github","microsoft"]
2024-11-19 14:57:38.897 [info] Settings Sync: Updating due to declared authentication providers changed
2024-11-19 14:57:38.897 [info] Settings Sync: Updating authentication providers. Authentication Providers from store: [{"id":"github","scopes":["user:email"]},{"id":"microsoft","scopes":["openid","profile","email","offline_access"]}]
2024-11-19 14:57:38.897 [info] Settings Sync: Authentication providers updated ["github","microsoft"]
2024-11-19 14:57:38.897 [info] Settings Sync: Updating due to declared authentication providers changed
2024-11-19 14:57:38.898 [info] Settings Sync: Updating authentication providers. Authentication Providers from store: [{"id":"github","scopes":["user:email"]},{"id":"microsoft","scopes":["openid","profile","email","offline_access"]}]
2024-11-19 14:57:38.898 [info] Settings Sync: Authentication providers updated ["github","microsoft"]
2024-11-19 14:57:39.364 [info] [perf] Render performance baseline is 112ms
2024-11-19 14:57:42.035 [error] [Extension Host] Failed to load message bundle for file /home/aislx/.vscode/extensions/ms-edgedevtools.vscode-edge-devtools-2.1.6/out/extension
2024-11-19 14:57:42.036 [error] [Extension Host] Failed to load message bundle for file /home/aislx/.vscode/extensions/ms-edgedevtools.vscode-edge-devtools-2.1.6/out/extension
2024-11-19 14:57:42.041 [error] [Extension Host] Failed to load message bundle for file /home/aislx/.vscode/extensions/ms-edgedevtools.vscode-edge-devtools-2.1.6/out/extension
2024-11-19 14:57:42.041 [error] [Extension Host] Failed to load message bundle for file /home/aislx/.vscode/extensions/ms-edgedevtools.vscode-edge-devtools-2.1.6/out/extension
2024-11-19 14:57:42.045 [error] [Extension Host] Failed to load message bundle for file /home/aislx/.vscode/extensions/ms-edgedevtools.vscode-edge-devtools-2.1.6/out/extension
2024-11-19 14:57:42.046 [error] [Extension Host] Failed to load message bundle for file /home/aislx/.vscode/extensions/ms-edgedevtools.vscode-edge-devtools-2.1.6/out/extension
2024-11-19 14:57:42.046 [error] [Extension Host] Failed to load message bundle for file /home/aislx/.vscode/extensions/ms-edgedevtools.vscode-edge-devtools-2.1.6/out/extension
2024-11-19 14:57:42.047 [error] [Extension Host] Failed to load message bundle for file /home/aislx/.vscode/extensions/ms-edgedevtools.vscode-edge-devtools-2.1.6/out/extension
2024-11-19 14:57:42.673 [info] Settings Sync: Updating authentication providers. Authentication Providers from store: [{"id":"github","scopes":["user:email"]},{"id":"microsoft","scopes":["openid","profile","email","offline_access"]}]
2024-11-19 14:57:42.674 [info] Settings Sync: Authentication providers updated ["github","microsoft"]
2024-11-19 15:00:24.528 [warning] [backup tracker] suspended, ignoring unregister event file:///run/media/drive2/Developing/flame-launcher/xmcl-electron-app/package.json 
2024-11-19 15:00:24.528 [warning] [backup tracker] suspended, ignoring unregister event file:///run/media/drive2/Developing/flame-launcher/xmcl-runtime/package.json 
2024-11-19 15:00:24.528 [warning] [backup tracker] suspended, ignoring unregister event file:///run/media/drive2/Developing/flame-launcher/xmcl/packages/user/package.json 
2024-11-19 15:00:24.529 [warning] [backup tracker] suspended, ignoring unregister event file:///run/media/drive2/Developing/flame-launcher/xmcl/packages/user-offline-uuid/package.json 
2024-11-19 15:00:24.529 [warning] [backup tracker] suspended, ignoring unregister event file:///run/media/drive2/Developing/flame-launcher/xmcl/packages/text-component/package.json 
2024-11-19 15:00:24.530 [warning] [backup tracker] suspended, ignoring unregister event file:///run/media/drive2/Developing/flame-launcher/xmcl/packages/task/package.json 
2024-11-19 15:00:24.530 [warning] [backup tracker] suspended, ignoring unregister event file:///run/media/drive2/Developing/flame-launcher/xmcl/packages/nbt/package.json 
2024-11-19 15:00:24.531 [warning] [backup tracker] suspended, ignoring unregister event file:///run/media/drive2/Developing/flame-launcher/xmcl/packages/modrinth/package.json 
2024-11-19 15:00:24.531 [warning] [backup tracker] suspended, ignoring unregister event file:///run/media/drive2/Developing/flame-launcher/xmcl/packages/model/package.json 
2024-11-19 15:00:24.532 [warning] [backup tracker] suspended, ignoring unregister event file:///run/media/drive2/Developing/flame-launcher/xmcl/packages/mod-parser/package.json 
2024-11-19 15:00:24.532 [warning] [backup tracker] suspended, ignoring unregister event file:///run/media/drive2/Developing/flame-launcher/xmcl/packages/game-data/package.json 
2024-11-19 15:00:24.532 [warning] [backup tracker] suspended, ignoring unregister event file:///run/media/drive2/Developing/flame-launcher/xmcl/packages/file-transfer/package.json 
2024-11-19 15:00:24.533 [warning] [backup tracker] suspended, ignoring unregister event file:///run/media/drive2/Developing/flame-launcher/xmcl/packages/curseforge/package.json 
2024-11-19 15:00:24.533 [warning] [backup tracker] suspended, ignoring unregister event file:///run/media/drive2/Developing/flame-launcher/xmcl/packages/core/package.json 
2024-11-19 15:00:24.533 [warning] [backup tracker] suspended, ignoring unregister event file:///run/media/drive2/Developing/flame-launcher/xmcl/packages/bytebuffer/package.json 
2024-11-19 15:00:24.534 [warning] [backup tracker] suspended, ignoring unregister event file:///run/media/drive2/Developing/flame-launcher/xmcl/packages/asm/package.json 
2024-11-19 15:00:24.534 [warning] [backup tracker] suspended, ignoring unregister event file:///run/media/drive2/Developing/flame-launcher/xmcl/.github/actions/prepare-pr/package.json 
2024-11-19 15:00:24.534 [warning] [backup tracker] suspended, ignoring unregister event file:///run/media/drive2/Developing/flame-launcher/.github/actions/get-build-number/package.json 
2024-11-19 15:00:24.535 [warning] [backup tracker] suspended, ignoring unregister event untitled:Untitled-1 
