2024-11-19 14:57:33.776 [info] Added views:outline in workbench.view.explorer
2024-11-19 14:57:33.776 [info] Added views:workbench.view.search in workbench.view.search
2024-11-19 14:57:33.776 [info] Added views:workbench.scm in workbench.view.scm
2024-11-19 14:57:33.776 [info] Added views:workbench.panel.markers.view in workbench.panel.markers
2024-11-19 14:57:33.776 [info] Added views:workbench.panel.output in workbench.panel.output
2024-11-19 14:57:33.776 [info] Added views:terminal in workbench.views.service.auxiliarybar.d84ba15d-a1fe-4ad7-bc28-410196716033
2024-11-19 14:57:33.776 [info] Added views:timeline in workbench.view.explorer
2024-11-19 14:57:33.776 [info] Added views:workbench.explorer.openEditorsView in workbench.view.explorer
2024-11-19 14:57:33.776 [info] Added views:workbench.explorer.fileView in workbench.views.service.sidebar.a82ec6f8-b30c-4109-8d7f-7ac32eaa20a6
2024-11-19 14:57:35.433 [info] Added views:workbench.debug.welcome in workbench.view.debug
2024-11-19 14:57:36.186 [info] Added views:gitlens.views.home,gitlens.views.launchpad,gitlens.views.workspaces in workbench.view.extension.gitlens
2024-11-19 14:57:36.187 [info] Added views:gitlens.views.commitDetails,gitlens.views.lineHistory,gitlens.views.fileHistory,gitlens.views.searchAndCompare in workbench.view.extension.gitlensInspect
2024-11-19 14:57:36.188 [info] Added views:gitlens.views.scm.grouped in workbench.view.scm
2024-11-19 14:57:36.193 [info] Added views:vscode-edge-devtools-view.targets,vscode-edge-devtools-view.help-links in workbench.view.extension.vscode-edge-devtools-view
2024-11-19 14:57:36.193 [info] Added views:jsonOutline in workbench.view.extension.json-views
2024-11-19 14:57:36.595 [info] Added views:~remote.forwardedPorts in ~remote.forwardedPortsContainer
2024-11-19 14:57:36.639 [info] Added views:workbench.panel.repl.view in workbench.panel.repl
2024-11-19 14:57:36.653 [info] Removed views:workbench.debug.welcome from workbench.view.debug
2024-11-19 14:57:36.653 [info] Added views:workbench.debug.variablesView,workbench.debug.watchExpressionsView,workbench.debug.callStackView,workbench.debug.breakPointsView in workbench.view.debug
2024-11-19 14:57:41.141 [info] Added views:workbench.panel.comments in workbench.panel.comments
2024-11-19 14:57:41.167 [info] Added views:i18n-ally-locales-sidebar-file,i18n-ally-locales-progress,i18n-ally-locales-tree,i18n-ally-locales-usage,i18n-ally-help-feedback in workbench.view.extension.i18n-ally
2024-11-19 14:57:41.184 [info] Added views:i18n-ally-locales-file-explorer in workbench.view.explorer
2024-11-19 14:57:42.265 [info] Added views:gitlens.views.drafts in workbench.view.extension.gitlens
2024-11-19 14:57:42.725 [info] Added views:gitlens.views.graph,gitlens.views.graphDetails in workbench.view.extension.gitlensPanel
2024-11-19 14:57:42.726 [info] Added views:gitlens.views.timeline in workbench.view.extension.gitlensInspect
2024-11-19 14:57:43.650 [info] Added views:workbench.scm.history in workbench.view.scm
2024-11-19 15:00:24.521 [info] Removed views:workbench.scm.history from workbench.view.scm
