2024-11-19 19:08:58.581 [info] Reading sessions from keychain...
2024-11-19 19:08:58.581 [info] Getting sessions for all scopes...
2024-11-19 19:08:58.581 [info] Getting sessions for all scopes...
2024-11-19 19:08:58.581 [info] Getting sessions for all scopes...
2024-11-19 19:08:58.581 [info] Got stored sessions!
2024-11-19 19:08:58.581 [info] Got 2 verified sessions.
2024-11-19 19:08:58.581 [info] Got 2 sessions for ...
2024-11-19 19:08:58.581 [info] Got 2 sessions for ...
2024-11-19 19:08:58.581 [info] Got 2 sessions for ...
2024-11-19 19:08:58.581 [info] Getting sessions for read:user,repo,user:email...
2024-11-19 19:08:58.581 [info] Got 0 sessions for read:user,repo,user:email...
2024-11-19 19:09:24.843 [info] Reading sessions from keychain...
2024-11-19 19:09:24.843 [info] Getting sessions for all scopes...
2024-11-19 19:09:24.843 [info] Getting sessions for all scopes...
2024-11-19 19:09:24.843 [info] Getting sessions for all scopes...
2024-11-19 19:09:24.843 [info] Got stored sessions!
2024-11-19 19:09:24.843 [info] Got 2 verified sessions.
2024-11-19 19:09:24.843 [info] Got 2 sessions for ...
2024-11-19 19:09:24.843 [info] Got 2 sessions for ...
2024-11-19 19:09:24.843 [info] Got 2 sessions for ...
2024-11-19 19:09:24.843 [info] Getting sessions for read:user,repo,user:email...
2024-11-19 19:09:24.843 [info] Got 0 sessions for read:user,repo,user:email...
