2024-11-18 17:36:44.823 [info] Started local extension host with pid 279456.
2024-11-18 17:36:45.453 [error] [idleberg.icon-fonts]: Unknown language in `contributes.icon-fonts.language`. Provided value: blade
2024-11-18 17:36:45.453 [error] [idleberg.icon-fonts]: Unknown language in `contributes.icon-fonts.language`. Provided value: blade
2024-11-18 17:36:45.453 [error] [idleberg.icon-fonts]: Unknown language in `contributes.icon-fonts.language`. Provided value: blade
2024-11-18 17:36:45.454 [error] [idleberg.icon-fonts]: Unknown language in `contributes.icon-fonts.language`. Provided value: blade
2024-11-18 17:36:45.454 [error] [idleberg.icon-fonts]: Unknown language in `contributes.icon-fonts.language`. Provided value: blade
2024-11-18 17:36:45.454 [error] [idleberg.icon-fonts]: Unknown language in `contributes.icon-fonts.language`. Provided value: blade
2024-11-18 17:36:45.454 [error] [idleberg.icon-fonts]: Unknown language in `contributes.icon-fonts.language`. Provided value: blade
2024-11-18 17:36:45.454 [error] [idleberg.icon-fonts]: Unknown language in `contributes.icon-fonts.language`. Provided value: blade
2024-11-18 17:36:45.455 [error] [idleberg.icon-fonts]: Unknown language in `contributes.icon-fonts.language`. Provided value: blade
2024-11-18 17:36:45.455 [error] [idleberg.icon-fonts]: Unknown language in `contributes.icon-fonts.language`. Provided value: blade
2024-11-18 17:36:45.455 [error] [idleberg.icon-fonts]: Unknown language in `contributes.icon-fonts.language`. Provided value: blade
2024-11-18 17:36:45.455 [error] [idleberg.icon-fonts]: Unknown language in `contributes.icon-fonts.language`. Provided value: blade
2024-11-18 17:36:45.455 [error] [idleberg.icon-fonts]: Unknown language in `contributes.icon-fonts.language`. Provided value: blade
2024-11-18 17:36:45.456 [error] [idleberg.icon-fonts]: Unknown language in `contributes.icon-fonts.language`. Provided value: blade
2024-11-18 17:36:45.456 [error] [idleberg.icon-fonts]: Unknown language in `contributes.icon-fonts.language`. Provided value: blade
2024-11-18 17:36:45.456 [error] [idleberg.icon-fonts]: Unknown language in `contributes.icon-fonts.language`. Provided value: blade
2024-11-18 17:36:45.456 [error] [idleberg.icon-fonts]: Unknown language in `contributes.icon-fonts.language`. Provided value: blade
2024-11-18 17:36:45.457 [error] [idleberg.icon-fonts]: Unknown language in `contributes.icon-fonts.language`. Provided value: blade
2024-11-18 17:36:45.457 [error] [idleberg.icon-fonts]: Unknown language in `contributes.icon-fonts.language`. Provided value: blade
2024-11-18 17:36:45.457 [error] [idleberg.icon-fonts]: Unknown language in `contributes.icon-fonts.language`. Provided value: blade
2024-11-18 17:36:45.458 [error] [idleberg.icon-fonts]: Unknown language in `contributes.icon-fonts.language`. Provided value: blade
2024-11-18 17:36:45.458 [error] [idleberg.icon-fonts]: Unknown language in `contributes.icon-fonts.language`. Provided value: blade
2024-11-18 17:36:45.458 [error] [idleberg.icon-fonts]: Unknown language in `contributes.icon-fonts.language`. Provided value: blade
2024-11-18 17:36:45.458 [error] [idleberg.icon-fonts]: Unknown language in `contributes.icon-fonts.language`. Provided value: blade
2024-11-18 17:36:45.458 [error] [idleberg.icon-fonts]: Unknown language in `contributes.icon-fonts.language`. Provided value: blade
2024-11-18 17:36:45.459 [error] [idleberg.icon-fonts]: Unknown language in `contributes.icon-fonts.language`. Provided value: blade
2024-11-18 17:36:45.459 [error] [idleberg.icon-fonts]: Unknown language in `contributes.icon-fonts.language`. Provided value: blade
2024-11-18 17:36:45.459 [error] [idleberg.icon-fonts]: Unknown language in `contributes.icon-fonts.language`. Provided value: vue-html
2024-11-18 17:36:45.459 [error] [idleberg.icon-fonts]: Unknown language in `contributes.icon-fonts.language`. Provided value: vue-html
2024-11-18 17:36:45.459 [error] [idleberg.icon-fonts]: Unknown language in `contributes.icon-fonts.language`. Provided value: vue-html
2024-11-18 17:36:45.460 [error] [idleberg.icon-fonts]: Unknown language in `contributes.icon-fonts.language`. Provided value: vue-html
2024-11-18 17:36:45.460 [error] [idleberg.icon-fonts]: Unknown language in `contributes.icon-fonts.language`. Provided value: vue-html
2024-11-18 17:36:45.464 [error] [idleberg.icon-fonts]: Unknown language in `contributes.icon-fonts.language`. Provided value: vue-html
2024-11-18 17:36:45.464 [error] [idleberg.icon-fonts]: Unknown language in `contributes.icon-fonts.language`. Provided value: vue-html
2024-11-18 17:36:45.464 [error] [idleberg.icon-fonts]: Unknown language in `contributes.icon-fonts.language`. Provided value: vue-html
2024-11-18 17:36:45.464 [error] [idleberg.icon-fonts]: Unknown language in `contributes.icon-fonts.language`. Provided value: vue-html
2024-11-18 17:36:45.464 [error] [idleberg.icon-fonts]: Unknown language in `contributes.icon-fonts.language`. Provided value: vue-html
2024-11-18 17:36:45.465 [error] [idleberg.icon-fonts]: Unknown language in `contributes.icon-fonts.language`. Provided value: vue-html
2024-11-18 17:36:45.465 [error] [idleberg.icon-fonts]: Unknown language in `contributes.icon-fonts.language`. Provided value: vue-html
2024-11-18 17:36:45.465 [error] [idleberg.icon-fonts]: Unknown language in `contributes.icon-fonts.language`. Provided value: vue-html
2024-11-18 17:36:45.465 [error] [idleberg.icon-fonts]: Unknown language in `contributes.icon-fonts.language`. Provided value: vue-html
2024-11-18 17:36:45.466 [error] [idleberg.icon-fonts]: Unknown language in `contributes.icon-fonts.language`. Provided value: vue-html
2024-11-18 17:36:45.466 [error] [idleberg.icon-fonts]: Unknown language in `contributes.icon-fonts.language`. Provided value: vue-html
2024-11-18 17:36:45.466 [error] [idleberg.icon-fonts]: Unknown language in `contributes.icon-fonts.language`. Provided value: vue-html
2024-11-18 17:36:45.466 [error] [idleberg.icon-fonts]: Unknown language in `contributes.icon-fonts.language`. Provided value: vue-html
2024-11-18 17:36:45.478 [error] [idleberg.icon-fonts]: Unknown language in `contributes.icon-fonts.language`. Provided value: vue-html
2024-11-18 17:36:45.479 [error] [idleberg.icon-fonts]: Unknown language in `contributes.icon-fonts.language`. Provided value: vue-html
2024-11-18 17:36:45.479 [error] [idleberg.icon-fonts]: Unknown language in `contributes.icon-fonts.language`. Provided value: vue-html
2024-11-18 17:36:45.479 [error] [idleberg.icon-fonts]: Unknown language in `contributes.icon-fonts.language`. Provided value: vue-html
2024-11-18 17:36:45.479 [error] [idleberg.icon-fonts]: Unknown language in `contributes.icon-fonts.language`. Provided value: vue-html
2024-11-18 17:36:45.480 [error] [idleberg.icon-fonts]: Unknown language in `contributes.icon-fonts.language`. Provided value: vue-html
2024-11-18 17:36:45.480 [error] [idleberg.icon-fonts]: Unknown language in `contributes.icon-fonts.language`. Provided value: vue-html
2024-11-18 17:36:45.480 [error] [idleberg.icon-fonts]: Unknown language in `contributes.icon-fonts.language`. Provided value: vue-html
2024-11-18 17:36:45.480 [error] [idleberg.icon-fonts]: Unknown language in `contributes.icon-fonts.language`. Provided value: vue-html
2024-11-18 17:36:45.481 [error] [idleberg.icon-fonts]: Unknown language in `contributes.icon-fonts.language`. Provided value: svelte
2024-11-18 17:36:45.481 [error] [idleberg.icon-fonts]: Unknown language in `contributes.icon-fonts.language`. Provided value: svelte
2024-11-18 17:36:45.481 [error] [idleberg.icon-fonts]: Unknown language in `contributes.icon-fonts.language`. Provided value: svelte
2024-11-18 17:36:45.482 [error] [idleberg.icon-fonts]: Unknown language in `contributes.icon-fonts.language`. Provided value: svelte
2024-11-18 17:36:45.482 [error] [idleberg.icon-fonts]: Unknown language in `contributes.icon-fonts.language`. Provided value: svelte
2024-11-18 17:36:45.482 [error] [idleberg.icon-fonts]: Unknown language in `contributes.icon-fonts.language`. Provided value: svelte
2024-11-18 17:36:45.482 [error] [idleberg.icon-fonts]: Unknown language in `contributes.icon-fonts.language`. Provided value: svelte
2024-11-18 17:36:45.486 [error] [idleberg.icon-fonts]: Unknown language in `contributes.icon-fonts.language`. Provided value: svelte
2024-11-18 17:36:45.486 [error] [idleberg.icon-fonts]: Unknown language in `contributes.icon-fonts.language`. Provided value: svelte
2024-11-18 17:36:45.486 [error] [idleberg.icon-fonts]: Unknown language in `contributes.icon-fonts.language`. Provided value: svelte
2024-11-18 17:36:45.490 [error] [idleberg.icon-fonts]: Unknown language in `contributes.icon-fonts.language`. Provided value: svelte
2024-11-18 17:36:45.491 [error] [idleberg.icon-fonts]: Unknown language in `contributes.icon-fonts.language`. Provided value: svelte
2024-11-18 17:36:45.491 [error] [idleberg.icon-fonts]: Unknown language in `contributes.icon-fonts.language`. Provided value: svelte
2024-11-18 17:36:45.491 [error] [idleberg.icon-fonts]: Unknown language in `contributes.icon-fonts.language`. Provided value: svelte
2024-11-18 17:36:45.491 [error] [idleberg.icon-fonts]: Unknown language in `contributes.icon-fonts.language`. Provided value: svelte
2024-11-18 17:36:45.491 [error] [idleberg.icon-fonts]: Unknown language in `contributes.icon-fonts.language`. Provided value: svelte
2024-11-18 17:36:45.492 [error] [idleberg.icon-fonts]: Unknown language in `contributes.icon-fonts.language`. Provided value: svelte
2024-11-18 17:36:45.492 [error] [idleberg.icon-fonts]: Unknown language in `contributes.icon-fonts.language`. Provided value: svelte
2024-11-18 17:36:45.492 [error] [idleberg.icon-fonts]: Unknown language in `contributes.icon-fonts.language`. Provided value: svelte
2024-11-18 17:36:45.492 [error] [idleberg.icon-fonts]: Unknown language in `contributes.icon-fonts.language`. Provided value: svelte
2024-11-18 17:36:45.492 [error] [idleberg.icon-fonts]: Unknown language in `contributes.icon-fonts.language`. Provided value: svelte
2024-11-18 17:36:45.493 [error] [idleberg.icon-fonts]: Unknown language in `contributes.icon-fonts.language`. Provided value: svelte
2024-11-18 17:36:45.493 [error] [idleberg.icon-fonts]: Unknown language in `contributes.icon-fonts.language`. Provided value: svelte
2024-11-18 17:36:45.493 [error] [idleberg.icon-fonts]: Unknown language in `contributes.icon-fonts.language`. Provided value: svelte
2024-11-18 17:36:45.493 [error] [idleberg.icon-fonts]: Unknown language in `contributes.icon-fonts.language`. Provided value: svelte
2024-11-18 17:36:45.497 [error] [idleberg.icon-fonts]: Unknown language in `contributes.icon-fonts.language`. Provided value: svelte
2024-11-18 17:36:45.497 [error] [idleberg.icon-fonts]: Unknown language in `contributes.icon-fonts.language`. Provided value: svelte
2024-11-18 17:36:45.498 [error] [idleberg.icon-fonts-legacy]: Unknown language in `contributes.icon-fonts-legacy.language`. Provided value: blade
2024-11-18 17:36:45.500 [error] [idleberg.icon-fonts-legacy]: Unknown language in `contributes.icon-fonts-legacy.language`. Provided value: blade
2024-11-18 17:36:45.500 [error] [idleberg.icon-fonts-legacy]: Unknown language in `contributes.icon-fonts-legacy.language`. Provided value: blade
2024-11-18 17:36:45.501 [error] [idleberg.icon-fonts-legacy]: Unknown language in `contributes.icon-fonts-legacy.language`. Provided value: blade
2024-11-18 17:36:45.501 [error] [idleberg.icon-fonts-legacy]: Unknown language in `contributes.icon-fonts-legacy.language`. Provided value: blade
2024-11-18 17:36:45.501 [error] [idleberg.icon-fonts-legacy]: Unknown language in `contributes.icon-fonts-legacy.language`. Provided value: blade
2024-11-18 17:36:45.501 [error] [idleberg.icon-fonts-legacy]: Unknown language in `contributes.icon-fonts-legacy.language`. Provided value: blade
2024-11-18 17:36:45.501 [error] [idleberg.icon-fonts-legacy]: Unknown language in `contributes.icon-fonts-legacy.language`. Provided value: blade
2024-11-18 17:36:45.502 [error] [idleberg.icon-fonts-legacy]: Unknown language in `contributes.icon-fonts-legacy.language`. Provided value: blade
2024-11-18 17:36:45.502 [error] [idleberg.icon-fonts-legacy]: Unknown language in `contributes.icon-fonts-legacy.language`. Provided value: blade
2024-11-18 17:36:45.502 [error] [idleberg.icon-fonts-legacy]: Unknown language in `contributes.icon-fonts-legacy.language`. Provided value: blade
2024-11-18 17:36:45.502 [error] [idleberg.icon-fonts-legacy]: Unknown language in `contributes.icon-fonts-legacy.language`. Provided value: blade
2024-11-18 17:36:45.502 [error] [idleberg.icon-fonts-legacy]: Unknown language in `contributes.icon-fonts-legacy.language`. Provided value: blade
2024-11-18 17:36:45.503 [error] [idleberg.icon-fonts-legacy]: Unknown language in `contributes.icon-fonts-legacy.language`. Provided value: blade
2024-11-18 17:36:45.503 [error] [idleberg.icon-fonts-legacy]: Unknown language in `contributes.icon-fonts-legacy.language`. Provided value: blade
2024-11-18 17:36:45.503 [error] [idleberg.icon-fonts-legacy]: Unknown language in `contributes.icon-fonts-legacy.language`. Provided value: vue-html
2024-11-18 17:36:45.503 [error] [idleberg.icon-fonts-legacy]: Unknown language in `contributes.icon-fonts-legacy.language`. Provided value: vue-html
2024-11-18 17:36:45.505 [error] [idleberg.icon-fonts-legacy]: Unknown language in `contributes.icon-fonts-legacy.language`. Provided value: vue-html
2024-11-18 17:36:45.505 [error] [idleberg.icon-fonts-legacy]: Unknown language in `contributes.icon-fonts-legacy.language`. Provided value: vue-html
2024-11-18 17:36:45.507 [error] [idleberg.icon-fonts-legacy]: Unknown language in `contributes.icon-fonts-legacy.language`. Provided value: vue-html
2024-11-18 17:36:45.508 [error] [idleberg.icon-fonts-legacy]: Unknown language in `contributes.icon-fonts-legacy.language`. Provided value: vue-html
2024-11-18 17:36:45.508 [error] [idleberg.icon-fonts-legacy]: Unknown language in `contributes.icon-fonts-legacy.language`. Provided value: vue-html
2024-11-18 17:36:45.508 [error] [idleberg.icon-fonts-legacy]: Unknown language in `contributes.icon-fonts-legacy.language`. Provided value: vue-html
2024-11-18 17:36:45.508 [error] [idleberg.icon-fonts-legacy]: Unknown language in `contributes.icon-fonts-legacy.language`. Provided value: vue-html
2024-11-18 17:36:45.509 [error] [idleberg.icon-fonts-legacy]: Unknown language in `contributes.icon-fonts-legacy.language`. Provided value: vue-html
2024-11-18 17:36:45.509 [error] [idleberg.icon-fonts-legacy]: Unknown language in `contributes.icon-fonts-legacy.language`. Provided value: vue-html
2024-11-18 17:36:45.510 [error] [idleberg.icon-fonts-legacy]: Unknown language in `contributes.icon-fonts-legacy.language`. Provided value: vue-html
2024-11-18 17:36:45.510 [error] [idleberg.icon-fonts-legacy]: Unknown language in `contributes.icon-fonts-legacy.language`. Provided value: vue-html
2024-11-18 17:36:45.510 [error] [idleberg.icon-fonts-legacy]: Unknown language in `contributes.icon-fonts-legacy.language`. Provided value: vue-html
2024-11-18 17:36:45.510 [error] [idleberg.icon-fonts-legacy]: Unknown language in `contributes.icon-fonts-legacy.language`. Provided value: vue-html
2024-11-18 17:36:45.511 [error] [idleberg.icon-fonts-legacy]: Unknown language in `contributes.icon-fonts-legacy.language`. Provided value: vue-html
2024-11-18 17:36:45.511 [error] [idleberg.icon-fonts-legacy]: Unknown language in `contributes.icon-fonts-legacy.language`. Provided value: svelte
2024-11-18 17:36:45.511 [error] [idleberg.icon-fonts-legacy]: Unknown language in `contributes.icon-fonts-legacy.language`. Provided value: svelte
2024-11-18 17:36:45.512 [error] [idleberg.icon-fonts-legacy]: Unknown language in `contributes.icon-fonts-legacy.language`. Provided value: svelte
2024-11-18 17:36:45.512 [error] [idleberg.icon-fonts-legacy]: Unknown language in `contributes.icon-fonts-legacy.language`. Provided value: svelte
2024-11-18 17:36:45.512 [error] [idleberg.icon-fonts-legacy]: Unknown language in `contributes.icon-fonts-legacy.language`. Provided value: svelte
2024-11-18 17:36:45.512 [error] [idleberg.icon-fonts-legacy]: Unknown language in `contributes.icon-fonts-legacy.language`. Provided value: svelte
2024-11-18 17:36:45.513 [error] [idleberg.icon-fonts-legacy]: Unknown language in `contributes.icon-fonts-legacy.language`. Provided value: svelte
2024-11-18 17:36:45.513 [error] [idleberg.icon-fonts-legacy]: Unknown language in `contributes.icon-fonts-legacy.language`. Provided value: svelte
2024-11-18 17:36:45.514 [error] [idleberg.icon-fonts-legacy]: Unknown language in `contributes.icon-fonts-legacy.language`. Provided value: svelte
2024-11-18 17:36:45.514 [error] [idleberg.icon-fonts-legacy]: Unknown language in `contributes.icon-fonts-legacy.language`. Provided value: svelte
2024-11-18 17:36:45.514 [error] [idleberg.icon-fonts-legacy]: Unknown language in `contributes.icon-fonts-legacy.language`. Provided value: svelte
2024-11-18 17:36:45.514 [error] [idleberg.icon-fonts-legacy]: Unknown language in `contributes.icon-fonts-legacy.language`. Provided value: svelte
2024-11-18 17:36:45.515 [error] [idleberg.icon-fonts-legacy]: Unknown language in `contributes.icon-fonts-legacy.language`. Provided value: svelte
2024-11-18 17:36:45.515 [error] [idleberg.icon-fonts-legacy]: Unknown language in `contributes.icon-fonts-legacy.language`. Provided value: svelte
2024-11-18 17:36:45.515 [error] [idleberg.icon-fonts-legacy]: Unknown language in `contributes.icon-fonts-legacy.language`. Provided value: svelte
2024-11-18 17:36:47.472 [info] [perf] Render performance baseline is 40ms
2024-11-18 17:36:49.962 [error] Error: Unable to read file '/home/aislx/.vscode-oss/extensions/idleberg.icon-fonts-2.5.4-universal/snippets/css/fi.json' (Error: Unable to resolve nonexistent file '/home/aislx/.vscode-oss/extensions/idleberg.icon-fonts-2.5.4-universal/snippets/css/fi.json')
    at Pnt.F (vscode-file://vscode-app/usr/lib/code/out/vs/workbench/workbench.desktop.main.js:3088:69694)
    at Pnt.D (vscode-file://vscode-app/usr/lib/code/out/vs/workbench/workbench.desktop.main.js:3088:69519)
    at async Pnt.C (vscode-file://vscode-app/usr/lib/code/out/vs/workbench/workbench.desktop.main.js:3088:68887)
    at async Wrt.readExtensionResource (vscode-file://vscode-app/usr/lib/code/out/vs/workbench/workbench.desktop.main.js:3114:2109)
    at async Promise.all (index 23)
    at async LPe.getSnippets (vscode-file://vscode-app/usr/lib/code/out/vs/workbench/workbench.desktop.main.js:494:20141)
    at async _si (vscode-file://vscode-app/usr/lib/code/out/vs/workbench/workbench.desktop.main.js:2579:3936)
    at async Ett.provideCodeActions (vscode-file://vscode-app/usr/lib/code/out/vs/workbench/workbench.desktop.main.js:2579:4931)
    at async vscode-file://vscode-app/usr/lib/code/out/vs/workbench/workbench.desktop.main.js:411:65726
    at async Promise.all (index 2) file:///home/aislx/.vscode-oss/extensions/idleberg.icon-fonts-2.5.4-universal/snippets/css/fi.json
2024-11-18 17:36:49.962 [error] Error: Unable to read file '/home/aislx/.vscode-oss/extensions/idleberg.icon-fonts-2.5.4-universal/snippets/html/fi.json' (Error: Unable to resolve nonexistent file '/home/aislx/.vscode-oss/extensions/idleberg.icon-fonts-2.5.4-universal/snippets/html/fi.json')
    at Pnt.F (vscode-file://vscode-app/usr/lib/code/out/vs/workbench/workbench.desktop.main.js:3088:69694)
    at Pnt.D (vscode-file://vscode-app/usr/lib/code/out/vs/workbench/workbench.desktop.main.js:3088:69519)
    at async Pnt.C (vscode-file://vscode-app/usr/lib/code/out/vs/workbench/workbench.desktop.main.js:3088:68887)
    at async Wrt.readExtensionResource (vscode-file://vscode-app/usr/lib/code/out/vs/workbench/workbench.desktop.main.js:3114:2109)
    at async Promise.all (index 47)
    at async LPe.getSnippets (vscode-file://vscode-app/usr/lib/code/out/vs/workbench/workbench.desktop.main.js:494:20141)
    at async _si (vscode-file://vscode-app/usr/lib/code/out/vs/workbench/workbench.desktop.main.js:2579:3936)
    at async Ett.provideCodeActions (vscode-file://vscode-app/usr/lib/code/out/vs/workbench/workbench.desktop.main.js:2579:4931)
    at async vscode-file://vscode-app/usr/lib/code/out/vs/workbench/workbench.desktop.main.js:411:65726
    at async Promise.all (index 2) file:///home/aislx/.vscode-oss/extensions/idleberg.icon-fonts-2.5.4-universal/snippets/html/fi.json
2024-11-18 17:36:49.962 [error] Error: Unable to read file '/home/aislx/.vscode-oss/extensions/idleberg.icon-fonts-2.5.4-universal/snippets/jsx/fi.json' (Error: Unable to resolve nonexistent file '/home/aislx/.vscode-oss/extensions/idleberg.icon-fonts-2.5.4-universal/snippets/jsx/fi.json')
    at Pnt.F (vscode-file://vscode-app/usr/lib/code/out/vs/workbench/workbench.desktop.main.js:3088:69694)
    at Pnt.D (vscode-file://vscode-app/usr/lib/code/out/vs/workbench/workbench.desktop.main.js:3088:69519)
    at async Pnt.C (vscode-file://vscode-app/usr/lib/code/out/vs/workbench/workbench.desktop.main.js:3088:68887)
    at async Wrt.readExtensionResource (vscode-file://vscode-app/usr/lib/code/out/vs/workbench/workbench.desktop.main.js:3114:2109)
    at async Promise.all (index 74)
    at async LPe.getSnippets (vscode-file://vscode-app/usr/lib/code/out/vs/workbench/workbench.desktop.main.js:494:20141)
    at async _si (vscode-file://vscode-app/usr/lib/code/out/vs/workbench/workbench.desktop.main.js:2579:3936)
    at async Ett.provideCodeActions (vscode-file://vscode-app/usr/lib/code/out/vs/workbench/workbench.desktop.main.js:2579:4931)
    at async vscode-file://vscode-app/usr/lib/code/out/vs/workbench/workbench.desktop.main.js:411:65726
    at async Promise.all (index 2) file:///home/aislx/.vscode-oss/extensions/idleberg.icon-fonts-2.5.4-universal/snippets/jsx/fi.json
2024-11-18 17:36:49.966 [error] Error: Unable to read file '/home/aislx/.vscode-oss/extensions/idleberg.icon-fonts-2.5.4-universal/snippets/jsx/geomicon.json' (Error: Unable to resolve nonexistent file '/home/aislx/.vscode-oss/extensions/idleberg.icon-fonts-2.5.4-universal/snippets/jsx/geomicon.json')
    at Pnt.F (vscode-file://vscode-app/usr/lib/code/out/vs/workbench/workbench.desktop.main.js:3088:69694)
    at Pnt.D (vscode-file://vscode-app/usr/lib/code/out/vs/workbench/workbench.desktop.main.js:3088:69519)
    at async Pnt.C (vscode-file://vscode-app/usr/lib/code/out/vs/workbench/workbench.desktop.main.js:3088:68887)
    at async Wrt.readExtensionResource (vscode-file://vscode-app/usr/lib/code/out/vs/workbench/workbench.desktop.main.js:3114:2109)
    at async Promise.all (index 76)
    at async LPe.getSnippets (vscode-file://vscode-app/usr/lib/code/out/vs/workbench/workbench.desktop.main.js:494:20141)
    at async _si (vscode-file://vscode-app/usr/lib/code/out/vs/workbench/workbench.desktop.main.js:2579:3936)
    at async Ett.provideCodeActions (vscode-file://vscode-app/usr/lib/code/out/vs/workbench/workbench.desktop.main.js:2579:4931)
    at async vscode-file://vscode-app/usr/lib/code/out/vs/workbench/workbench.desktop.main.js:411:65726
    at async Promise.all (index 2) file:///home/aislx/.vscode-oss/extensions/idleberg.icon-fonts-2.5.4-universal/snippets/jsx/geomicon.json
