2024-11-19 14:51:40.098 [info] Added views:outline in workbench.view.explorer
2024-11-19 14:51:40.098 [info] Added views:workbench.view.search in workbench.view.search
2024-11-19 14:51:40.098 [info] Added views:workbench.scm in workbench.view.scm
2024-11-19 14:51:40.098 [info] Added views:workbench.panel.markers.view in workbench.panel.markers
2024-11-19 14:51:40.098 [info] Added views:workbench.panel.output in workbench.panel.output
2024-11-19 14:51:40.098 [info] Added views:terminal in workbench.views.service.auxiliarybar.d84ba15d-a1fe-4ad7-bc28-410196716033
2024-11-19 14:51:40.098 [info] Added views:timeline in workbench.view.explorer
2024-11-19 14:51:40.098 [info] Added views:workbench.explorer.openEditorsView in workbench.view.explorer
2024-11-19 14:51:40.098 [info] Added views:workbench.explorer.fileView in workbench.views.service.sidebar.a82ec6f8-b30c-4109-8d7f-7ac32eaa20a6
2024-11-19 14:51:40.797 [info] Added views:workbench.debug.variablesView,workbench.debug.watchExpressionsView,workbench.debug.callStackView,workbench.debug.breakPointsView in workbench.view.debug
2024-11-19 14:51:42.063 [info] Added views:gitlens.views.home,gitlens.views.launchpad,gitlens.views.workspaces in workbench.view.extension.gitlens
2024-11-19 14:51:42.064 [info] Added views:gitlens.views.commitDetails,gitlens.views.lineHistory,gitlens.views.fileHistory,gitlens.views.searchAndCompare in workbench.view.extension.gitlensInspect
2024-11-19 14:51:42.065 [info] Added views:gitlens.views.scm.grouped in workbench.view.scm
2024-11-19 14:51:42.066 [info] Added views:vscode-edge-devtools-view.targets,vscode-edge-devtools-view.help-links in workbench.view.extension.vscode-edge-devtools-view
2024-11-19 14:51:42.067 [info] Added views:jsonOutline in workbench.view.extension.json-views
2024-11-19 14:51:42.142 [info] Added views:~remote.forwardedPorts in ~remote.forwardedPortsContainer
2024-11-19 14:51:42.289 [info] Added views:workbench.panel.repl.view in workbench.panel.repl
2024-11-19 14:51:45.406 [info] Added views:workbench.panel.comments in workbench.panel.comments
2024-11-19 14:51:49.216 [info] Added views:gitlens.views.drafts in workbench.view.extension.gitlens
2024-11-19 14:51:49.419 [info] Added views:workbench.scm.history in workbench.view.scm
2024-11-19 14:51:49.662 [info] Added views:gitlens.views.graph,gitlens.views.graphDetails in workbench.view.extension.gitlensPanel
2024-11-19 14:51:49.664 [info] Added views:gitlens.views.timeline in workbench.view.extension.gitlensInspect
2024-11-19 14:51:54.974 [info] Removed views:workbench.scm.history from workbench.view.scm
2024-11-19 14:51:55.268 [info] Removed views:workbench.debug.breakPointsView,workbench.debug.callStackView,workbench.debug.watchExpressionsView,workbench.debug.variablesView from workbench.view.debug
2024-11-19 14:51:55.268 [info] Added views:workbench.debug.welcome in workbench.view.debug
2024-11-19 14:51:55.280 [info] Removed views:workbench.explorer.fileView from workbench.views.service.sidebar.a82ec6f8-b30c-4109-8d7f-7ac32eaa20a6
2024-11-19 14:51:55.328 [info] Added views:workbench.explorer.emptyView in workbench.view.explorer
2024-11-19 14:51:55.736 [info] Removed views:workbench.panel.repl.view from workbench.panel.repl
2024-11-19 14:51:55.914 [info] Added views:workbench.panel.repl.view in workbench.panel.repl
2024-11-19 14:51:57.629 [info] Removed views:gitlens.views.graphDetails,gitlens.views.graph from workbench.view.extension.gitlensPanel
2024-11-19 14:51:57.633 [info] Removed views:gitlens.views.searchAndCompare,gitlens.views.timeline,gitlens.views.fileHistory,gitlens.views.lineHistory,gitlens.views.commitDetails from workbench.view.extension.gitlensInspect
2024-11-19 14:51:57.633 [info] Removed views:gitlens.views.scm.grouped from workbench.view.scm
2024-11-19 14:51:58.496 [info] Added views:gitlens.views.graph,gitlens.views.graphDetails in workbench.view.extension.gitlensPanel
2024-11-19 14:51:58.501 [info] Added views:gitlens.views.commitDetails,gitlens.views.lineHistory,gitlens.views.fileHistory,gitlens.views.timeline,gitlens.views.searchAndCompare in workbench.view.extension.gitlensInspect
2024-11-19 14:51:58.502 [info] Added views:gitlens.views.scm.grouped in workbench.view.scm
