GitLens v16.0.2 activating in Visual Studio Code (1.95.3) on the desktop; language='en', logLevel='warn', defaultDateLocale='null' (d01e3abaf604be9cf4fe313af77637555c15ee32b73a4111c1c534bab9a1a280|cc820bd7-6f93-4f4c-b2d8-b9399e43ff341732027038748)
To enable debug logging, set `"gitlens.outputLevel: "debug"` or run "GitLens: Enable Debug Logging" from the Command Palette
[2024-11-19 14:37:56.115] [GIT    *967ms] [/run/media/drive2/Developing/flame-launcher/.github/workflows] git rev-parse --show-toplevel [*967ms] (slow)
[2024-11-19 14:37:56.376] [GIT   *1151ms] [/run/media/drive2/Developing/flame-launcher/xmcl-electron-app/build] git rev-parse --show-toplevel [*1151ms] (slow)
[2024-11-19 14:37:56.376] [GIT    *855ms] [/run/media/drive2/Developing/flame-launcher/xmcl-electron-app/build] git rev-parse --show-toplevel [*855ms] (slow, waiting)
[2024-11-19 14:37:56.376] [GIT    *855ms] [/run/media/drive2/Developing/flame-launcher/xmcl-electron-app/build] git rev-parse --show-toplevel [*855ms] (slow, waiting)
[2024-11-19 14:37:57.221] [GIT    *841ms] [/run/media/drive2/Developing/flame-launcher] git rev-parse --git-dir --git-common-dir [*841ms] (slow)
[2024-11-19 14:37:57.324] [GIT   *1842ms] [/run/media/drive2/Developing/flame-launcher/xmcl-runtime-api/src/entities] git rev-parse --show-toplevel [*1842ms] (slow)
[2024-11-19 14:37:58.179] [GIT   *1794ms] [/run/media/drive2/Developing/flame-launcher] git remote -v [*1794ms] (slow)
[2024-11-19 14:37:58.391] [GIT   *1483ms] [/run/media/drive2/Developing/flame-launcher] git ls-files -- xmcl-electron-app/plugins/esbuild.preload.plugin.ts [*1483ms] (slow)
[2024-11-19 14:38:00.677] [GIT   *1733ms] [/run/media/drive2/Developing/flame-launcher] git ls-files -- xmcl-runtime-api/src/entities/SettingSchema.json [*1733ms] (slow)
[2024-11-19 14:38:00.736] [GIT   *4350ms] [/run/media/drive2/Developing/flame-launcher] git rev-list --max-parents=0 HEAD -- [*4350ms] (slow)
[2024-11-19 14:38:02.039] [GIT   *1107ms] [/run/media/drive2/Developing/flame-launcher] git config --get-regex ^user\. [*1107ms] (slow)
[2024-11-19 14:38:02.773] [GIT    *731ms] [/run/media/drive2/Developing/flame-launcher] git check-mailmap aislxflames <proarghaop@gmail.com> [*731ms] (slow)
[2024-11-19 14:38:03.363] [GIT   *5180ms] [/run/media/drive2/Developing/flame-launcher] git for-each-ref --format=%3ch%3e%(HEAD)%3cn%3e%(refname)%3cu%3e%(upstream:short)%3ct%3e%(upstream:track)%3cr%3e%(objectname)%3cd%3e%(committerdate:iso8601) refs/heads refs/remotes [*5180ms] (slow)
[2024-11-19 14:38:03.469] [GIT   *6460ms] [/run/media/drive2/Developing/flame-launcher] git shortlog -s --all --no-merges --since=1.year.ago [*6460ms] (slow)
[2024-11-19 14:38:05.031] [GIT   *3891ms] [/run/media/drive2/Developing/flame-launcher] git blame --root --incremental -- xmcl-runtime-api/src/entities/SettingSchema.json [*3891ms] (slow)
[2024-11-19 14:38:06.198] [GIT   *1145ms] [/run/media/drive2/Developing/flame-launcher] git log --format=%x3c%x2ff%x3e%n%x3cr%x3e%x20%H%n%x3ca%x3e%x20%aN%n%x3ce%x3e%x20%aE%n%x3cd%x3e%x20%at%n%x3cn%x3e%x20%cN%n%x3cm%x3e%x20%cE%n%x3cc%x3e%x20%ct%n%x3cp%x3e%x20%P%n%x3cs%x3e%n%B%n%x3c%x2fs%x3e%n%x3cf%x3e -M --name-status --full-history -m --no-min-parents -n3 b5d1f868af4c4ee414f3697382bb628d79f51083 -- [*1145ms] (slow)
[2024-11-19 14:38:06.208] [GIT   *1153ms] [/run/media/drive2/Developing/flame-launcher] git log -M -n1 --format=%H b5d1f868af4c4ee414f3697382bb628d79f51083^ -- xmcl-runtime-api/src/entities/SettingSchema.json [*1153ms] (slow)
[2024-11-19 14:38:06.275] [GIT    *873ms] [/run/media/drive2/Developing/flame-launcher] git rev-parse --verify --end-of-options b5d1f868af4c4ee414f3697382bb628d79f51083^:./xmcl-runtime-api/src/entities/SettingSchema.json [*873ms] (slow)
