2024-11-19 16:38:05.492 [info] Getting Manifest... vue.volar
2024-11-19 16:38:05.982 [info] Installing extension: vue.volar {"isMachineScoped":false,"profileLocation":{"$mid":1,"external":"vscode-userdata:/home/aislx/.vscode/extensions/extensions.json","path":"/home/aislx/.vscode/extensions/extensions.json","scheme":"vscode-userdata"},"installOnlyNewlyAddedFromExtensionPack":true,"isApplicationScoped":false,"productVersion":{"version":"1.95.3","date":"2024-11-13T14:50:04.152Z"}}
2024-11-19 16:38:08.624 [info] Extension signature verification result for vue.volar: UnknownError. Executed: true. Duration: 320ms.
2024-11-19 16:38:11.486 [info] Extracted extension to file:///home/aislx/.vscode/extensions/vue.volar-2.1.10: vue.volar
2024-11-19 16:38:11.523 [info] Renamed to /home/aislx/.vscode/extensions/vue.volar-2.1.10
2024-11-19 16:38:11.775 [error] [uncaught exception in sharedProcess]: Error: ENOENT: no such file or directory, stat '/home/aislx/.vscode/extensions/extensions.json.vsctmp': EntryNotFound (FileSystemError): Error: ENOENT: no such file or directory, stat '/home/aislx/.vscode/extensions/extensions.json.vsctmp'
    at hm.create (file:///opt/visual-studio-code/resources/app/out/vs/code/electron-utility/sharedProcess/sharedProcessMain.js:35:39254)
    at Es (file:///opt/visual-studio-code/resources/app/out/vs/code/electron-utility/sharedProcess/sharedProcessMain.js:35:39361)
    at Fr.ib (file:///opt/visual-studio-code/resources/app/out/vs/code/electron-utility/sharedProcess/sharedProcessMain.js:71:22677)
    at Fr.stat (file:///opt/visual-studio-code/resources/app/out/vs/code/electron-utility/sharedProcess/sharedProcessMain.js:71:16010)
    at async Zl.stat (file:///opt/visual-studio-code/resources/app/out/vs/code/electron-utility/sharedProcess/sharedProcessMain.js:70:84491)
    at async Jl.yb (file:///opt/visual-studio-code/resources/app/out/vs/code/electron-utility/sharedProcess/sharedProcessMain.js:70:66605)
2024-11-19 16:38:12.090 [info] Extension installed successfully: vue.volar vscode-userdata:/home/aislx/.vscode/extensions/extensions.json
2024-11-19 16:49:08.571 [info] Getting Manifest... github.vscode-github-actions
2024-11-19 16:49:08.997 [info] Installing extension: github.vscode-github-actions {"isMachineScoped":false,"installPreReleaseVersion":false,"pinned":false,"profileLocation":{"$mid":1,"external":"vscode-userdata:/home/aislx/.vscode/extensions/extensions.json","path":"/home/aislx/.vscode/extensions/extensions.json","scheme":"vscode-userdata"},"installOnlyNewlyAddedFromExtensionPack":true,"isApplicationScoped":false,"productVersion":{"version":"1.95.3","date":"2024-11-13T14:50:04.152Z"}}
2024-11-19 16:49:11.143 [info] Extension signature verification result for github.vscode-github-actions: UnknownError. Executed: true. Duration: 16ms.
2024-11-19 16:49:11.425 [info] Extracted extension to file:///home/aislx/.vscode/extensions/github.vscode-github-actions-0.27.0: github.vscode-github-actions
2024-11-19 16:49:11.539 [info] Renamed to /home/aislx/.vscode/extensions/github.vscode-github-actions-0.27.0
2024-11-19 16:49:11.608 [info] Extension installed successfully: github.vscode-github-actions vscode-userdata:/home/aislx/.vscode/extensions/extensions.json
2024-11-19 16:49:11.634 [error] [uncaught exception in sharedProcess]: Error: ENOENT: no such file or directory, stat '/home/aislx/.vscode/extensions/extensions.json.vsctmp': EntryNotFound (FileSystemError): Error: ENOENT: no such file or directory, stat '/home/aislx/.vscode/extensions/extensions.json.vsctmp'
    at hm.create (file:///opt/visual-studio-code/resources/app/out/vs/code/electron-utility/sharedProcess/sharedProcessMain.js:35:39254)
    at Es (file:///opt/visual-studio-code/resources/app/out/vs/code/electron-utility/sharedProcess/sharedProcessMain.js:35:39361)
    at Fr.ib (file:///opt/visual-studio-code/resources/app/out/vs/code/electron-utility/sharedProcess/sharedProcessMain.js:71:22677)
    at Fr.stat (file:///opt/visual-studio-code/resources/app/out/vs/code/electron-utility/sharedProcess/sharedProcessMain.js:71:16010)
    at async Zl.stat (file:///opt/visual-studio-code/resources/app/out/vs/code/electron-utility/sharedProcess/sharedProcessMain.js:70:84491)
    at async Jl.yb (file:///opt/visual-studio-code/resources/app/out/vs/code/electron-utility/sharedProcess/sharedProcessMain.js:70:66605)
