2024-11-19 15:31:05.713 [info] Latency measurements for local backend
window<->ptyhost (message port): 7.80ms
window<->ptyhostservice<->ptyhost: 4.50ms
ptyhostservice<->ptyhost: 2.71ms []
2024-11-19 15:31:05.724 [info] Latency measurements for local backend
window<->ptyhost (message port): 6.90ms
window<->ptyhostservice<->ptyhost: 17.50ms
ptyhostservice<->ptyhost: 5.62ms []
2024-11-19 15:33:46.519 [error] Exception occurred during xterm disposal [{}]
2024-11-19 15:33:46.996 [error] Exception occurred during xterm disposal [{}]
2024-11-19 15:40:38.207 [info] Latency measurements for local backend
window<->ptyhost (message port): 0.70ms
window<->ptyhostservice<->ptyhost: 4.90ms
ptyhostservice<->ptyhost: 2.43ms []
2024-11-19 15:40:38.237 [info] Latency measurements for local backend
window<->ptyhost (message port): 0.60ms
window<->ptyhostservice<->ptyhost: 38.60ms
ptyhostservice<->ptyhost: 35.83ms []
2024-11-19 15:40:42.933 [error] Exception occurred during xterm disposal [{}]
2024-11-19 15:40:43.188 [error] Exception occurred during xterm disposal [{}]
2024-11-19 15:55:46.568 [info] Latency measurements for local backend
window<->ptyhost (message port): 3.10ms
window<->ptyhostservice<->ptyhost: 6.20ms
ptyhostservice<->ptyhost: 2.87ms []
2024-11-19 15:55:46.573 [info] Latency measurements for local backend
window<->ptyhost (message port): 6.70ms
window<->ptyhostservice<->ptyhost: 8.80ms
ptyhostservice<->ptyhost: 3.15ms []
2024-11-19 15:56:01.394 [error] Exception occurred during xterm disposal [{}]
2024-11-19 15:56:02.234 [error] Exception occurred during xterm disposal [{}]
2024-11-19 15:56:28.403 [info] Latency measurements for local backend
window<->ptyhost (message port): 2.80ms
window<->ptyhostservice<->ptyhost: 4.90ms
ptyhostservice<->ptyhost: 0.78ms []
2024-11-19 15:56:28.477 [info] Latency measurements for local backend
window<->ptyhost (message port): 0.80ms
window<->ptyhostservice<->ptyhost: 2.10ms
ptyhostservice<->ptyhost: 0.54ms []
2024-11-19 19:14:59.187 [error] Exception occurred during xterm disposal [{}]
