2024-11-18 17:56:19.139 [info] Started local extension host with pid 283783.
2024-11-18 17:56:20.280 [error] [idleberg.icon-fonts]: Unknown language in `contributes.icon-fonts.language`. Provided value: blade
2024-11-18 17:56:20.281 [error] [idleberg.icon-fonts]: Unknown language in `contributes.icon-fonts.language`. Provided value: blade
2024-11-18 17:56:20.282 [error] [idleberg.icon-fonts]: Unknown language in `contributes.icon-fonts.language`. Provided value: blade
2024-11-18 17:56:20.283 [error] [idleberg.icon-fonts]: Unknown language in `contributes.icon-fonts.language`. Provided value: blade
2024-11-18 17:56:20.283 [error] [idleberg.icon-fonts]: Unknown language in `contributes.icon-fonts.language`. Provided value: blade
2024-11-18 17:56:20.283 [error] [idleberg.icon-fonts]: Unknown language in `contributes.icon-fonts.language`. Provided value: blade
2024-11-18 17:56:20.284 [error] [idleberg.icon-fonts]: Unknown language in `contributes.icon-fonts.language`. Provided value: blade
2024-11-18 17:56:20.284 [error] [idleberg.icon-fonts]: Unknown language in `contributes.icon-fonts.language`. Provided value: blade
2024-11-18 17:56:20.285 [error] [idleberg.icon-fonts]: Unknown language in `contributes.icon-fonts.language`. Provided value: blade
2024-11-18 17:56:20.286 [error] [idleberg.icon-fonts]: Unknown language in `contributes.icon-fonts.language`. Provided value: blade
2024-11-18 17:56:20.286 [error] [idleberg.icon-fonts]: Unknown language in `contributes.icon-fonts.language`. Provided value: blade
2024-11-18 17:56:20.287 [error] [idleberg.icon-fonts]: Unknown language in `contributes.icon-fonts.language`. Provided value: blade
2024-11-18 17:56:20.287 [error] [idleberg.icon-fonts]: Unknown language in `contributes.icon-fonts.language`. Provided value: blade
2024-11-18 17:56:20.287 [error] [idleberg.icon-fonts]: Unknown language in `contributes.icon-fonts.language`. Provided value: blade
2024-11-18 17:56:20.289 [error] [idleberg.icon-fonts]: Unknown language in `contributes.icon-fonts.language`. Provided value: blade
2024-11-18 17:56:20.290 [error] [idleberg.icon-fonts]: Unknown language in `contributes.icon-fonts.language`. Provided value: blade
2024-11-18 17:56:20.290 [error] [idleberg.icon-fonts]: Unknown language in `contributes.icon-fonts.language`. Provided value: blade
2024-11-18 17:56:20.291 [error] [idleberg.icon-fonts]: Unknown language in `contributes.icon-fonts.language`. Provided value: blade
2024-11-18 17:56:20.291 [error] [idleberg.icon-fonts]: Unknown language in `contributes.icon-fonts.language`. Provided value: blade
2024-11-18 17:56:20.292 [error] [idleberg.icon-fonts]: Unknown language in `contributes.icon-fonts.language`. Provided value: blade
2024-11-18 17:56:20.292 [error] [idleberg.icon-fonts]: Unknown language in `contributes.icon-fonts.language`. Provided value: blade
2024-11-18 17:56:20.292 [error] [idleberg.icon-fonts]: Unknown language in `contributes.icon-fonts.language`. Provided value: blade
2024-11-18 17:56:20.293 [error] [idleberg.icon-fonts]: Unknown language in `contributes.icon-fonts.language`. Provided value: blade
2024-11-18 17:56:20.293 [error] [idleberg.icon-fonts]: Unknown language in `contributes.icon-fonts.language`. Provided value: blade
2024-11-18 17:56:20.293 [error] [idleberg.icon-fonts]: Unknown language in `contributes.icon-fonts.language`. Provided value: blade
2024-11-18 17:56:20.293 [error] [idleberg.icon-fonts]: Unknown language in `contributes.icon-fonts.language`. Provided value: blade
2024-11-18 17:56:20.294 [error] [idleberg.icon-fonts]: Unknown language in `contributes.icon-fonts.language`. Provided value: blade
2024-11-18 17:56:20.294 [error] [idleberg.icon-fonts]: Unknown language in `contributes.icon-fonts.language`. Provided value: vue-html
2024-11-18 17:56:20.294 [error] [idleberg.icon-fonts]: Unknown language in `contributes.icon-fonts.language`. Provided value: vue-html
2024-11-18 17:56:20.294 [error] [idleberg.icon-fonts]: Unknown language in `contributes.icon-fonts.language`. Provided value: vue-html
2024-11-18 17:56:20.295 [error] [idleberg.icon-fonts]: Unknown language in `contributes.icon-fonts.language`. Provided value: vue-html
2024-11-18 17:56:20.295 [error] [idleberg.icon-fonts]: Unknown language in `contributes.icon-fonts.language`. Provided value: vue-html
2024-11-18 17:56:20.295 [error] [idleberg.icon-fonts]: Unknown language in `contributes.icon-fonts.language`. Provided value: vue-html
2024-11-18 17:56:20.295 [error] [idleberg.icon-fonts]: Unknown language in `contributes.icon-fonts.language`. Provided value: vue-html
2024-11-18 17:56:20.296 [error] [idleberg.icon-fonts]: Unknown language in `contributes.icon-fonts.language`. Provided value: vue-html
2024-11-18 17:56:20.296 [error] [idleberg.icon-fonts]: Unknown language in `contributes.icon-fonts.language`. Provided value: vue-html
2024-11-18 17:56:20.296 [error] [idleberg.icon-fonts]: Unknown language in `contributes.icon-fonts.language`. Provided value: vue-html
2024-11-18 17:56:20.297 [error] [idleberg.icon-fonts]: Unknown language in `contributes.icon-fonts.language`. Provided value: vue-html
2024-11-18 17:56:20.297 [error] [idleberg.icon-fonts]: Unknown language in `contributes.icon-fonts.language`. Provided value: vue-html
2024-11-18 17:56:20.297 [error] [idleberg.icon-fonts]: Unknown language in `contributes.icon-fonts.language`. Provided value: vue-html
2024-11-18 17:56:20.297 [error] [idleberg.icon-fonts]: Unknown language in `contributes.icon-fonts.language`. Provided value: vue-html
2024-11-18 17:56:20.298 [error] [idleberg.icon-fonts]: Unknown language in `contributes.icon-fonts.language`. Provided value: vue-html
2024-11-18 17:56:20.298 [error] [idleberg.icon-fonts]: Unknown language in `contributes.icon-fonts.language`. Provided value: vue-html
2024-11-18 17:56:20.298 [error] [idleberg.icon-fonts]: Unknown language in `contributes.icon-fonts.language`. Provided value: vue-html
2024-11-18 17:56:20.298 [error] [idleberg.icon-fonts]: Unknown language in `contributes.icon-fonts.language`. Provided value: vue-html
2024-11-18 17:56:20.298 [error] [idleberg.icon-fonts]: Unknown language in `contributes.icon-fonts.language`. Provided value: vue-html
2024-11-18 17:56:20.299 [error] [idleberg.icon-fonts]: Unknown language in `contributes.icon-fonts.language`. Provided value: vue-html
2024-11-18 17:56:20.299 [error] [idleberg.icon-fonts]: Unknown language in `contributes.icon-fonts.language`. Provided value: vue-html
2024-11-18 17:56:20.299 [error] [idleberg.icon-fonts]: Unknown language in `contributes.icon-fonts.language`. Provided value: vue-html
2024-11-18 17:56:20.299 [error] [idleberg.icon-fonts]: Unknown language in `contributes.icon-fonts.language`. Provided value: vue-html
2024-11-18 17:56:20.300 [error] [idleberg.icon-fonts]: Unknown language in `contributes.icon-fonts.language`. Provided value: vue-html
2024-11-18 17:56:20.300 [error] [idleberg.icon-fonts]: Unknown language in `contributes.icon-fonts.language`. Provided value: vue-html
2024-11-18 17:56:20.301 [error] [idleberg.icon-fonts]: Unknown language in `contributes.icon-fonts.language`. Provided value: vue-html
2024-11-18 17:56:20.301 [error] [idleberg.icon-fonts]: Unknown language in `contributes.icon-fonts.language`. Provided value: vue-html
2024-11-18 17:56:20.301 [error] [idleberg.icon-fonts]: Unknown language in `contributes.icon-fonts.language`. Provided value: svelte
2024-11-18 17:56:20.302 [error] [idleberg.icon-fonts]: Unknown language in `contributes.icon-fonts.language`. Provided value: svelte
2024-11-18 17:56:20.302 [error] [idleberg.icon-fonts]: Unknown language in `contributes.icon-fonts.language`. Provided value: svelte
2024-11-18 17:56:20.302 [error] [idleberg.icon-fonts]: Unknown language in `contributes.icon-fonts.language`. Provided value: svelte
2024-11-18 17:56:20.302 [error] [idleberg.icon-fonts]: Unknown language in `contributes.icon-fonts.language`. Provided value: svelte
2024-11-18 17:56:20.302 [error] [idleberg.icon-fonts]: Unknown language in `contributes.icon-fonts.language`. Provided value: svelte
2024-11-18 17:56:20.303 [error] [idleberg.icon-fonts]: Unknown language in `contributes.icon-fonts.language`. Provided value: svelte
2024-11-18 17:56:20.303 [error] [idleberg.icon-fonts]: Unknown language in `contributes.icon-fonts.language`. Provided value: svelte
2024-11-18 17:56:20.303 [error] [idleberg.icon-fonts]: Unknown language in `contributes.icon-fonts.language`. Provided value: svelte
2024-11-18 17:56:20.304 [error] [idleberg.icon-fonts]: Unknown language in `contributes.icon-fonts.language`. Provided value: svelte
2024-11-18 17:56:20.305 [error] [idleberg.icon-fonts]: Unknown language in `contributes.icon-fonts.language`. Provided value: svelte
2024-11-18 17:56:20.306 [error] [idleberg.icon-fonts]: Unknown language in `contributes.icon-fonts.language`. Provided value: svelte
2024-11-18 17:56:20.306 [error] [idleberg.icon-fonts]: Unknown language in `contributes.icon-fonts.language`. Provided value: svelte
2024-11-18 17:56:20.307 [error] [idleberg.icon-fonts]: Unknown language in `contributes.icon-fonts.language`. Provided value: svelte
2024-11-18 17:56:20.307 [error] [idleberg.icon-fonts]: Unknown language in `contributes.icon-fonts.language`. Provided value: svelte
2024-11-18 17:56:20.308 [error] [idleberg.icon-fonts]: Unknown language in `contributes.icon-fonts.language`. Provided value: svelte
2024-11-18 17:56:20.308 [error] [idleberg.icon-fonts]: Unknown language in `contributes.icon-fonts.language`. Provided value: svelte
2024-11-18 17:56:20.309 [error] [idleberg.icon-fonts]: Unknown language in `contributes.icon-fonts.language`. Provided value: svelte
2024-11-18 17:56:20.309 [error] [idleberg.icon-fonts]: Unknown language in `contributes.icon-fonts.language`. Provided value: svelte
2024-11-18 17:56:20.309 [error] [idleberg.icon-fonts]: Unknown language in `contributes.icon-fonts.language`. Provided value: svelte
2024-11-18 17:56:20.313 [error] [idleberg.icon-fonts]: Unknown language in `contributes.icon-fonts.language`. Provided value: svelte
2024-11-18 17:56:20.314 [error] [idleberg.icon-fonts]: Unknown language in `contributes.icon-fonts.language`. Provided value: svelte
2024-11-18 17:56:20.314 [error] [idleberg.icon-fonts]: Unknown language in `contributes.icon-fonts.language`. Provided value: svelte
2024-11-18 17:56:20.314 [error] [idleberg.icon-fonts]: Unknown language in `contributes.icon-fonts.language`. Provided value: svelte
2024-11-18 17:56:20.315 [error] [idleberg.icon-fonts]: Unknown language in `contributes.icon-fonts.language`. Provided value: svelte
2024-11-18 17:56:20.315 [error] [idleberg.icon-fonts]: Unknown language in `contributes.icon-fonts.language`. Provided value: svelte
2024-11-18 17:56:20.315 [error] [idleberg.icon-fonts]: Unknown language in `contributes.icon-fonts.language`. Provided value: svelte
2024-11-18 17:56:20.315 [error] [idleberg.icon-fonts-legacy]: Unknown language in `contributes.icon-fonts-legacy.language`. Provided value: blade
2024-11-18 17:56:20.316 [error] [idleberg.icon-fonts-legacy]: Unknown language in `contributes.icon-fonts-legacy.language`. Provided value: blade
2024-11-18 17:56:20.316 [error] [idleberg.icon-fonts-legacy]: Unknown language in `contributes.icon-fonts-legacy.language`. Provided value: blade
2024-11-18 17:56:20.316 [error] [idleberg.icon-fonts-legacy]: Unknown language in `contributes.icon-fonts-legacy.language`. Provided value: blade
2024-11-18 17:56:20.317 [error] [idleberg.icon-fonts-legacy]: Unknown language in `contributes.icon-fonts-legacy.language`. Provided value: blade
2024-11-18 17:56:20.317 [error] [idleberg.icon-fonts-legacy]: Unknown language in `contributes.icon-fonts-legacy.language`. Provided value: blade
2024-11-18 17:56:20.317 [error] [idleberg.icon-fonts-legacy]: Unknown language in `contributes.icon-fonts-legacy.language`. Provided value: blade
2024-11-18 17:56:20.317 [error] [idleberg.icon-fonts-legacy]: Unknown language in `contributes.icon-fonts-legacy.language`. Provided value: blade
2024-11-18 17:56:20.318 [error] [idleberg.icon-fonts-legacy]: Unknown language in `contributes.icon-fonts-legacy.language`. Provided value: blade
2024-11-18 17:56:20.318 [error] [idleberg.icon-fonts-legacy]: Unknown language in `contributes.icon-fonts-legacy.language`. Provided value: blade
2024-11-18 17:56:20.318 [error] [idleberg.icon-fonts-legacy]: Unknown language in `contributes.icon-fonts-legacy.language`. Provided value: blade
2024-11-18 17:56:20.318 [error] [idleberg.icon-fonts-legacy]: Unknown language in `contributes.icon-fonts-legacy.language`. Provided value: blade
2024-11-18 17:56:20.319 [error] [idleberg.icon-fonts-legacy]: Unknown language in `contributes.icon-fonts-legacy.language`. Provided value: blade
2024-11-18 17:56:20.319 [error] [idleberg.icon-fonts-legacy]: Unknown language in `contributes.icon-fonts-legacy.language`. Provided value: blade
2024-11-18 17:56:20.319 [error] [idleberg.icon-fonts-legacy]: Unknown language in `contributes.icon-fonts-legacy.language`. Provided value: blade
2024-11-18 17:56:20.319 [error] [idleberg.icon-fonts-legacy]: Unknown language in `contributes.icon-fonts-legacy.language`. Provided value: vue-html
2024-11-18 17:56:20.320 [error] [idleberg.icon-fonts-legacy]: Unknown language in `contributes.icon-fonts-legacy.language`. Provided value: vue-html
2024-11-18 17:56:20.320 [error] [idleberg.icon-fonts-legacy]: Unknown language in `contributes.icon-fonts-legacy.language`. Provided value: vue-html
2024-11-18 17:56:20.320 [error] [idleberg.icon-fonts-legacy]: Unknown language in `contributes.icon-fonts-legacy.language`. Provided value: vue-html
2024-11-18 17:56:20.320 [error] [idleberg.icon-fonts-legacy]: Unknown language in `contributes.icon-fonts-legacy.language`. Provided value: vue-html
2024-11-18 17:56:20.321 [error] [idleberg.icon-fonts-legacy]: Unknown language in `contributes.icon-fonts-legacy.language`. Provided value: vue-html
2024-11-18 17:56:20.321 [error] [idleberg.icon-fonts-legacy]: Unknown language in `contributes.icon-fonts-legacy.language`. Provided value: vue-html
2024-11-18 17:56:20.321 [error] [idleberg.icon-fonts-legacy]: Unknown language in `contributes.icon-fonts-legacy.language`. Provided value: vue-html
2024-11-18 17:56:20.321 [error] [idleberg.icon-fonts-legacy]: Unknown language in `contributes.icon-fonts-legacy.language`. Provided value: vue-html
2024-11-18 17:56:20.321 [error] [idleberg.icon-fonts-legacy]: Unknown language in `contributes.icon-fonts-legacy.language`. Provided value: vue-html
2024-11-18 17:56:20.322 [error] [idleberg.icon-fonts-legacy]: Unknown language in `contributes.icon-fonts-legacy.language`. Provided value: vue-html
2024-11-18 17:56:20.322 [error] [idleberg.icon-fonts-legacy]: Unknown language in `contributes.icon-fonts-legacy.language`. Provided value: vue-html
2024-11-18 17:56:20.322 [error] [idleberg.icon-fonts-legacy]: Unknown language in `contributes.icon-fonts-legacy.language`. Provided value: vue-html
2024-11-18 17:56:20.322 [error] [idleberg.icon-fonts-legacy]: Unknown language in `contributes.icon-fonts-legacy.language`. Provided value: vue-html
2024-11-18 17:56:20.323 [error] [idleberg.icon-fonts-legacy]: Unknown language in `contributes.icon-fonts-legacy.language`. Provided value: vue-html
2024-11-18 17:56:20.323 [error] [idleberg.icon-fonts-legacy]: Unknown language in `contributes.icon-fonts-legacy.language`. Provided value: vue-html
2024-11-18 17:56:20.324 [error] [idleberg.icon-fonts-legacy]: Unknown language in `contributes.icon-fonts-legacy.language`. Provided value: svelte
2024-11-18 17:56:20.324 [error] [idleberg.icon-fonts-legacy]: Unknown language in `contributes.icon-fonts-legacy.language`. Provided value: svelte
2024-11-18 17:56:20.324 [error] [idleberg.icon-fonts-legacy]: Unknown language in `contributes.icon-fonts-legacy.language`. Provided value: svelte
2024-11-18 17:56:20.324 [error] [idleberg.icon-fonts-legacy]: Unknown language in `contributes.icon-fonts-legacy.language`. Provided value: svelte
2024-11-18 17:56:20.325 [error] [idleberg.icon-fonts-legacy]: Unknown language in `contributes.icon-fonts-legacy.language`. Provided value: svelte
2024-11-18 17:56:20.325 [error] [idleberg.icon-fonts-legacy]: Unknown language in `contributes.icon-fonts-legacy.language`. Provided value: svelte
2024-11-18 17:56:20.325 [error] [idleberg.icon-fonts-legacy]: Unknown language in `contributes.icon-fonts-legacy.language`. Provided value: svelte
2024-11-18 17:56:20.325 [error] [idleberg.icon-fonts-legacy]: Unknown language in `contributes.icon-fonts-legacy.language`. Provided value: svelte
2024-11-18 17:56:20.326 [error] [idleberg.icon-fonts-legacy]: Unknown language in `contributes.icon-fonts-legacy.language`. Provided value: svelte
2024-11-18 17:56:20.326 [error] [idleberg.icon-fonts-legacy]: Unknown language in `contributes.icon-fonts-legacy.language`. Provided value: svelte
2024-11-18 17:56:20.326 [error] [idleberg.icon-fonts-legacy]: Unknown language in `contributes.icon-fonts-legacy.language`. Provided value: svelte
2024-11-18 17:56:20.326 [error] [idleberg.icon-fonts-legacy]: Unknown language in `contributes.icon-fonts-legacy.language`. Provided value: svelte
2024-11-18 17:56:20.327 [error] [idleberg.icon-fonts-legacy]: Unknown language in `contributes.icon-fonts-legacy.language`. Provided value: svelte
2024-11-18 17:56:20.327 [error] [idleberg.icon-fonts-legacy]: Unknown language in `contributes.icon-fonts-legacy.language`. Provided value: svelte
2024-11-18 17:56:20.327 [error] [idleberg.icon-fonts-legacy]: Unknown language in `contributes.icon-fonts-legacy.language`. Provided value: svelte
