2024-11-18 17:56:21.439 [info] [main] Log level: Info
2024-11-18 17:56:21.439 [info] [main] Validating found git in: "git"
2024-11-18 17:56:21.439 [info] [main] Using git "2.47.0" from "git"
2024-11-18 17:56:21.439 [info] [Model][doInitialScan] Initial repository scan started
2024-11-18 17:56:21.439 [info] > git rev-parse --show-toplevel [5ms]
2024-11-18 17:56:21.439 [info] fatal: not a git repository (or any parent up to mount point /)
Stopping at filesystem boundary (GIT_DISCOVERY_ACROSS_FILESYSTEM not set).
2024-11-18 17:56:21.439 [info] > git rev-parse --show-toplevel [5ms]
2024-11-18 17:56:21.439 [info] fatal: not a git repository (or any parent up to mount point /)
Stopping at filesystem boundary (GIT_DISCOVERY_ACROSS_FILESYSTEM not set).
2024-11-18 17:56:21.439 [info] > git rev-parse --show-toplevel [13ms]
2024-11-18 17:56:21.439 [info] fatal: not a git repository (or any parent up to mount point /)
Stopping at filesystem boundary (GIT_DISCOVERY_ACROSS_FILESYSTEM not set).
2024-11-18 17:56:21.452 [info] > git rev-parse --show-toplevel [3ms]
2024-11-18 17:56:21.452 [info] fatal: not a git repository (or any parent up to mount point /)
Stopping at filesystem boundary (GIT_DISCOVERY_ACROSS_FILESYSTEM not set).
2024-11-18 17:56:21.460 [info] > git rev-parse --show-toplevel [1ms]
2024-11-18 17:56:21.460 [info] fatal: not a git repository (or any parent up to mount point /)
Stopping at filesystem boundary (GIT_DISCOVERY_ACROSS_FILESYSTEM not set).
2024-11-18 17:56:21.469 [info] > git rev-parse --show-toplevel [3ms]
2024-11-18 17:56:21.469 [info] fatal: not a git repository (or any parent up to mount point /)
Stopping at filesystem boundary (GIT_DISCOVERY_ACROSS_FILESYSTEM not set).
2024-11-18 17:56:21.474 [info] > git rev-parse --show-toplevel [1ms]
2024-11-18 17:56:21.474 [info] fatal: not a git repository (or any parent up to mount point /)
Stopping at filesystem boundary (GIT_DISCOVERY_ACROSS_FILESYSTEM not set).
2024-11-18 17:56:21.482 [info] > git rev-parse --show-toplevel [2ms]
2024-11-18 17:56:21.482 [info] fatal: not a git repository (or any parent up to mount point /)
Stopping at filesystem boundary (GIT_DISCOVERY_ACROSS_FILESYSTEM not set).
2024-11-18 17:56:21.488 [info] > git rev-parse --show-toplevel [1ms]
2024-11-18 17:56:21.488 [info] fatal: not a git repository (or any parent up to mount point /)
Stopping at filesystem boundary (GIT_DISCOVERY_ACROSS_FILESYSTEM not set).
2024-11-18 17:56:21.495 [info] > git rev-parse --show-toplevel [2ms]
2024-11-18 17:56:21.495 [info] fatal: not a git repository (or any parent up to mount point /)
Stopping at filesystem boundary (GIT_DISCOVERY_ACROSS_FILESYSTEM not set).
