[Info  - 3:00:36 PM] ESLint server is starting.
[Info  - 3:00:37 PM] ESLint server running in node v20.18.0
[Info  - 3:00:37 PM] ESLint server is running.
[Info  - 3:00:38 PM] ESLint library loaded from: /run/media/drive2/Developing/flame-launcher/node_modules/.pnpm/eslint@8.40.0/node_modules/eslint/lib/api.js
[Warn  - 3:30:25 PM] Detected package manager() differs from the one in the deprecated packageManager setting(npm). We will honor this setting until it is removed.
[object Object]
[Info  - 3:30:25 PM] 
Failed to load the ESLint library for the document /run/media/drive2/Developing/flame-launcher/xmcl-electron-app/build.ts

To use ESLint please install eslint by running npm install eslint in the workspace folder flame-launcher
or globally using 'npm install -g eslint'. You need to reopen the workspace after installing eslint.

Alternatively you can disable ESLint for the workspace folder flame-launcher by executing the 'Disable ESLint' command.
[Warn  - 3:30:31 PM] Detected package manager() differs from the one in the deprecated packageManager setting(npm). We will honor this setting until it is removed.
[object Object]
[Info  - 3:30:31 PM] 
Failed to load the ESLint library for the document /run/media/drive2/Developing/flame-launcher/xmcl-electron-app/esbuild.config.ts

To use ESLint please install eslint by running npm install eslint in the workspace folder flame-launcher
or globally using 'npm install -g eslint'. You need to reopen the workspace after installing eslint.

Alternatively you can disable ESLint for the workspace folder flame-launcher by executing the 'Disable ESLint' command.
[Warn  - 3:30:45 PM] Detected package manager() differs from the one in the deprecated packageManager setting(npm). We will honor this setting until it is removed.
[object Object]
[Info  - 3:30:45 PM] 
Failed to load the ESLint library for the document /run/media/drive2/Developing/flame-launcher/xmcl-electron-app/esbuild.config.ts

To use ESLint please install eslint by running npm install eslint in the workspace folder flame-launcher
or globally using 'npm install -g eslint'. You need to reopen the workspace after installing eslint.

Alternatively you can disable ESLint for the workspace folder flame-launcher by executing the 'Disable ESLint' command.
[Warn  - 3:30:46 PM] Detected package manager() differs from the one in the deprecated packageManager setting(npm). We will honor this setting until it is removed.
[object Object]
[Info  - 3:30:46 PM] 
Failed to load the ESLint library for the document /run/media/drive2/Developing/flame-launcher/xmcl-electron-app/esbuild.config.ts

To use ESLint please install eslint by running npm install eslint in the workspace folder flame-launcher
or globally using 'npm install -g eslint'. You need to reopen the workspace after installing eslint.

Alternatively you can disable ESLint for the workspace folder flame-launcher by executing the 'Disable ESLint' command.
