GitLens v16.0.2 activating in Visual Studio Code (1.95.3) on the desktop; language='en', logLevel='warn', defaultDateLocale='null' (d01e3abaf604be9cf4fe313af77637555c15ee32b73a4111c1c534bab9a1a280|1beac64d-2cc1-41e7-a909-a30378067c171732008630799)
To enable debug logging, set `"gitlens.outputLevel: "debug"` or run "GitLens: Enable Debug Logging" from the Command Palette
[2024-11-19 09:30:37.854] [GIT          ] [/run/media/drive2/Developing/flame-launcher/xmcl] git rev-parse --show-toplevel • Command failed: /usr/bin/git -c core.quotepath=false -c color.ui=false rev-parse --show-toplevel • not a git repository: /run/media/drive2/Developing/flame-launcher/xmcl/../.git/modules/xmcl [66ms]

[2024-11-19 10:00:25.318] [GIT    *512ms] [/run/media/drive2/Developing/flame-launcher] git log -M -n1 --format=%H c6a7e877001eaf1612909645c4bf351599b626ef^ -- xmcl-electron-app/CHANGELOG.legacy.md [*512ms] (slow)
[2024-11-19 10:00:25.617] [GIT    *813ms] [/run/media/drive2/Developing/flame-launcher] git log --format=%x3c%x2ff%x3e%n%x3cr%x3e%x20%H%n%x3ca%x3e%x20%aN%n%x3ce%x3e%x20%aE%n%x3cd%x3e%x20%at%n%x3cn%x3e%x20%cN%n%x3cm%x3e%x20%cE%n%x3cc%x3e%x20%ct%n%x3cp%x3e%x20%P%n%x3cs%x3e%n%B%n%x3c%x2fs%x3e%n%x3cf%x3e -M --name-status --full-history -m --no-min-parents -n3 c6a7e877001eaf1612909645c4bf351599b626ef -- [*813ms] (slow)
[2024-11-19 10:00:32.330] [GIT    *713ms] [/run/media/drive2/Developing/flame-launcher] git blame --root --incremental -- xmcl-electron-app/esbuild.config.ts [*713ms] (slow)
[2024-11-19 10:00:59.785] [GIT    *533ms] [/run/media/drive2/Developing/flame-launcher] git log --format=%x3c%x2ff%x3e%n%x3cr%x3e%x20%H%n%x3ca%x3e%x20%aN%n%x3ce%x3e%x20%aE%n%x3cd%x3e%x20%at%n%x3cn%x3e%x20%cN%n%x3cm%x3e%x20%cE%n%x3cc%x3e%x20%ct%n%x3cp%x3e%x20%P%n%x3cs%x3e%n%B%n%x3c%x2fs%x3e%n%x3cf%x3e -M --name-status --full-history -m --no-min-parents -n3 ef5832379cadee64b4aec5bdab5277f68738bd3c -- [*533ms] (slow)
[2024-11-19 10:48:23.195] [GIT   *4395ms] [/run/media/drive2/Developing/flame-launcher] git status --porcelain=v2 --branch -u --find-renames -- [*4395ms] (slow)
[2024-11-19 10:48:27.945] [GIT   *2533ms] [/run/media/drive2/Developing/flame-launcher] git status --porcelain=v2 --branch -u --find-renames -- [*2533ms] (slow)
[2024-11-19 10:48:36.474] [GIT    *692ms] [/run/media/drive2/Developing/flame-launcher] git log --format=%x3c%x2ff%x3e%n%x3cr%x3e%x20%H%n%x3ca%x3e%x20%aN%n%x3ce%x3e%x20%aE%n%x3cd%x3e%x20%at%n%x3cn%x3e%x20%cN%n%x3cm%x3e%x20%cE%n%x3cc%x3e%x20%ct%n%x3cp%x3e%x20%P%n%x3cs%x3e%n%B%n%x3c%x2fs%x3e%n%x3cf%x3e -M --name-status --full-history -m --no-min-parents -n3 9e1641472785e9c4e8b7f0e20b35cee407f6a76c -- [*692ms] (slow)
[2024-11-19 10:48:51.727] [GIT  *16874ms] [/run/media/drive2/Developing/flame-launcher] git status --porcelain=v2 --branch -u --find-renames -- [*16874ms] (slow)
[2024-11-19 10:48:52.319] [GIT    *590ms] [/run/media/drive2/Developing/flame-launcher] git log --format=%x3cr%x3e%x20%H -n3 -L 5,5:xmcl-keystone-ui/package.json [*590ms] (slow)
[2024-11-19 10:49:32.228] [GIT   *1485ms] [/run/media/drive2/Developing/flame-launcher] git blame --root --incremental -- xmcl-runtime-api/package.json [*1485ms] (slow)
[2024-11-19 10:49:33.482] [GIT   *1490ms] [/run/media/drive2/Developing/flame-launcher] git log --format=%x3c%x2ff%x3e%n%x3cr%x3e%x20%H%n%x3ca%x3e%x20%aN%n%x3ce%x3e%x20%aE%n%x3cd%x3e%x20%at%n%x3cn%x3e%x20%cN%n%x3cm%x3e%x20%cE%n%x3cc%x3e%x20%ct%n%x3cp%x3e%x20%P%n%x3cs%x3e%n%B%n%x3c%x2fs%x3e%n%x3cf%x3e -M --name-status --full-history -m --no-min-parents -n3 8843c831b3aa344ded1417b01b2080bfbeac3193 -- [*1490ms] (slow)
[2024-11-19 10:49:45.392] [GIT    *521ms] [/run/media/drive2/Developing/flame-launcher] git blame --root --incremental -- manifests/a/aislx/FlameLauncher/1.0.8/aislx.FlameLauncher.installer.yaml [*521ms] (slow)
[2024-11-19 10:49:46.012] [GIT    *585ms] [/run/media/drive2/Developing/flame-launcher] git rev-parse --verify --end-of-options 26ea2e8559d7b73db151f3d807b7569ce3eebf68^:./manifests/a/aislx/FlameLauncher/1.0.8/aislx.FlameLauncher.installer.yaml [*585ms] (slow)
[2024-11-19 10:49:46.045] [GIT    *651ms] [/run/media/drive2/Developing/flame-launcher] git log -M -n1 --format=%H 26ea2e8559d7b73db151f3d807b7569ce3eebf68^ -- manifests/a/aislx/FlameLauncher/1.0.8/aislx.FlameLauncher.installer.yaml [*651ms] (slow)
[2024-11-19 10:49:46.253] [GIT    *859ms] [/run/media/drive2/Developing/flame-launcher] git log --format=%x3c%x2ff%x3e%n%x3cr%x3e%x20%H%n%x3ca%x3e%x20%aN%n%x3ce%x3e%x20%aE%n%x3cd%x3e%x20%at%n%x3cn%x3e%x20%cN%n%x3cm%x3e%x20%cE%n%x3cc%x3e%x20%ct%n%x3cp%x3e%x20%P%n%x3cs%x3e%n%B%n%x3c%x2fs%x3e%n%x3cf%x3e -M --name-status --full-history -m --no-min-parents -n3 26ea2e8559d7b73db151f3d807b7569ce3eebf68 -- [*859ms] (slow)
[2024-11-19 10:49:52.211] [GIT  *23923ms] [/run/media/drive2/Developing/flame-launcher] git status --porcelain=v2 --branch -u --find-renames -- [*23923ms] (slow)
[2024-11-19 10:49:52.211] [GIT  *18987ms] [/run/media/drive2/Developing/flame-launcher] git status --porcelain=v2 --branch -u --find-renames -- [*18987ms] (slow, waiting)
[2024-11-19 10:50:03.672] [GIT    *781ms] [/run/media/drive2/Developing/flame-launcher] git blame --root --incremental -- LICENSE [*781ms] (slow)
[2024-11-19 10:50:06.273] [GIT   *2598ms] [/run/media/drive2/Developing/flame-launcher] git log -M -n1 --format=%H b5d1f868af4c4ee414f3697382bb628d79f51083^ -- LICENSE [*2598ms] (slow)
[2024-11-19 10:50:06.290] [GIT   *2563ms] [/run/media/drive2/Developing/flame-launcher] git rev-parse --verify --end-of-options b5d1f868af4c4ee414f3697382bb628d79f51083^:./LICENSE [*2563ms] (slow)
[2024-11-19 10:55:07.555] [GIT    *505ms] [/run/media/drive2/Developing/flame-launcher] git status --porcelain=v2 --branch -u --find-renames -- [*505ms] (slow)
[2024-11-19 10:56:43.592] [GIT   *1484ms] [/run/media/drive2/Developing/flame-launcher] git status --porcelain=v2 --branch -u --find-renames -- [*1484ms] (slow)
[2024-11-19 10:56:57.562] [GIT   *2848ms] [/run/media/drive2/Developing/flame-launcher] git status --porcelain=v2 --branch -u --find-renames -- [*2848ms] (slow)
[2024-11-19 10:57:00.870] [GIT   *2586ms] [/run/media/drive2/Developing/flame-launcher] git status --porcelain=v2 --branch -u --find-renames -- [*2586ms] (slow)
[2024-11-19 10:59:01.986] [GIT    *515ms] [/run/media/drive2/Developing/flame-launcher] git status --porcelain=v2 --branch -u --find-renames -- [*515ms] (slow)
[2024-11-19 11:00:01.042] [GIT    *504ms] [/run/media/drive2/Developing/flame-launcher] git status --porcelain=v2 --branch -u --find-renames -- [*504ms] (slow)
[2024-11-19 11:00:31.394] [GIT    *597ms] [/run/media/drive2/Developing/flame-launcher] git status --porcelain=v2 --branch -u --find-renames -- [*597ms] (slow)
[2024-11-19 11:01:07.815] [GIT    *537ms] [/run/media/drive2/Developing/flame-launcher] git status --porcelain=v2 --branch -u --find-renames -- [*537ms] (slow)
[2024-11-19 11:01:13.060] [GIT    *614ms] [/run/media/drive2/Developing/flame-launcher] git status --porcelain=v2 --branch -u --find-renames -- [*614ms] (slow)
[2024-11-19 13:37:55.244] [GIT    *608ms] [/run/media/drive2/Developing/flame-launcher] git blame --root --incremental -- xmcl-electron-app/plugins/esbuild.preload.plugin.ts [*608ms] (slow)
[2024-11-19 13:37:55.873] [GIT    *627ms] [/run/media/drive2/Developing/flame-launcher] git log --format=%x3c%x2ff%x3e%n%x3cr%x3e%x20%H%n%x3ca%x3e%x20%aN%n%x3ce%x3e%x20%aE%n%x3cd%x3e%x20%at%n%x3cn%x3e%x20%cN%n%x3cm%x3e%x20%cE%n%x3cc%x3e%x20%ct%n%x3cp%x3e%x20%P%n%x3cs%x3e%n%B%n%x3c%x2fs%x3e%n%x3cf%x3e -M --name-status --full-history -m --no-min-parents -n3 b5d1f868af4c4ee414f3697382bb628d79f51083 -- [*627ms] (slow)
[2024-11-19 13:37:55.929] [GIT    *683ms] [/run/media/drive2/Developing/flame-launcher] git log -M -n1 --format=%H b5d1f868af4c4ee414f3697382bb628d79f51083^ -- xmcl-electron-app/plugins/esbuild.preload.plugin.ts [*683ms] (slow)
