2024-11-19 15:00:33.065 [info] Extension host with pid 2054 started
2024-11-19 15:00:33.065 [info] Skipping acquiring lock for /home/aislx/.config/Code/User/workspaceStorage/10dd9d557c293ea452a23f49b0c01b32.
2024-11-19 15:00:33.456 [info] ExtensionService#_doActivateExtension vscode.emmet, startup: false, activationEvent: 'onLanguage'
2024-11-19 15:00:33.488 [info] ExtensionService#_doActivateExtension vscode.configuration-editing, startup: false, activationEvent: 'onLanguage:jsonc'
2024-11-19 15:00:33.520 [info] ExtensionService#_doActivateExtension vscode.json-language-features, startup: false, activationEvent: 'onLanguage:jsonc'
2024-11-19 15:00:33.620 [info] ExtensionService#_doActivateExtension vscode.typescript-language-features, startup: false, activationEvent: 'onLanguage:jsonc'
2024-11-19 15:00:33.693 [info] ExtensionService#_doActivateExtension ms-edgedevtools.vscode-edge-devtools, startup: false, activationEvent: 'onLanguage:jsonc'
2024-11-19 15:00:34.303 [info] ExtensionService#_doActivateExtension vscode.git-base, startup: true, activationEvent: '*', root cause: vscode.git
2024-11-19 15:00:34.364 [info] ExtensionService#_doActivateExtension dlasagno.wal-theme, startup: true, activationEvent: '*'
2024-11-19 15:00:34.427 [info] ExtensionService#_doActivateExtension vscode.npm, startup: true, activationEvent: 'workspaceContains:package.json'
2024-11-19 15:00:34.491 [info] ExtensionService#_doActivateExtension lokalise.i18n-ally, startup: true, activationEvent: 'workspaceContains:package.json'
2024-11-19 15:00:35.227 [info] ExtensionService#_doActivateExtension yzhang.markdown-all-in-one, startup: true, activationEvent: 'workspaceContains:README.md'
2024-11-19 15:00:35.644 [info] ExtensionService#_doActivateExtension vscode.markdown-math, startup: false, activationEvent: 'api', root cause: yzhang.markdown-all-in-one
2024-11-19 15:00:35.658 [info] ExtensionService#_doActivateExtension vscode.git, startup: true, activationEvent: '*'
2024-11-19 15:00:35.851 [info] ExtensionService#_doActivateExtension vscode.github, startup: true, activationEvent: '*'
2024-11-19 15:00:36.174 [info] Eager extensions activated
2024-11-19 15:00:36.226 [info] ExtensionService#_doActivateExtension vscode.debug-auto-launch, startup: false, activationEvent: 'onStartupFinished'
2024-11-19 15:00:36.232 [info] ExtensionService#_doActivateExtension vscode.merge-conflict, startup: false, activationEvent: 'onStartupFinished'
2024-11-19 15:00:36.262 [info] ExtensionService#_doActivateExtension dbaeumer.vscode-eslint, startup: false, activationEvent: 'onStartupFinished'
2024-11-19 15:00:36.317 [info] ExtensionService#_doActivateExtension eamodio.gitlens, startup: false, activationEvent: 'onStartupFinished'
2024-11-19 15:00:36.531 [info] ExtensionService#_doActivateExtension equinusocio.vsc-material-theme-icons, startup: false, activationEvent: 'onStartupFinished'
2024-11-19 15:00:36.571 [info] ExtensionService#_doActivateExtension esbenp.prettier-vscode, startup: false, activationEvent: 'onStartupFinished'
2024-11-19 15:00:37.221 [info] ExtensionService#_doActivateExtension vscode.github-authentication, startup: false, activationEvent: 'onAuthenticationRequest:github'
2024-11-19 15:00:38.421 [warning] [Decorations] CAPPING events from decorations provider vscode.git 437
2024-11-19 15:00:39.104 [warning] [Decorations] CAPPING events from decorations provider vscode.git 437
2024-11-19 15:00:41.212 [info] ExtensionService#_doActivateExtension vscode.extension-editing, startup: false, activationEvent: 'onLanguage:json'
2024-11-19 15:00:41.234 [info] ExtensionService#_doActivateExtension ZainChen.json, startup: false, activationEvent: 'onLanguage:json'
2024-11-19 15:01:06.666 [warning] Illegal argument: TextEditor(vs.editor.ICodeEditor:1,$model1)
2024-11-19 15:01:32.238 [info] ExtensionService#_doActivateExtension vscode.markdown-language-features, startup: false, activationEvent: 'onLanguage:markdown'
2024-11-19 15:01:33.130 [warning] Illegal argument: TextEditor(vs.editor.ICodeEditor:2,$model41)
2024-11-19 15:01:35.997 [warning] TextEditor is closed/disposed
2024-11-19 15:01:39.684 [warning] TextEditor is closed/disposed
2024-11-19 15:01:40.451 [warning] TextEditor is closed/disposed
2024-11-19 15:01:41.273 [warning] TextEditor is closed/disposed
2024-11-19 15:29:22.342 [warning] [Decorations] CAPPING events from decorations provider vscode.git 437
2024-11-19 15:29:37.141 [warning] [Decorations] CAPPING events from decorations provider vscode.git 437
2024-11-19 15:30:23.039 [warning] [Decorations] CAPPING events from decorations provider vscode.git 437
2024-11-19 15:30:30.876 [warning] TextEditor is closed/disposed
2024-11-19 15:30:40.819 [warning] [Decorations] CAPPING events from decorations provider vscode.git 437
2024-11-19 15:30:48.194 [warning] [Decorations] CAPPING events from decorations provider vscode.git 437
2024-11-19 15:30:54.293 [warning] [Decorations] CAPPING events from decorations provider vscode.git 437
2024-11-19 15:31:02.432 [warning] [Decorations] CAPPING events from decorations provider vscode.git 438
2024-11-19 15:31:04.639 [info] ExtensionService#_doActivateExtension vscode.debug-server-ready, startup: false, activationEvent: 'onDebugResolve'
2024-11-19 15:31:04.650 [info] ExtensionService#_doActivateExtension ms-vscode.js-debug, startup: false, activationEvent: 'onDebugResolve:node'
2024-11-19 15:31:10.389 [warning] [Decorations] CAPPING events from decorations provider vscode.git 439
2024-11-19 15:31:20.689 [warning] [Decorations] CAPPING events from decorations provider vscode.git 439
2024-11-19 15:31:27.108 [warning] [Decorations] CAPPING events from decorations provider vscode.git 438
2024-11-19 15:31:32.955 [warning] [Decorations] CAPPING events from decorations provider vscode.git 438
2024-11-19 15:31:39.712 [warning] Illegal argument: TextEditor(vs.editor.ICodeEditor:5,$model54)
2024-11-19 15:31:44.302 [warning] [Decorations] CAPPING events from decorations provider vscode.git 438
2024-11-19 15:31:44.837 [warning] TextEditor is closed/disposed
2024-11-19 15:31:46.026 [warning] TextEditor is closed/disposed
2024-11-19 15:31:55.569 [warning] TextEditor is closed/disposed
2024-11-19 15:32:43.881 [warning] TextEditor is closed/disposed
2024-11-19 15:33:00.497 [warning] Illegal argument: TextEditor(vs.editor.ICodeEditor:9,$model61)
2024-11-19 15:33:04.023 [warning] TextEditor is closed/disposed
2024-11-19 15:33:30.057 [warning] TextEditor is closed/disposed
2024-11-19 15:33:59.400 [warning] [Decorations] CAPPING events from decorations provider vscode.git 438
2024-11-19 15:34:05.089 [warning] [Decorations] CAPPING events from decorations provider vscode.git 438
2024-11-19 15:38:50.303 [warning] TextEditor is closed/disposed
2024-11-19 15:40:42.544 [warning] [Decorations] CAPPING events from decorations provider vscode.git 439
2024-11-19 15:40:54.741 [warning] [Decorations] CAPPING events from decorations provider vscode.git 439
2024-11-19 15:41:00.421 [warning] [Decorations] CAPPING events from decorations provider vscode.git 439
2024-11-19 15:43:08.734 [warning] [Decorations] CAPPING events from decorations provider vscode.git 440
2024-11-19 15:43:16.434 [warning] [Decorations] CAPPING events from decorations provider vscode.git 440
2024-11-19 15:43:22.344 [warning] [Decorations] CAPPING events from decorations provider vscode.git 439
2024-11-19 15:49:20.413 [warning] TextEditor is closed/disposed
2024-11-19 15:49:21.931 [warning] [Decorations] CAPPING events from decorations provider vscode.git 440
2024-11-19 15:50:46.440 [warning] [Decorations] CAPPING events from decorations provider vscode.git 440
2024-11-19 15:50:52.179 [warning] [Decorations] CAPPING events from decorations provider vscode.git 440
2024-11-19 15:54:29.962 [warning] [Decorations] CAPPING events from decorations provider vscode.git 440
2024-11-19 15:54:35.552 [warning] [Decorations] CAPPING events from decorations provider vscode.git 441
2024-11-19 15:54:53.652 [warning] [Decorations] CAPPING events from decorations provider vscode.git 441
2024-11-19 15:55:03.024 [warning] [Decorations] CAPPING events from decorations provider vscode.git 440
2024-11-19 15:55:08.452 [warning] [Decorations] CAPPING events from decorations provider vscode.git 440
2024-11-19 15:55:27.878 [warning] [Decorations] CAPPING events from decorations provider vscode.git 440
2024-11-19 15:55:33.682 [warning] [Decorations] CAPPING events from decorations provider vscode.git 440
2024-11-19 15:55:56.726 [warning] [Decorations] CAPPING events from decorations provider vscode.git 441
2024-11-19 15:56:03.390 [warning] [Decorations] CAPPING events from decorations provider vscode.git 441
2024-11-19 15:56:37.800 [warning] [Decorations] CAPPING events from decorations provider vscode.git 441
2024-11-19 15:56:52.490 [warning] [Decorations] CAPPING events from decorations provider vscode.git 441
2024-11-19 15:56:58.508 [warning] [Decorations] CAPPING events from decorations provider vscode.git 440
2024-11-19 15:57:05.340 [warning] [Decorations] CAPPING events from decorations provider vscode.git 440
2024-11-19 15:57:18.965 [warning] [Decorations] CAPPING events from decorations provider vscode.git 440
2024-11-19 16:17:18.555 [warning] TextEditor is closed/disposed
2024-11-19 16:17:34.279 [warning] TextEditor is closed/disposed
2024-11-19 16:18:16.712 [warning] TextEditor is closed/disposed
2024-11-19 16:18:19.885 [warning] TextEditor is closed/disposed
2024-11-19 16:18:27.940 [warning] [Decorations] CAPPING events from decorations provider vscode.git 440
2024-11-19 16:18:34.045 [warning] TextEditor is closed/disposed
2024-11-19 16:18:38.162 [warning] TextEditor is closed/disposed
2024-11-19 16:19:16.141 [warning] TextEditor is closed/disposed
2024-11-19 16:19:42.467 [warning] TextEditor is closed/disposed
2024-11-19 16:19:43.766 [warning] [Decorations] CAPPING events from decorations provider vscode.git 440
2024-11-19 16:19:48.312 [warning] TextEditor is closed/disposed
2024-11-19 16:19:49.553 [warning] TextEditor is closed/disposed
2024-11-19 16:19:54.656 [warning] TextEditor is closed/disposed
2024-11-19 16:20:01.092 [warning] TextEditor is closed/disposed
2024-11-19 16:20:01.118 [info] ExtensionService#_doActivateExtension vscode.media-preview, startup: false, activationEvent: 'onCustomEditor:imagePreview.previewEditor'
2024-11-19 16:20:18.329 [warning] [Decorations] CAPPING events from decorations provider vscode.git 440
2024-11-19 16:22:31.566 [warning] [Decorations] CAPPING events from decorations provider vscode.git 440
2024-11-19 16:23:35.627 [warning] [Decorations] CAPPING events from decorations provider vscode.git 440
2024-11-19 16:25:36.335 [warning] [Decorations] CAPPING events from decorations provider vscode.git 440
2024-11-19 16:25:38.853 [warning] TextEditor is closed/disposed
2024-11-19 16:25:40.468 [warning] TextEditor is closed/disposed
2024-11-19 16:26:02.548 [warning] TextEditor is closed/disposed
2024-11-19 16:26:04.058 [warning] TextEditor is closed/disposed
2024-11-19 16:26:25.880 [warning] [Decorations] CAPPING events from decorations provider vscode.git 440
2024-11-19 16:26:41.437 [warning] TextEditor is closed/disposed
2024-11-19 16:26:42.534 [warning] TextEditor is closed/disposed
2024-11-19 16:26:54.072 [warning] TextEditor is closed/disposed
2024-11-19 16:26:57.711 [warning] TextEditor is closed/disposed
2024-11-19 16:26:59.391 [warning] TextEditor is closed/disposed
2024-11-19 16:27:06.254 [warning] TextEditor is closed/disposed
2024-11-19 16:27:20.326 [warning] [Decorations] CAPPING events from decorations provider vscode.git 439
2024-11-19 16:27:22.366 [warning] TextEditor is closed/disposed
2024-11-19 16:27:24.030 [warning] TextEditor is closed/disposed
2024-11-19 16:27:59.118 [warning] [Decorations] CAPPING events from decorations provider vscode.git 438
2024-11-19 16:28:12.993 [warning] TextEditor is closed/disposed
2024-11-19 16:28:14.474 [warning] TextEditor is closed/disposed
2024-11-19 16:28:23.052 [warning] TextEditor is closed/disposed
2024-11-19 16:28:26.277 [warning] TextEditor is closed/disposed
2024-11-19 16:28:30.690 [warning] TextEditor is closed/disposed
2024-11-19 16:29:01.036 [warning] TextEditor is closed/disposed
2024-11-19 16:29:01.908 [warning] [Decorations] CAPPING events from decorations provider vscode.git 438
2024-11-19 16:29:10.827 [warning] [Decorations] CAPPING events from decorations provider vscode.git 438
2024-11-19 16:29:16.257 [warning] [Decorations] CAPPING events from decorations provider vscode.git 438
2024-11-19 16:29:21.693 [warning] [Decorations] CAPPING events from decorations provider vscode.git 438
2024-11-19 16:29:41.903 [warning] [Decorations] CAPPING events from decorations provider vscode.git 438
2024-11-19 16:29:45.358 [warning] TextEditor is closed/disposed
2024-11-19 16:29:47.395 [warning] [Decorations] CAPPING events from decorations provider vscode.git 438
2024-11-19 16:30:00.811 [warning] [Decorations] CAPPING events from decorations provider vscode.git 438
2024-11-19 16:30:27.716 [warning] [Decorations] CAPPING events from decorations provider vscode.git 438
2024-11-19 16:31:38.347 [warning] [Decorations] CAPPING events from decorations provider vscode.git 438
2024-11-19 16:31:38.432 [error] TypeError: Cannot read properties of undefined (reading 'sha')
	at LineTracker.updateState (/home/aislx/.vscode/extensions/eamodio.gitlens-16.0.2/dist/gitlens.js:1358:27901)
	at process.processTicksAndRejections (node:internal/process/task_queues:95:5)
	at async LineTracker.fireLinesChanged (/home/aislx/.vscode/extensions/eamodio.gitlens-16.0.2/dist/gitlens.js:1358:26472)
2024-11-19 16:31:44.106 [warning] [Decorations] CAPPING events from decorations provider vscode.git 438
2024-11-19 16:31:50.227 [warning] [Decorations] CAPPING events from decorations provider vscode.git 438
2024-11-19 16:31:55.643 [warning] [Decorations] CAPPING events from decorations provider vscode.git 438
2024-11-19 16:33:34.952 [warning] [Decorations] CAPPING events from decorations provider vscode.git 438
2024-11-19 16:33:53.444 [warning] [Decorations] CAPPING events from decorations provider vscode.git 438
2024-11-19 16:34:00.652 [warning] [Decorations] CAPPING events from decorations provider vscode.git 438
2024-11-19 16:34:09.716 [warning] [Decorations] CAPPING events from decorations provider vscode.git 438
2024-11-19 16:34:45.999 [warning] [Decorations] CAPPING events from decorations provider vscode.git 438
2024-11-19 16:34:51.761 [warning] [Decorations] CAPPING events from decorations provider vscode.git 438
2024-11-19 16:35:01.728 [warning] [Decorations] CAPPING events from decorations provider vscode.git 438
2024-11-19 16:35:06.997 [warning] TextEditor is closed/disposed
2024-11-19 16:35:11.322 [warning] TextEditor is closed/disposed
2024-11-19 16:35:32.707 [warning] TextEditor is closed/disposed
2024-11-19 16:35:40.432 [warning] TextEditor is closed/disposed
2024-11-19 16:36:01.014 [warning] [Decorations] CAPPING events from decorations provider vscode.git 438
2024-11-19 16:36:06.741 [warning] [Decorations] CAPPING events from decorations provider vscode.git 438
2024-11-19 16:36:46.364 [error] Error: 'github' authentication is required for this operation
	at GitHubGitProvider.r (/home/aislx/.vscode/extensions/eamodio.gitlens-16.0.2/dist/integrations.js:643:45676)
2024-11-19 16:36:46.373 [error] Error: 'github' authentication is required for this operation
	at GitHubGitProvider.r (/home/aislx/.vscode/extensions/eamodio.gitlens-16.0.2/dist/integrations.js:643:45676)
2024-11-19 16:37:00.780 [warning] [Decorations] CAPPING events from decorations provider vscode.git 438
2024-11-19 16:37:02.801 [warning] [Decorations] CAPPING events from decorations provider vscode.git 438
2024-11-19 16:37:13.742 [warning] [Decorations] CAPPING events from decorations provider vscode.git 438
2024-11-19 16:37:15.062 [warning] [Decorations] CAPPING events from decorations provider vscode.git 438
2024-11-19 16:37:19.540 [warning] TextEditor is closed/disposed
2024-11-19 16:38:08.516 [info] ExtensionService#_doActivateExtension vscode.html-language-features, startup: false, activationEvent: 'onLanguage:html'
2024-11-19 16:38:13.692 [info] ExtensionService#_doActivateExtension vscode.css-language-features, startup: false, activationEvent: 'onLanguage:css'
2024-11-19 16:38:16.805 [error] Actual command not found, wanted to execute git.commit /2057 __vsc53217cbf-8e0a-40ef-9a1e-2242f65ef19b undefined
2024-11-19 16:38:36.067 [info] ExtensionService#_doActivateExtension Vue.volar, startup: false, activationEvent: 'onLanguage:vue'
2024-11-19 16:38:37.103 [warning] [Decorations] CAPPING events from decorations provider vscode.git 438
2024-11-19 16:38:38.412 [warning] [Decorations] CAPPING events from decorations provider vscode.git 408
2024-11-19 16:39:01.613 [warning] [Decorations] CAPPING events from decorations provider vscode.git 408
2024-11-19 16:39:08.994 [warning] [Decorations] CAPPING events from decorations provider vscode.git 408
2024-11-19 16:39:15.250 [warning] [Decorations] CAPPING events from decorations provider vscode.git 408
2024-11-19 16:39:22.161 [warning] [Decorations] CAPPING events from decorations provider vscode.git 408
2024-11-19 16:49:13.004 [info] ExtensionService#_doActivateExtension github.vscode-github-actions, startup: false, activationEvent: 'onLanguage:github-actions-workflow'
2024-11-19 16:49:30.620 [error] Error: 'github' authentication is required for this operation
	at GitHubGitProvider.r (/home/aislx/.vscode/extensions/eamodio.gitlens-16.0.2/dist/integrations.js:643:45676)
2024-11-19 16:49:30.620 [error] Error: 'github' authentication is required for this operation
	at GitHubGitProvider.r (/home/aislx/.vscode/extensions/eamodio.gitlens-16.0.2/dist/integrations.js:643:45676)
2024-11-19 16:58:02.364 [warning] TextEditor is closed/disposed
2024-11-19 16:58:23.773 [warning] TextEditor is closed/disposed
2024-11-19 16:58:24.809 [warning] TextEditor is closed/disposed
2024-11-19 16:58:31.383 [warning] TextEditor is closed/disposed
2024-11-19 17:01:47.358 [warning] TextEditor is closed/disposed
2024-11-19 17:01:54.871 [warning] TextEditor is closed/disposed
2024-11-19 17:02:43.100 [warning] TextEditor is closed/disposed
2024-11-19 17:02:47.145 [warning] TextEditor is closed/disposed
2024-11-19 17:06:41.847 [warning] [Decorations] CAPPING events from decorations provider vscode.git 408
2024-11-19 17:06:59.841 [warning] TextEditor is closed/disposed
2024-11-19 19:07:54.248 [warning] TextEditor is closed/disposed
