2024-11-18 17:45:53.501 [info] Added views:outline in workbench.view.explorer
2024-11-18 17:45:53.501 [info] Added views:workbench.view.search in workbench.view.search
2024-11-18 17:45:53.501 [info] Added views:workbench.scm in workbench.view.scm
2024-11-18 17:45:53.501 [info] Added views:workbench.panel.markers.view in workbench.panel.markers
2024-11-18 17:45:53.501 [info] Added views:workbench.panel.output in workbench.panel.output
2024-11-18 17:45:53.501 [info] Added views:terminal in terminal
2024-11-18 17:45:53.501 [info] Added views:timeline in workbench.view.explorer
2024-11-18 17:45:53.501 [info] Added views:workbench.explorer.emptyView in workbench.view.explorer
2024-11-18 17:45:53.840 [info] Added views:workbench.debug.welcome in workbench.view.debug
2024-11-18 17:45:54.868 [info] Added views:workbench.panel.repl.view in workbench.panel.repl
2024-11-18 17:45:55.246 [info] Added views:~remote.forwardedPorts in ~remote.forwardedPortsContainer
2024-11-18 17:46:01.430 [info] Added views:outline in workbench.view.explorer
2024-11-18 17:46:01.430 [info] Added views:workbench.view.search in workbench.view.search
2024-11-18 17:46:01.430 [info] Added views:workbench.scm in workbench.view.scm
2024-11-18 17:46:01.430 [info] Added views:workbench.panel.markers.view in workbench.panel.markers
2024-11-18 17:46:01.430 [info] Added views:workbench.panel.output in workbench.panel.output
2024-11-18 17:46:01.430 [info] Added views:terminal in terminal
2024-11-18 17:46:01.430 [info] Added views:timeline in workbench.view.explorer
2024-11-18 17:46:01.430 [info] Added views:workbench.explorer.fileView in workbench.view.explorer
2024-11-18 17:46:01.604 [info] Added views:workbench.debug.welcome in workbench.view.debug
2024-11-18 17:46:02.635 [info] Added views:workbench.panel.repl.view in workbench.panel.repl
2024-11-18 17:46:02.986 [info] Added views:~remote.forwardedPorts in ~remote.forwardedPortsContainer
