2024-11-19 15:00:37.638 [info] Reading sessions from keychain...
2024-11-19 15:00:37.638 [info] Getting sessions for all scopes...
2024-11-19 15:00:37.638 [info] Got 0 sessions for ...
2024-11-19 15:00:37.638 [info] Getting sessions for all scopes...
2024-11-19 15:00:37.638 [info] Got 0 sessions for ...
2024-11-19 15:00:37.638 [info] Getting sessions for all scopes...
2024-11-19 15:00:37.638 [info] Got 0 sessions for ...
2024-11-19 15:00:37.638 [info] Getting sessions for read:user,repo,user:email...
2024-11-19 15:00:37.638 [info] Got 0 sessions for read:user,repo,user:email...
2024-11-19 15:00:38.499 [info] Getting sessions for read:user,repo,user:email,workflow...
2024-11-19 15:00:38.499 [info] Got 0 sessions for read:user,repo,user:email,workflow...
2024-11-19 16:36:20.689 [info] Getting sessions for read:user,repo,user:email,workflow...
2024-11-19 16:36:20.728 [info] Got 0 sessions for read:user,repo,user:email,workflow...
2024-11-19 16:36:22.622 [info] Logging in with 'any' account...
2024-11-19 16:36:22.623 [info] Logging in for the following scopes: read:user repo user:email workflow
2024-11-19 16:36:22.694 [info] Trying without local server... (read:user repo user:email workflow)
2024-11-19 16:36:37.789 [info] Exchanging code for token...
2024-11-19 16:36:38.310 [info] Token exchange success!
2024-11-19 16:36:38.317 [info] Getting user info...
2024-11-19 16:36:38.910 [info] Got account info!
2024-11-19 16:36:38.910 [info] Storing 1 sessions...
2024-11-19 16:36:44.942 [info] Reading sessions from keychain...
2024-11-19 16:36:44.943 [info] Stored 1 sessions!
2024-11-19 16:36:44.943 [info] Login success!
2024-11-19 16:36:45.278 [info] Got stored sessions!
2024-11-19 16:36:45.278 [info] Got 1 verified sessions.
2024-11-19 16:36:45.283 [info] Getting sessions for read:user,repo,user:email...
2024-11-19 16:36:45.283 [info] Got 0 sessions for read:user,repo,user:email...
2024-11-19 16:36:45.378 [info] Getting sessions for read:user,repo,user:email...
2024-11-19 16:36:45.378 [info] Got 0 sessions for read:user,repo,user:email...
2024-11-19 16:36:45.752 [info] Getting sessions for read:user,repo,user:email,workflow...
2024-11-19 16:36:45.752 [info] Got 1 sessions for read:user,repo,user:email,workflow...
2024-11-19 16:36:45.856 [info] Getting sessions for read:user,repo,user:email,workflow...
2024-11-19 16:36:45.856 [info] Got 1 sessions for read:user,repo,user:email,workflow...
2024-11-19 16:39:32.960 [info] Getting sessions for read:user,repo,user:email,workflow...
2024-11-19 16:39:32.960 [info] Got 1 sessions for read:user,repo,user:email,workflow...
2024-11-19 16:49:13.202 [info] Getting sessions for repo,workflow...
2024-11-19 16:49:13.202 [info] Got 0 sessions for repo,workflow...
2024-11-19 16:49:13.342 [info] Getting sessions for repo,workflow...
2024-11-19 16:49:13.342 [info] Got 0 sessions for repo,workflow...
2024-11-19 16:49:13.364 [info] Getting sessions for repo,workflow...
2024-11-19 16:49:13.364 [info] Got 0 sessions for repo,workflow...
2024-11-19 16:49:13.367 [info] Getting sessions for repo,workflow...
2024-11-19 16:49:13.367 [info] Got 0 sessions for repo,workflow...
2024-11-19 16:49:21.477 [info] Getting sessions for repo,workflow...
2024-11-19 16:49:21.478 [info] Got 0 sessions for repo,workflow...
2024-11-19 16:49:22.859 [info] Logging in with 'any' account...
2024-11-19 16:49:22.859 [info] Logging in for the following scopes: repo workflow
2024-11-19 16:49:22.877 [info] Trying without local server... (repo workflow)
2024-11-19 16:49:28.518 [info] Exchanging code for token...
2024-11-19 16:49:29.041 [info] Token exchange success!
2024-11-19 16:49:29.042 [info] Getting user info...
2024-11-19 16:49:29.567 [info] Got account info!
2024-11-19 16:49:29.567 [info] Storing 2 sessions...
2024-11-19 16:49:29.573 [info] Reading sessions from keychain...
2024-11-19 16:49:29.573 [info] Stored 2 sessions!
2024-11-19 16:49:29.574 [info] Login success!
2024-11-19 16:49:29.582 [info] Got stored sessions!
2024-11-19 16:49:29.582 [info] Got 2 verified sessions.
2024-11-19 16:49:29.604 [info] Getting sessions for read:user,repo,user:email,workflow...
2024-11-19 16:49:29.604 [info] Got 1 sessions for read:user,repo,user:email,workflow...
2024-11-19 16:49:29.605 [info] Getting sessions for read:user,repo,user:email...
2024-11-19 16:49:29.605 [info] Got 0 sessions for read:user,repo,user:email...
2024-11-19 16:49:29.613 [info] Getting sessions for repo,workflow...
2024-11-19 16:49:29.613 [info] Got 1 sessions for repo,workflow...
2024-11-19 16:49:29.630 [info] Getting sessions for read:user,repo,user:email...
2024-11-19 16:49:29.630 [info] Got 0 sessions for read:user,repo,user:email...
2024-11-19 16:49:30.144 [info] Getting sessions for repo,workflow...
2024-11-19 16:49:30.144 [info] Got 1 sessions for repo,workflow...
2024-11-19 16:49:30.144 [info] Getting sessions for read:user,repo,user:email,workflow...
2024-11-19 16:49:30.144 [info] Got 1 sessions for read:user,repo,user:email,workflow...
2024-11-19 16:49:30.338 [info] Getting sessions for repo,workflow...
2024-11-19 16:49:30.338 [info] Got 1 sessions for repo,workflow...
2024-11-19 16:49:30.538 [info] Getting sessions for read:user,repo,user:email,workflow...
2024-11-19 16:49:30.538 [info] Got 1 sessions for read:user,repo,user:email,workflow...
2024-11-19 16:49:30.579 [info] Getting sessions for read:user,repo,user:email,workflow...
2024-11-19 16:49:30.579 [info] Got 1 sessions for read:user,repo,user:email,workflow...
2024-11-19 16:49:30.957 [info] Getting sessions for read:user,repo,user:email,workflow...
2024-11-19 16:49:30.957 [info] Got 1 sessions for read:user,repo,user:email,workflow...
2024-11-19 16:49:30.962 [info] Getting sessions for read:user,repo,user:email,workflow...
2024-11-19 16:49:30.962 [info] Got 1 sessions for read:user,repo,user:email,workflow...
2024-11-19 16:49:33.840 [info] Getting sessions for repo,workflow...
2024-11-19 16:49:33.840 [info] Got 1 sessions for repo,workflow...
2024-11-19 16:49:45.536 [info] Getting sessions for repo,workflow...
2024-11-19 16:49:45.536 [info] Got 1 sessions for repo,workflow...
2024-11-19 16:49:46.521 [info] Getting sessions for repo,workflow...
2024-11-19 16:49:46.521 [info] Got 1 sessions for repo,workflow...
2024-11-19 16:49:46.763 [info] Getting sessions for repo,workflow...
2024-11-19 16:49:46.763 [info] Got 1 sessions for repo,workflow...
