2024-11-20 08:20:17.439 [info] [main] Log level: Info
2024-11-20 08:20:17.439 [info] [main] Validating found git in: "git"
2024-11-20 08:20:17.439 [info] [main] Using git "2.47.0" from "git"
2024-11-20 08:20:17.439 [info] [Model][doInitialScan] Initial repository scan started
2024-11-20 08:20:17.439 [info] > git rev-parse --show-toplevel [13ms]
2024-11-20 08:20:17.440 [info] > git rev-parse --show-toplevel [2ms]
2024-11-20 08:20:17.477 [info] > git rev-parse --show-toplevel [2ms]
2024-11-20 08:20:17.485 [info] > git rev-parse --show-toplevel [2ms]
2024-11-20 08:20:17.497 [info] > git rev-parse --show-toplevel [2ms]
2024-11-20 08:20:17.504 [info] > git rev-parse --show-toplevel [1ms]
2024-11-20 08:20:17.510 [info] > git rev-parse --show-toplevel [1ms]
2024-11-20 08:20:17.516 [info] > git rev-parse --show-toplevel [1ms]
2024-11-20 08:20:17.522 [info] > git rev-parse --show-toplevel [1ms]
2024-11-20 08:20:17.528 [info] > git rev-parse --show-toplevel [1ms]
2024-11-20 08:20:17.534 [info] > git rev-parse --show-toplevel [1ms]
2024-11-20 08:20:17.539 [info] > git rev-parse --show-toplevel [1ms]
2024-11-20 08:20:17.544 [info] > git rev-parse --show-toplevel [1ms]
2024-11-20 08:20:17.549 [info] > git rev-parse --show-toplevel [1ms]
2024-11-20 08:20:17.554 [info] > git rev-parse --show-toplevel [1ms]
2024-11-20 08:20:17.559 [info] > git rev-parse --show-toplevel [2ms]
2024-11-20 08:20:17.564 [info] > git rev-parse --show-toplevel [1ms]
2024-11-20 08:20:17.570 [info] > git rev-parse --show-toplevel [1ms]
2024-11-20 08:20:17.575 [info] > git rev-parse --show-toplevel [1ms]
2024-11-20 08:20:17.581 [info] > git rev-parse --show-toplevel [1ms]
2024-11-20 08:20:17.585 [info] > git rev-parse --show-toplevel [1ms]
2024-11-20 08:20:17.592 [info] > git rev-parse --show-toplevel [1ms]
2024-11-20 08:20:17.598 [info] > git rev-parse --show-toplevel [1ms]
2024-11-20 08:20:17.607 [info] > git rev-parse --show-toplevel [1ms]
2024-11-20 08:20:17.614 [info] > git rev-parse --show-toplevel [1ms]
2024-11-20 08:20:17.619 [info] > git rev-parse --show-toplevel [1ms]
2024-11-20 08:20:17.624 [info] > git rev-parse --show-toplevel [1ms]
2024-11-20 08:20:17.629 [info] > git rev-parse --show-toplevel [1ms]
2024-11-20 08:20:17.633 [info] > git rev-parse --show-toplevel [1ms]
2024-11-20 08:20:17.638 [info] > git rev-parse --show-toplevel [1ms]
2024-11-20 08:20:17.643 [info] > git rev-parse --show-toplevel [2ms]
2024-11-20 08:20:17.648 [info] > git rev-parse --show-toplevel [1ms]
2024-11-20 08:20:17.652 [info] > git rev-parse --show-toplevel [1ms]
2024-11-20 08:20:17.657 [info] > git rev-parse --show-toplevel [1ms]
2024-11-20 08:20:17.661 [info] [Model][doInitialScan] Initial repository scan completed - repositories (0), closed repositories (0), parent repositories (1), unsafe repositories (0)
2024-11-20 08:20:19.689 [info] > git rev-parse --show-toplevel [3ms]
2024-11-20 08:20:19.740 [info] > git rev-parse --show-toplevel [7ms]
2024-11-20 08:54:14.621 [info] > git rev-parse --show-toplevel [3ms]
2024-11-20 09:09:07.202 [info] > git rev-parse --show-toplevel [2ms]
