2024-11-19 14:51:47.253 [info] [main] Log level: Info
2024-11-19 14:51:47.253 [info] [main] Validating found git in: "git"
2024-11-19 14:51:47.253 [info] [main] Using git "2.47.0" from "git"
2024-11-19 14:51:47.253 [info] [Model][doInitialScan] Initial repository scan started
2024-11-19 14:51:48.964 [info] > git rev-parse --show-toplevel [1667ms]
2024-11-19 14:51:49.410 [info] > git rev-parse --git-dir --git-common-dir [36ms]
2024-11-19 14:51:49.423 [info] [Model][openRepository] Opened repository: /run/media/drive2/Developing/flame-launcher
2024-11-19 14:51:49.467 [info] > git config --get commit.template [7ms]
2024-11-19 14:51:49.631 [info] > git for-each-ref --format=%(refname)%00%(upstream:short)%00%(objectname)%00%(upstream:track)%00%(upstream:remotename)%00%(upstream:remoteref) refs/heads/main refs/remotes/main [115ms]
2024-11-19 14:51:49.648 [warning] [Git][revParse] Unable to read file: ENOENT: no such file or directory, open '/run/media/drive2/Developing/flame-launcher/.git/refs/remotes/origin/main'
2024-11-19 14:51:49.649 [info] > git rev-parse --show-toplevel [58ms]
2024-11-19 14:51:49.769 [info] > git rev-parse refs/remotes/origin/main [121ms]
2024-11-19 14:51:49.799 [info] > git rev-parse --show-toplevel [98ms]
2024-11-19 14:51:50.030 [info] > git rev-parse --show-toplevel [207ms]
2024-11-19 14:51:50.064 [info] > git for-each-ref --sort -committerdate --format %(refname) %(objectname) %(*objectname) [268ms]
2024-11-19 14:51:50.068 [info] > git check-ignore -v -z --stdin [54ms]
2024-11-19 14:51:50.116 [info] > git rev-parse --show-toplevel [55ms]
2024-11-19 14:51:50.251 [info] > git rev-parse --show-toplevel [81ms]
2024-11-19 14:51:50.509 [info] > git rev-parse --show-toplevel [201ms]
2024-11-19 14:51:50.651 [info] > git rev-parse --show-toplevel [103ms]
2024-11-19 14:51:50.696 [info] > git rev-parse --show-toplevel [13ms]
2024-11-19 14:51:50.742 [info] > git rev-parse --show-toplevel [13ms]
2024-11-19 14:51:50.742 [info] fatal: not a git repository: /run/media/drive2/Developing/flame-launcher/xmcl/../.git/modules/xmcl
2024-11-19 14:51:50.842 [info] > git rev-parse --show-toplevel [49ms]
2024-11-19 14:51:50.922 [info] > git rev-parse --show-toplevel [36ms]
2024-11-19 14:51:50.974 [info] > git rev-parse --show-toplevel [30ms]
2024-11-19 14:51:51.083 [info] > git rev-parse --show-toplevel [67ms]
2024-11-19 14:51:51.087 [info] [Model][doInitialScan] Initial repository scan completed - repositories (1), closed repositories (0), parent repositories (0), unsafe repositories (0)
2024-11-19 14:51:57.229 [info] [main] Log level: Info
2024-11-19 14:51:57.229 [info] [main] Validating found git in: "git"
2024-11-19 14:51:57.229 [info] [main] Using git "2.47.0" from "git"
2024-11-19 14:51:57.229 [info] [Model][doInitialScan] Initial repository scan started
2024-11-19 14:51:57.229 [info] [Model][doInitialScan] Initial repository scan completed - repositories (0), closed repositories (0), parent repositories (0), unsafe repositories (0)
2024-11-19 14:51:59.023 [info] > git rev-parse --show-toplevel [188ms]
