2024-11-17 23:30:27.204 [info] [main] Log level: Info
2024-11-17 23:30:27.204 [info] [main] Validating found git in: "git"
2024-11-17 23:30:27.204 [info] [main] Using git "2.47.0" from "git"
2024-11-17 23:30:27.204 [info] [Model][doInitialScan] Initial repository scan started
2024-11-17 23:30:27.204 [info] > git rev-parse --show-toplevel [7ms]
2024-11-17 23:30:27.204 [info] fatal: not a git repository (or any parent up to mount point /)
Stopping at filesystem boundary (GIT_DISCOVERY_ACROSS_FILESYSTEM not set).
2024-11-17 23:30:27.204 [info] > git rev-parse --show-toplevel [2ms]
2024-11-17 23:30:27.204 [info] fatal: not a git repository (or any parent up to mount point /)
Stopping at filesystem boundary (GIT_DISCOVERY_ACROSS_FILESYSTEM not set).
2024-11-17 23:30:27.216 [info] > git rev-parse --show-toplevel [1ms]
2024-11-17 23:30:27.216 [info] fatal: not a git repository (or any parent up to mount point /)
Stopping at filesystem boundary (GIT_DISCOVERY_ACROSS_FILESYSTEM not set).
2024-11-17 23:30:27.274 [info] > git rev-parse --show-toplevel [23ms]
2024-11-17 23:30:27.274 [info] fatal: not a git repository (or any parent up to mount point /)
Stopping at filesystem boundary (GIT_DISCOVERY_ACROSS_FILESYSTEM not set).
2024-11-17 23:30:27.283 [info] > git rev-parse --show-toplevel [1ms]
2024-11-17 23:30:27.283 [info] fatal: not a git repository (or any parent up to mount point /)
Stopping at filesystem boundary (GIT_DISCOVERY_ACROSS_FILESYSTEM not set).
2024-11-17 23:30:27.293 [info] > git rev-parse --show-toplevel [1ms]
2024-11-17 23:30:27.293 [info] fatal: not a git repository (or any parent up to mount point /)
Stopping at filesystem boundary (GIT_DISCOVERY_ACROSS_FILESYSTEM not set).
2024-11-17 23:30:27.310 [info] > git rev-parse --show-toplevel [1ms]
2024-11-17 23:30:27.310 [info] fatal: not a git repository (or any parent up to mount point /)
Stopping at filesystem boundary (GIT_DISCOVERY_ACROSS_FILESYSTEM not set).
2024-11-17 23:30:27.324 [info] > git rev-parse --show-toplevel [5ms]
2024-11-17 23:30:27.325 [info] fatal: not a git repository (or any parent up to mount point /)
Stopping at filesystem boundary (GIT_DISCOVERY_ACROSS_FILESYSTEM not set).
2024-11-17 23:30:27.333 [info] > git rev-parse --show-toplevel [1ms]
2024-11-17 23:30:27.333 [info] fatal: not a git repository (or any parent up to mount point /)
Stopping at filesystem boundary (GIT_DISCOVERY_ACROSS_FILESYSTEM not set).
2024-11-17 23:30:27.339 [info] > git rev-parse --show-toplevel [1ms]
2024-11-17 23:30:27.339 [info] fatal: not a git repository (or any parent up to mount point /)
Stopping at filesystem boundary (GIT_DISCOVERY_ACROSS_FILESYSTEM not set).
2024-11-17 23:30:27.348 [info] > git rev-parse --show-toplevel [1ms]
2024-11-17 23:30:27.348 [info] fatal: not a git repository (or any parent up to mount point /)
Stopping at filesystem boundary (GIT_DISCOVERY_ACROSS_FILESYSTEM not set).
2024-11-17 23:30:27.354 [info] > git rev-parse --show-toplevel [1ms]
2024-11-17 23:30:27.354 [info] fatal: not a git repository (or any parent up to mount point /)
Stopping at filesystem boundary (GIT_DISCOVERY_ACROSS_FILESYSTEM not set).
2024-11-17 23:30:27.360 [info] > git rev-parse --show-toplevel [2ms]
2024-11-17 23:30:27.360 [info] fatal: not a git repository (or any parent up to mount point /)
Stopping at filesystem boundary (GIT_DISCOVERY_ACROSS_FILESYSTEM not set).
2024-11-17 23:30:27.366 [info] > git rev-parse --show-toplevel [1ms]
2024-11-17 23:30:27.366 [info] fatal: not a git repository (or any parent up to mount point /)
Stopping at filesystem boundary (GIT_DISCOVERY_ACROSS_FILESYSTEM not set).
2024-11-17 23:30:27.372 [info] > git rev-parse --show-toplevel [2ms]
2024-11-17 23:30:27.372 [info] fatal: not a git repository (or any parent up to mount point /)
Stopping at filesystem boundary (GIT_DISCOVERY_ACROSS_FILESYSTEM not set).
2024-11-17 23:30:27.372 [info] [Model][doInitialScan] Initial repository scan completed - repositories (0), closed repositories (0), parent repositories (0), unsafe repositories (0)
2024-11-17 23:30:27.378 [info] > git rev-parse --show-toplevel [1ms]
2024-11-17 23:30:27.378 [info] fatal: not a git repository (or any parent up to mount point /)
Stopping at filesystem boundary (GIT_DISCOVERY_ACROSS_FILESYSTEM not set).
2024-11-17 23:30:27.383 [info] > git rev-parse --show-toplevel [1ms]
2024-11-17 23:30:27.383 [info] fatal: not a git repository (or any parent up to mount point /)
Stopping at filesystem boundary (GIT_DISCOVERY_ACROSS_FILESYSTEM not set).
2024-11-17 23:30:28.159 [info] > git rev-parse --show-toplevel [1ms]
2024-11-17 23:30:28.159 [info] fatal: not a git repository (or any parent up to mount point /)
Stopping at filesystem boundary (GIT_DISCOVERY_ACROSS_FILESYSTEM not set).
