2024-11-19 14:57:42.725 [info] Reading sessions from keychain...
2024-11-19 14:57:42.725 [info] Getting sessions for all scopes...
2024-11-19 14:57:42.725 [info] Got 0 sessions for ...
2024-11-19 14:57:42.725 [info] Getting sessions for all scopes...
2024-11-19 14:57:42.725 [info] Got 0 sessions for ...
2024-11-19 14:57:42.725 [info] Getting sessions for all scopes...
2024-11-19 14:57:42.725 [info] Got 0 sessions for ...
2024-11-19 14:57:42.730 [info] Getting sessions for read:user,repo,user:email...
2024-11-19 14:57:42.730 [info] Got 0 sessions for read:user,repo,user:email...
2024-11-19 14:57:45.553 [info] Getting sessions for all scopes...
2024-11-19 14:57:45.553 [info] Got 0 sessions for ...
2024-11-19 14:57:50.303 [info] Getting sessions for all scopes...
2024-11-19 14:57:50.304 [info] Got 0 sessions for ...
2024-11-19 14:57:57.473 [info] Getting sessions for all scopes...
2024-11-19 14:57:57.473 [info] Got 0 sessions for ...
2024-11-19 14:58:00.201 [info] Getting sessions for all scopes...
2024-11-19 14:58:00.201 [info] Got 0 sessions for ...
2024-11-19 14:58:08.755 [info] Getting sessions for all scopes...
2024-11-19 14:58:08.755 [info] Got 0 sessions for ...
2024-11-19 14:58:14.154 [info] Getting sessions for read:user,repo,user:email,workflow...
2024-11-19 14:58:14.154 [info] Got 0 sessions for read:user,repo,user:email,workflow...
2024-11-19 14:58:26.551 [info] Getting sessions for all scopes...
2024-11-19 14:58:26.551 [info] Got 0 sessions for ...
2024-11-19 14:58:48.011 [info] Getting sessions for all scopes...
2024-11-19 14:58:48.011 [info] Got 0 sessions for ...
2024-11-19 14:58:58.248 [info] Getting sessions for all scopes...
2024-11-19 14:58:58.248 [info] Got 0 sessions for ...
