2024-11-19 14:57:33.924 [info] Started local extension host with pid 1231.
2024-11-19 14:57:36.604 [info] Settings Sync: Updating due to initialize
2024-11-19 14:57:36.605 [info] Settings Sync: Updating authentication providers. Authentication Providers from store: [{"id":"github","scopes":["user:email"]},{"id":"microsoft","scopes":["openid","profile","email","offline_access"]}]
2024-11-19 14:57:36.605 [info] Settings Sync: Authentication providers updated []
2024-11-19 14:57:36.611 [info] Settings Sync: Updating authentication providers. Authentication Providers from store: [{"id":"github","scopes":["user:email"]},{"id":"microsoft","scopes":["openid","profile","email","offline_access"]}]
2024-11-19 14:57:36.611 [info] Settings Sync: Authentication providers updated ["github"]
2024-11-19 14:57:36.612 [info] Settings Sync: Updating authentication providers. Authentication Providers from store: [{"id":"github","scopes":["user:email"]},{"id":"microsoft","scopes":["openid","profile","email","offline_access"]}]
2024-11-19 14:57:36.612 [info] Settings Sync: Authentication providers updated ["github"]
2024-11-19 14:57:36.613 [info] Settings Sync: Updating authentication providers. Authentication Providers from store: [{"id":"github","scopes":["user:email"]},{"id":"microsoft","scopes":["openid","profile","email","offline_access"]}]
2024-11-19 14:57:36.613 [info] Settings Sync: Authentication providers updated ["github","microsoft"]
2024-11-19 14:57:36.613 [info] Settings Sync: Updating authentication providers. Authentication Providers from store: [{"id":"github","scopes":["user:email"]},{"id":"microsoft","scopes":["openid","profile","email","offline_access"]}]
2024-11-19 14:57:36.613 [info] Settings Sync: Authentication providers updated ["github","microsoft"]
2024-11-19 14:57:36.615 [info] Settings Sync: Updating due to declared authentication providers changed
2024-11-19 14:57:36.615 [info] Settings Sync: Updating authentication providers. Authentication Providers from store: [{"id":"github","scopes":["user:email"]},{"id":"microsoft","scopes":["openid","profile","email","offline_access"]}]
2024-11-19 14:57:36.616 [info] Settings Sync: Authentication providers updated ["github","microsoft"]
2024-11-19 14:57:36.616 [info] Settings Sync: Updating due to declared authentication providers changed
2024-11-19 14:57:36.616 [info] Settings Sync: Updating authentication providers. Authentication Providers from store: [{"id":"github","scopes":["user:email"]},{"id":"microsoft","scopes":["openid","profile","email","offline_access"]}]
2024-11-19 14:57:36.617 [info] Settings Sync: Authentication providers updated ["github","microsoft"]
2024-11-19 14:57:38.258 [warning] [File Watcher (node.js)] Watcher shutdown because watched path got deleted
2024-11-19 14:57:38.736 [info] [perf] Render performance baseline is 49ms
2024-11-19 14:57:39.802 [warning] [backup tracker] suspended, ignoring dirty change event file:///etc/fstab 
2024-11-19 14:57:40.640 [error] [Extension Host] Failed to load message bundle for file /home/aislx/.vscode/extensions/ms-edgedevtools.vscode-edge-devtools-2.1.6/out/extension
2024-11-19 14:57:40.642 [error] [Extension Host] Failed to load message bundle for file /home/aislx/.vscode/extensions/ms-edgedevtools.vscode-edge-devtools-2.1.6/out/extension
2024-11-19 14:57:40.650 [error] [Extension Host] Failed to load message bundle for file /home/aislx/.vscode/extensions/ms-edgedevtools.vscode-edge-devtools-2.1.6/out/extension
2024-11-19 14:57:40.651 [error] [Extension Host] Failed to load message bundle for file /home/aislx/.vscode/extensions/ms-edgedevtools.vscode-edge-devtools-2.1.6/out/extension
2024-11-19 14:57:40.653 [error] [Extension Host] Failed to load message bundle for file /home/aislx/.vscode/extensions/ms-edgedevtools.vscode-edge-devtools-2.1.6/out/extension
2024-11-19 14:57:40.654 [error] [Extension Host] Failed to load message bundle for file /home/aislx/.vscode/extensions/ms-edgedevtools.vscode-edge-devtools-2.1.6/out/extension
2024-11-19 14:57:40.654 [error] [Extension Host] Failed to load message bundle for file /home/aislx/.vscode/extensions/ms-edgedevtools.vscode-edge-devtools-2.1.6/out/extension
2024-11-19 14:57:40.654 [error] [Extension Host] Failed to load message bundle for file /home/aislx/.vscode/extensions/ms-edgedevtools.vscode-edge-devtools-2.1.6/out/extension
2024-11-19 14:57:41.096 [warning] [lifecycle] onBeforeShutdown is taking a long time, pending operations: veto.backups
2024-11-19 14:57:41.171 [info] Settings Sync: Updating authentication providers. Authentication Providers from store: [{"id":"github","scopes":["user:email"]},{"id":"microsoft","scopes":["openid","profile","email","offline_access"]}]
2024-11-19 14:57:41.172 [info] Settings Sync: Authentication providers updated ["github","microsoft"]
