2024-11-19 19:08:54.409 [info] Started local extension host with pid 82417.
2024-11-19 19:08:56.951 [info] Settings Sync: Updating due to initialize
2024-11-19 19:08:56.951 [info] Settings Sync: Updating authentication providers. Authentication Providers from store: [{"id":"github","scopes":["user:email"]},{"id":"microsoft","scopes":["openid","profile","email","offline_access"]}]
2024-11-19 19:08:56.954 [info] Settings Sync: Authentication providers updated []
2024-11-19 19:08:57.547 [error] [Extension Host] Failed to load message bundle for file /home/aislx/.vscode/extensions/ms-edgedevtools.vscode-edge-devtools-2.1.6/out/extension
2024-11-19 19:08:57.550 [error] [Extension Host] Failed to load message bundle for file /home/aislx/.vscode/extensions/ms-edgedevtools.vscode-edge-devtools-2.1.6/out/extension
2024-11-19 19:08:57.560 [error] [Extension Host] Failed to load message bundle for file /home/aislx/.vscode/extensions/ms-edgedevtools.vscode-edge-devtools-2.1.6/out/extension
2024-11-19 19:08:57.562 [error] [Extension Host] Failed to load message bundle for file /home/aislx/.vscode/extensions/ms-edgedevtools.vscode-edge-devtools-2.1.6/out/extension
2024-11-19 19:08:57.569 [error] [Extension Host] Failed to load message bundle for file /home/aislx/.vscode/extensions/ms-edgedevtools.vscode-edge-devtools-2.1.6/out/extension
2024-11-19 19:08:57.570 [error] [Extension Host] Failed to load message bundle for file /home/aislx/.vscode/extensions/ms-edgedevtools.vscode-edge-devtools-2.1.6/out/extension
2024-11-19 19:08:57.571 [error] [Extension Host] Failed to load message bundle for file /home/aislx/.vscode/extensions/ms-edgedevtools.vscode-edge-devtools-2.1.6/out/extension
2024-11-19 19:08:57.572 [error] [Extension Host] Failed to load message bundle for file /home/aislx/.vscode/extensions/ms-edgedevtools.vscode-edge-devtools-2.1.6/out/extension
2024-11-19 19:08:57.802 [info] Settings Sync: Updating authentication providers. Authentication Providers from store: [{"id":"github","scopes":["user:email"]},{"id":"microsoft","scopes":["openid","profile","email","offline_access"]}]
2024-11-19 19:08:57.803 [info] Settings Sync: Authentication providers updated ["github"]
2024-11-19 19:08:57.804 [info] Settings Sync: Updating authentication providers. Authentication Providers from store: [{"id":"github","scopes":["user:email"]},{"id":"microsoft","scopes":["openid","profile","email","offline_access"]}]
2024-11-19 19:08:57.804 [info] Settings Sync: Authentication providers updated ["github"]
2024-11-19 19:08:57.804 [info] Settings Sync: Updating authentication providers. Authentication Providers from store: [{"id":"github","scopes":["user:email"]},{"id":"microsoft","scopes":["openid","profile","email","offline_access"]}]
2024-11-19 19:08:57.805 [info] Settings Sync: Authentication providers updated ["github","microsoft"]
2024-11-19 19:08:57.805 [info] Settings Sync: Updating authentication providers. Authentication Providers from store: [{"id":"github","scopes":["user:email"]},{"id":"microsoft","scopes":["openid","profile","email","offline_access"]}]
2024-11-19 19:08:57.806 [info] Settings Sync: Authentication providers updated ["github","microsoft"]
2024-11-19 19:08:57.848 [info] Settings Sync: Updating due to declared authentication providers changed
2024-11-19 19:08:57.848 [info] Settings Sync: Updating authentication providers. Authentication Providers from store: [{"id":"github","scopes":["user:email"]},{"id":"microsoft","scopes":["openid","profile","email","offline_access"]}]
2024-11-19 19:08:57.848 [info] Settings Sync: Authentication providers updated ["github","microsoft"]
2024-11-19 19:08:57.848 [info] Settings Sync: Updating due to declared authentication providers changed
2024-11-19 19:08:57.849 [info] Settings Sync: Updating authentication providers. Authentication Providers from store: [{"id":"github","scopes":["user:email"]},{"id":"microsoft","scopes":["openid","profile","email","offline_access"]}]
2024-11-19 19:08:57.849 [info] Settings Sync: Authentication providers updated ["github","microsoft"]
2024-11-19 19:08:58.498 [info] [perf] Render performance baseline is 139ms
2024-11-19 19:08:58.502 [info] Settings Sync: Updating authentication providers. Authentication Providers from store: [{"id":"github","scopes":["user:email"]},{"id":"microsoft","scopes":["openid","profile","email","offline_access"]}]
2024-11-19 19:08:58.502 [info] Settings Sync: Authentication providers updated ["github","microsoft"]
2024-11-19 19:09:18.102 [info] Started local extension host with pid 89241.
2024-11-19 19:09:21.723 [info] Settings Sync: Updating due to initialize
2024-11-19 19:09:21.728 [info] Settings Sync: Updating authentication providers. Authentication Providers from store: [{"id":"github","scopes":["user:email"]},{"id":"microsoft","scopes":["openid","profile","email","offline_access"]}]
2024-11-19 19:09:21.732 [info] Settings Sync: Authentication providers updated []
2024-11-19 19:09:21.759 [info] Settings Sync: Updating authentication providers. Authentication Providers from store: [{"id":"github","scopes":["user:email"]},{"id":"microsoft","scopes":["openid","profile","email","offline_access"]}]
2024-11-19 19:09:21.764 [info] Settings Sync: Authentication providers updated ["github"]
2024-11-19 19:09:21.765 [info] Settings Sync: Updating authentication providers. Authentication Providers from store: [{"id":"github","scopes":["user:email"]},{"id":"microsoft","scopes":["openid","profile","email","offline_access"]}]
2024-11-19 19:09:21.766 [info] Settings Sync: Authentication providers updated ["github"]
2024-11-19 19:09:21.766 [info] Settings Sync: Updating authentication providers. Authentication Providers from store: [{"id":"github","scopes":["user:email"]},{"id":"microsoft","scopes":["openid","profile","email","offline_access"]}]
2024-11-19 19:09:21.766 [info] Settings Sync: Authentication providers updated ["github","microsoft"]
2024-11-19 19:09:21.767 [info] Settings Sync: Updating authentication providers. Authentication Providers from store: [{"id":"github","scopes":["user:email"]},{"id":"microsoft","scopes":["openid","profile","email","offline_access"]}]
2024-11-19 19:09:21.767 [info] Settings Sync: Authentication providers updated ["github","microsoft"]
2024-11-19 19:09:21.791 [info] Settings Sync: Updating due to declared authentication providers changed
2024-11-19 19:09:21.791 [info] Settings Sync: Updating authentication providers. Authentication Providers from store: [{"id":"github","scopes":["user:email"]},{"id":"microsoft","scopes":["openid","profile","email","offline_access"]}]
2024-11-19 19:09:21.795 [info] Settings Sync: Authentication providers updated ["github","microsoft"]
2024-11-19 19:09:21.795 [info] Settings Sync: Updating due to declared authentication providers changed
2024-11-19 19:09:21.796 [info] Settings Sync: Updating authentication providers. Authentication Providers from store: [{"id":"github","scopes":["user:email"]},{"id":"microsoft","scopes":["openid","profile","email","offline_access"]}]
2024-11-19 19:09:21.796 [info] Settings Sync: Authentication providers updated ["github","microsoft"]
2024-11-19 19:09:22.610 [error] [Extension Host] Failed to load message bundle for file /home/aislx/.vscode/extensions/ms-edgedevtools.vscode-edge-devtools-2.1.6/out/extension
2024-11-19 19:09:22.611 [error] [Extension Host] Failed to load message bundle for file /home/aislx/.vscode/extensions/ms-edgedevtools.vscode-edge-devtools-2.1.6/out/extension
2024-11-19 19:09:22.634 [error] [Extension Host] Failed to load message bundle for file /home/aislx/.vscode/extensions/ms-edgedevtools.vscode-edge-devtools-2.1.6/out/extension
2024-11-19 19:09:22.674 [error] [Extension Host] Failed to load message bundle for file /home/aislx/.vscode/extensions/ms-edgedevtools.vscode-edge-devtools-2.1.6/out/extension
2024-11-19 19:09:22.675 [error] [Extension Host] Failed to load message bundle for file /home/aislx/.vscode/extensions/ms-edgedevtools.vscode-edge-devtools-2.1.6/out/extension
2024-11-19 19:09:22.676 [error] [Extension Host] Failed to load message bundle for file /home/aislx/.vscode/extensions/ms-edgedevtools.vscode-edge-devtools-2.1.6/out/extension
2024-11-19 19:09:22.676 [error] [Extension Host] Failed to load message bundle for file /home/aislx/.vscode/extensions/ms-edgedevtools.vscode-edge-devtools-2.1.6/out/extension
2024-11-19 19:09:22.680 [error] [Extension Host] Failed to load message bundle for file /home/aislx/.vscode/extensions/ms-edgedevtools.vscode-edge-devtools-2.1.6/out/extension
2024-11-19 19:09:23.351 [info] [perf] Render performance baseline is 132ms
2024-11-19 19:09:24.555 [info] Settings Sync: Updating authentication providers. Authentication Providers from store: [{"id":"github","scopes":["user:email"]},{"id":"microsoft","scopes":["openid","profile","email","offline_access"]}]
2024-11-19 19:09:24.556 [info] Settings Sync: Authentication providers updated ["github","microsoft"]
