2024-11-19 19:08:54.330 [info] Added views:outline in workbench.view.explorer
2024-11-19 19:08:54.330 [info] Added views:workbench.view.search in workbench.view.search
2024-11-19 19:08:54.330 [info] Added views:workbench.scm in workbench.view.scm
2024-11-19 19:08:54.330 [info] Added views:workbench.panel.markers.view in workbench.panel.markers
2024-11-19 19:08:54.330 [info] Added views:workbench.panel.output in workbench.panel.output
2024-11-19 19:08:54.330 [info] Added views:terminal in workbench.views.service.auxiliarybar.d84ba15d-a1fe-4ad7-bc28-410196716033
2024-11-19 19:08:54.330 [info] Added views:timeline in workbench.view.explorer
2024-11-19 19:08:54.330 [info] Added views:workbench.explorer.openEditorsView,workbench.explorer.emptyView in workbench.view.explorer
2024-11-19 19:08:55.326 [info] Added views:gitlens.views.home,gitlens.views.launchpad,gitlens.views.workspaces in workbench.view.extension.gitlens
2024-11-19 19:08:55.327 [info] Added views:gitlens.views.commitDetails,gitlens.views.lineHistory,gitlens.views.fileHistory,gitlens.views.searchAndCompare in workbench.view.extension.gitlensInspect
2024-11-19 19:08:55.329 [info] Added views:gitlens.views.scm.grouped in workbench.view.scm
2024-11-19 19:08:55.330 [info] Added views:github-actions.empty-view in workbench.view.extension.github-actions
2024-11-19 19:08:55.331 [info] Added views:vscode-edge-devtools-view.targets,vscode-edge-devtools-view.help-links in workbench.view.extension.vscode-edge-devtools-view
2024-11-19 19:08:55.332 [info] Added views:jsonOutline in workbench.view.extension.json-views
2024-11-19 19:08:55.576 [info] Added views:workbench.debug.variablesView,workbench.debug.watchExpressionsView,workbench.debug.callStackView,workbench.debug.breakPointsView in workbench.view.debug
2024-11-19 19:08:55.607 [info] Added views:workbench.panel.repl.view in workbench.panel.repl
2024-11-19 19:08:55.608 [info] Removed views:workbench.debug.breakPointsView,workbench.debug.callStackView,workbench.debug.watchExpressionsView,workbench.debug.variablesView from workbench.view.debug
2024-11-19 19:08:55.609 [info] Added views:workbench.debug.welcome in workbench.view.debug
2024-11-19 19:08:56.950 [info] Added views:~remote.forwardedPorts in ~remote.forwardedPortsContainer
2024-11-19 19:08:57.662 [info] Removed views:gitlens.views.searchAndCompare,gitlens.views.fileHistory,gitlens.views.lineHistory,gitlens.views.commitDetails from workbench.view.extension.gitlensInspect
2024-11-19 19:08:57.664 [info] Removed views:gitlens.views.scm.grouped from workbench.view.scm
2024-11-19 19:08:57.967 [info] Added views:gitlens.views.drafts in workbench.view.extension.gitlens
2024-11-19 19:09:18.038 [info] Added views:outline in workbench.view.explorer
2024-11-19 19:09:18.039 [info] Added views:workbench.view.search in workbench.view.search
2024-11-19 19:09:18.039 [info] Added views:workbench.scm in workbench.view.scm
2024-11-19 19:09:18.039 [info] Added views:workbench.panel.markers.view in workbench.panel.markers
2024-11-19 19:09:18.039 [info] Added views:workbench.panel.output in workbench.panel.output
2024-11-19 19:09:18.039 [info] Added views:terminal in workbench.views.service.auxiliarybar.d84ba15d-a1fe-4ad7-bc28-410196716033
2024-11-19 19:09:18.039 [info] Added views:timeline in workbench.view.explorer
2024-11-19 19:09:18.039 [info] Added views:workbench.explorer.openEditorsView in workbench.view.explorer
2024-11-19 19:09:18.039 [info] Added views:workbench.explorer.fileView in workbench.views.service.sidebar.a82ec6f8-b30c-4109-8d7f-7ac32eaa20a6
2024-11-19 19:09:18.506 [info] Added views:workbench.debug.welcome in workbench.view.debug
2024-11-19 19:09:19.457 [info] Added views:gitlens.views.home,gitlens.views.launchpad,gitlens.views.workspaces in workbench.view.extension.gitlens
2024-11-19 19:09:19.458 [info] Added views:gitlens.views.commitDetails,gitlens.views.lineHistory,gitlens.views.fileHistory,gitlens.views.searchAndCompare in workbench.view.extension.gitlensInspect
2024-11-19 19:09:19.459 [info] Added views:gitlens.views.scm.grouped in workbench.view.scm
2024-11-19 19:09:19.460 [info] Added views:github-actions.empty-view in workbench.view.extension.github-actions
2024-11-19 19:09:19.462 [info] Added views:vscode-edge-devtools-view.targets,vscode-edge-devtools-view.help-links in workbench.view.extension.vscode-edge-devtools-view
2024-11-19 19:09:19.463 [info] Added views:jsonOutline in workbench.view.extension.json-views
2024-11-19 19:09:19.860 [info] Added views:workbench.panel.repl.view in workbench.panel.repl
2024-11-19 19:09:21.720 [info] Added views:~remote.forwardedPorts in ~remote.forwardedPortsContainer
2024-11-19 19:09:23.049 [info] Removed views:gitlens.views.searchAndCompare,gitlens.views.fileHistory,gitlens.views.lineHistory,gitlens.views.commitDetails from workbench.view.extension.gitlensInspect
2024-11-19 19:09:23.051 [info] Removed views:gitlens.views.scm.grouped from workbench.view.scm
2024-11-19 19:09:23.399 [info] Added views:gitlens.views.drafts in workbench.view.extension.gitlens
2024-11-19 19:09:25.171 [info] Added views:gitlens.views.graph,gitlens.views.graphDetails in workbench.view.extension.gitlensPanel
2024-11-19 19:09:25.181 [info] Added views:gitlens.views.commitDetails,gitlens.views.lineHistory,gitlens.views.fileHistory,gitlens.views.timeline,gitlens.views.searchAndCompare in workbench.view.extension.gitlensInspect
2024-11-19 19:09:25.183 [info] Added views:gitlens.views.scm.grouped in workbench.view.scm
2024-11-19 19:09:39.995 [info] moveViewsToContainer: views:workbench.explorer.fileView viewContainer:workbench.view.explorer reason:dnd
2024-11-19 19:09:39.995 [info] Removed views:workbench.explorer.fileView from workbench.views.service.sidebar.a82ec6f8-b30c-4109-8d7f-7ac32eaa20a6
2024-11-19 19:09:39.996 [info] Added views:workbench.explorer.fileView in workbench.view.explorer
2024-11-19 19:09:39.996 [info] Moved view workbench.explorer.fileView to workbench.explorer.openEditorsView in workbench.view.explorer
2024-11-19 19:09:46.418 [info] Removed views:workbench.explorer.openEditorsView from workbench.view.explorer
2024-11-19 19:09:49.832 [info] Removed views:outline from workbench.view.explorer
2024-11-19 19:09:51.164 [info] Removed views:timeline from workbench.view.explorer
2024-11-19 19:09:51.197 [info] View visibility state changed: timeline is now visible Explorer
2024-11-19 19:09:51.197 [info] Showing view timeline in the container workbench.view.explorer
2024-11-19 19:09:51.206 [info] Added views:timeline in workbench.view.explorer
2024-11-19 19:09:54.311 [info] Removed views:timeline from workbench.view.explorer
