2024-11-20 08:54:15.151 [info] Added views:workbench.view.search in workbench.view.search
2024-11-20 08:54:15.151 [info] Added views:workbench.scm in workbench.view.scm
2024-11-20 08:54:15.151 [info] Added views:workbench.panel.markers.view in workbench.panel.markers
2024-11-20 08:54:15.151 [info] Added views:workbench.panel.output in workbench.panel.output
2024-11-20 08:54:15.151 [info] Added views:terminal in workbench.views.service.auxiliarybar.d84ba15d-a1fe-4ad7-bc28-410196716033
2024-11-20 08:54:15.151 [info] Added views:workbench.explorer.fileView in workbench.view.explorer
2024-11-20 08:54:15.896 [info] Added views:gitlens.views.home,gitlens.views.launchpad,gitlens.views.workspaces in workbench.view.extension.gitlens
2024-11-20 08:54:15.897 [info] Added views:gitlens.views.commitDetails,gitlens.views.lineHistory,gitlens.views.fileHistory,gitlens.views.searchAndCompare in workbench.view.extension.gitlensInspect
2024-11-20 08:54:15.898 [info] Added views:gitlens.views.scm.grouped in workbench.view.scm
2024-11-20 08:54:15.899 [info] Added views:github-actions.empty-view in workbench.view.extension.github-actions
2024-11-20 08:54:15.900 [info] Added views:vscode-edge-devtools-view.targets,vscode-edge-devtools-view.help-links in workbench.view.extension.vscode-edge-devtools-view
2024-11-20 08:54:15.901 [info] Added views:jsonOutline in workbench.view.extension.json-views
2024-11-20 08:54:16.252 [info] Added views:workbench.debug.variablesView,workbench.debug.watchExpressionsView,workbench.debug.callStackView,workbench.debug.breakPointsView in workbench.view.debug
2024-11-20 08:54:16.380 [info] Added views:workbench.panel.repl.view in workbench.panel.repl
2024-11-20 08:54:16.382 [info] Removed views:workbench.debug.breakPointsView,workbench.debug.callStackView,workbench.debug.watchExpressionsView,workbench.debug.variablesView from workbench.view.debug
2024-11-20 08:54:16.383 [info] Added views:workbench.debug.welcome in workbench.view.debug
2024-11-20 08:54:16.696 [info] Added views:~remote.forwardedPorts in ~remote.forwardedPortsContainer
2024-11-20 08:54:17.628 [info] Removed views:gitlens.views.searchAndCompare,gitlens.views.fileHistory,gitlens.views.lineHistory,gitlens.views.commitDetails from workbench.view.extension.gitlensInspect
2024-11-20 08:54:17.631 [info] Removed views:gitlens.views.scm.grouped from workbench.view.scm
2024-11-20 08:54:17.926 [info] Added views:gitlens.views.drafts in workbench.view.extension.gitlens
2024-11-20 08:54:18.341 [info] Added views:gitlens.views.graph,gitlens.views.graphDetails in workbench.view.extension.gitlensPanel
2024-11-20 08:54:18.344 [info] Added views:gitlens.views.commitDetails,gitlens.views.lineHistory,gitlens.views.fileHistory,gitlens.views.timeline,gitlens.views.searchAndCompare in workbench.view.extension.gitlensInspect
2024-11-20 08:54:18.346 [info] Added views:gitlens.views.scm.grouped in workbench.view.scm
