2024-11-18 17:36:04.111 [info] Started local extension host with pid 278705.
2024-11-18 17:36:05.334 [error] [idleberg.icon-fonts]: Unknown language in `contributes.icon-fonts.language`. Provided value: blade
2024-11-18 17:36:05.335 [error] [idleberg.icon-fonts]: Unknown language in `contributes.icon-fonts.language`. Provided value: blade
2024-11-18 17:36:05.335 [error] [idleberg.icon-fonts]: Unknown language in `contributes.icon-fonts.language`. Provided value: blade
2024-11-18 17:36:05.336 [error] [idleberg.icon-fonts]: Unknown language in `contributes.icon-fonts.language`. Provided value: blade
2024-11-18 17:36:05.336 [error] [idleberg.icon-fonts]: Unknown language in `contributes.icon-fonts.language`. Provided value: blade
2024-11-18 17:36:05.336 [error] [idleberg.icon-fonts]: Unknown language in `contributes.icon-fonts.language`. Provided value: blade
2024-11-18 17:36:05.336 [error] [idleberg.icon-fonts]: Unknown language in `contributes.icon-fonts.language`. Provided value: blade
2024-11-18 17:36:05.336 [error] [idleberg.icon-fonts]: Unknown language in `contributes.icon-fonts.language`. Provided value: blade
2024-11-18 17:36:05.338 [error] [idleberg.icon-fonts]: Unknown language in `contributes.icon-fonts.language`. Provided value: blade
2024-11-18 17:36:05.338 [error] [idleberg.icon-fonts]: Unknown language in `contributes.icon-fonts.language`. Provided value: blade
2024-11-18 17:36:05.339 [error] [idleberg.icon-fonts]: Unknown language in `contributes.icon-fonts.language`. Provided value: blade
2024-11-18 17:36:05.339 [error] [idleberg.icon-fonts]: Unknown language in `contributes.icon-fonts.language`. Provided value: blade
2024-11-18 17:36:05.339 [error] [idleberg.icon-fonts]: Unknown language in `contributes.icon-fonts.language`. Provided value: blade
2024-11-18 17:36:05.340 [error] [idleberg.icon-fonts]: Unknown language in `contributes.icon-fonts.language`. Provided value: blade
2024-11-18 17:36:05.341 [error] [idleberg.icon-fonts]: Unknown language in `contributes.icon-fonts.language`. Provided value: blade
2024-11-18 17:36:05.341 [error] [idleberg.icon-fonts]: Unknown language in `contributes.icon-fonts.language`. Provided value: blade
2024-11-18 17:36:05.342 [error] [idleberg.icon-fonts]: Unknown language in `contributes.icon-fonts.language`. Provided value: blade
2024-11-18 17:36:05.342 [error] [idleberg.icon-fonts]: Unknown language in `contributes.icon-fonts.language`. Provided value: blade
2024-11-18 17:36:05.342 [error] [idleberg.icon-fonts]: Unknown language in `contributes.icon-fonts.language`. Provided value: blade
2024-11-18 17:36:05.343 [error] [idleberg.icon-fonts]: Unknown language in `contributes.icon-fonts.language`. Provided value: blade
2024-11-18 17:36:05.343 [error] [idleberg.icon-fonts]: Unknown language in `contributes.icon-fonts.language`. Provided value: blade
2024-11-18 17:36:05.344 [error] [idleberg.icon-fonts]: Unknown language in `contributes.icon-fonts.language`. Provided value: blade
2024-11-18 17:36:05.344 [error] [idleberg.icon-fonts]: Unknown language in `contributes.icon-fonts.language`. Provided value: blade
2024-11-18 17:36:05.345 [error] [idleberg.icon-fonts]: Unknown language in `contributes.icon-fonts.language`. Provided value: blade
2024-11-18 17:36:05.345 [error] [idleberg.icon-fonts]: Unknown language in `contributes.icon-fonts.language`. Provided value: blade
2024-11-18 17:36:05.345 [error] [idleberg.icon-fonts]: Unknown language in `contributes.icon-fonts.language`. Provided value: blade
2024-11-18 17:36:05.346 [error] [idleberg.icon-fonts]: Unknown language in `contributes.icon-fonts.language`. Provided value: blade
2024-11-18 17:36:05.346 [error] [idleberg.icon-fonts]: Unknown language in `contributes.icon-fonts.language`. Provided value: vue-html
2024-11-18 17:36:05.346 [error] [idleberg.icon-fonts]: Unknown language in `contributes.icon-fonts.language`. Provided value: vue-html
2024-11-18 17:36:05.346 [error] [idleberg.icon-fonts]: Unknown language in `contributes.icon-fonts.language`. Provided value: vue-html
2024-11-18 17:36:05.346 [error] [idleberg.icon-fonts]: Unknown language in `contributes.icon-fonts.language`. Provided value: vue-html
2024-11-18 17:36:05.347 [error] [idleberg.icon-fonts]: Unknown language in `contributes.icon-fonts.language`. Provided value: vue-html
2024-11-18 17:36:05.347 [error] [idleberg.icon-fonts]: Unknown language in `contributes.icon-fonts.language`. Provided value: vue-html
2024-11-18 17:36:05.348 [error] [idleberg.icon-fonts]: Unknown language in `contributes.icon-fonts.language`. Provided value: vue-html
2024-11-18 17:36:05.350 [error] [idleberg.icon-fonts]: Unknown language in `contributes.icon-fonts.language`. Provided value: vue-html
2024-11-18 17:36:05.350 [error] [idleberg.icon-fonts]: Unknown language in `contributes.icon-fonts.language`. Provided value: vue-html
2024-11-18 17:36:05.351 [error] [idleberg.icon-fonts]: Unknown language in `contributes.icon-fonts.language`. Provided value: vue-html
2024-11-18 17:36:05.351 [error] [idleberg.icon-fonts]: Unknown language in `contributes.icon-fonts.language`. Provided value: vue-html
2024-11-18 17:36:05.352 [error] [idleberg.icon-fonts]: Unknown language in `contributes.icon-fonts.language`. Provided value: vue-html
2024-11-18 17:36:05.352 [error] [idleberg.icon-fonts]: Unknown language in `contributes.icon-fonts.language`. Provided value: vue-html
2024-11-18 17:36:05.352 [error] [idleberg.icon-fonts]: Unknown language in `contributes.icon-fonts.language`. Provided value: vue-html
2024-11-18 17:36:05.352 [error] [idleberg.icon-fonts]: Unknown language in `contributes.icon-fonts.language`. Provided value: vue-html
2024-11-18 17:36:05.353 [error] [idleberg.icon-fonts]: Unknown language in `contributes.icon-fonts.language`. Provided value: vue-html
2024-11-18 17:36:05.353 [error] [idleberg.icon-fonts]: Unknown language in `contributes.icon-fonts.language`. Provided value: vue-html
2024-11-18 17:36:05.353 [error] [idleberg.icon-fonts]: Unknown language in `contributes.icon-fonts.language`. Provided value: vue-html
2024-11-18 17:36:05.353 [error] [idleberg.icon-fonts]: Unknown language in `contributes.icon-fonts.language`. Provided value: vue-html
2024-11-18 17:36:05.354 [error] [idleberg.icon-fonts]: Unknown language in `contributes.icon-fonts.language`. Provided value: vue-html
2024-11-18 17:36:05.354 [error] [idleberg.icon-fonts]: Unknown language in `contributes.icon-fonts.language`. Provided value: vue-html
2024-11-18 17:36:05.354 [error] [idleberg.icon-fonts]: Unknown language in `contributes.icon-fonts.language`. Provided value: vue-html
2024-11-18 17:36:05.354 [error] [idleberg.icon-fonts]: Unknown language in `contributes.icon-fonts.language`. Provided value: vue-html
2024-11-18 17:36:05.355 [error] [idleberg.icon-fonts]: Unknown language in `contributes.icon-fonts.language`. Provided value: vue-html
2024-11-18 17:36:05.355 [error] [idleberg.icon-fonts]: Unknown language in `contributes.icon-fonts.language`. Provided value: vue-html
2024-11-18 17:36:05.355 [error] [idleberg.icon-fonts]: Unknown language in `contributes.icon-fonts.language`. Provided value: vue-html
2024-11-18 17:36:05.355 [error] [idleberg.icon-fonts]: Unknown language in `contributes.icon-fonts.language`. Provided value: vue-html
2024-11-18 17:36:05.355 [error] [idleberg.icon-fonts]: Unknown language in `contributes.icon-fonts.language`. Provided value: svelte
2024-11-18 17:36:05.355 [error] [idleberg.icon-fonts]: Unknown language in `contributes.icon-fonts.language`. Provided value: svelte
2024-11-18 17:36:05.356 [error] [idleberg.icon-fonts]: Unknown language in `contributes.icon-fonts.language`. Provided value: svelte
2024-11-18 17:36:05.356 [error] [idleberg.icon-fonts]: Unknown language in `contributes.icon-fonts.language`. Provided value: svelte
2024-11-18 17:36:05.356 [error] [idleberg.icon-fonts]: Unknown language in `contributes.icon-fonts.language`. Provided value: svelte
2024-11-18 17:36:05.356 [error] [idleberg.icon-fonts]: Unknown language in `contributes.icon-fonts.language`. Provided value: svelte
2024-11-18 17:36:05.356 [error] [idleberg.icon-fonts]: Unknown language in `contributes.icon-fonts.language`. Provided value: svelte
2024-11-18 17:36:05.357 [error] [idleberg.icon-fonts]: Unknown language in `contributes.icon-fonts.language`. Provided value: svelte
2024-11-18 17:36:05.357 [error] [idleberg.icon-fonts]: Unknown language in `contributes.icon-fonts.language`. Provided value: svelte
2024-11-18 17:36:05.357 [error] [idleberg.icon-fonts]: Unknown language in `contributes.icon-fonts.language`. Provided value: svelte
2024-11-18 17:36:05.357 [error] [idleberg.icon-fonts]: Unknown language in `contributes.icon-fonts.language`. Provided value: svelte
2024-11-18 17:36:05.358 [error] [idleberg.icon-fonts]: Unknown language in `contributes.icon-fonts.language`. Provided value: svelte
2024-11-18 17:36:05.358 [error] [idleberg.icon-fonts]: Unknown language in `contributes.icon-fonts.language`. Provided value: svelte
2024-11-18 17:36:05.359 [error] [idleberg.icon-fonts]: Unknown language in `contributes.icon-fonts.language`. Provided value: svelte
2024-11-18 17:36:05.359 [error] [idleberg.icon-fonts]: Unknown language in `contributes.icon-fonts.language`. Provided value: svelte
2024-11-18 17:36:05.359 [error] [idleberg.icon-fonts]: Unknown language in `contributes.icon-fonts.language`. Provided value: svelte
2024-11-18 17:36:05.359 [error] [idleberg.icon-fonts]: Unknown language in `contributes.icon-fonts.language`. Provided value: svelte
2024-11-18 17:36:05.359 [error] [idleberg.icon-fonts]: Unknown language in `contributes.icon-fonts.language`. Provided value: svelte
2024-11-18 17:36:05.360 [error] [idleberg.icon-fonts]: Unknown language in `contributes.icon-fonts.language`. Provided value: svelte
2024-11-18 17:36:05.360 [error] [idleberg.icon-fonts]: Unknown language in `contributes.icon-fonts.language`. Provided value: svelte
2024-11-18 17:36:05.360 [error] [idleberg.icon-fonts]: Unknown language in `contributes.icon-fonts.language`. Provided value: svelte
2024-11-18 17:36:05.360 [error] [idleberg.icon-fonts]: Unknown language in `contributes.icon-fonts.language`. Provided value: svelte
2024-11-18 17:36:05.360 [error] [idleberg.icon-fonts]: Unknown language in `contributes.icon-fonts.language`. Provided value: svelte
2024-11-18 17:36:05.361 [error] [idleberg.icon-fonts]: Unknown language in `contributes.icon-fonts.language`. Provided value: svelte
2024-11-18 17:36:05.361 [error] [idleberg.icon-fonts]: Unknown language in `contributes.icon-fonts.language`. Provided value: svelte
2024-11-18 17:36:05.361 [error] [idleberg.icon-fonts]: Unknown language in `contributes.icon-fonts.language`. Provided value: svelte
2024-11-18 17:36:05.361 [error] [idleberg.icon-fonts]: Unknown language in `contributes.icon-fonts.language`. Provided value: svelte
2024-11-18 17:36:05.362 [error] [idleberg.icon-fonts-legacy]: Unknown language in `contributes.icon-fonts-legacy.language`. Provided value: blade
2024-11-18 17:36:05.362 [error] [idleberg.icon-fonts-legacy]: Unknown language in `contributes.icon-fonts-legacy.language`. Provided value: blade
2024-11-18 17:36:05.362 [error] [idleberg.icon-fonts-legacy]: Unknown language in `contributes.icon-fonts-legacy.language`. Provided value: blade
2024-11-18 17:36:05.362 [error] [idleberg.icon-fonts-legacy]: Unknown language in `contributes.icon-fonts-legacy.language`. Provided value: blade
2024-11-18 17:36:05.362 [error] [idleberg.icon-fonts-legacy]: Unknown language in `contributes.icon-fonts-legacy.language`. Provided value: blade
2024-11-18 17:36:05.363 [error] [idleberg.icon-fonts-legacy]: Unknown language in `contributes.icon-fonts-legacy.language`. Provided value: blade
2024-11-18 17:36:05.363 [error] [idleberg.icon-fonts-legacy]: Unknown language in `contributes.icon-fonts-legacy.language`. Provided value: blade
2024-11-18 17:36:05.363 [error] [idleberg.icon-fonts-legacy]: Unknown language in `contributes.icon-fonts-legacy.language`. Provided value: blade
2024-11-18 17:36:05.363 [error] [idleberg.icon-fonts-legacy]: Unknown language in `contributes.icon-fonts-legacy.language`. Provided value: blade
2024-11-18 17:36:05.363 [error] [idleberg.icon-fonts-legacy]: Unknown language in `contributes.icon-fonts-legacy.language`. Provided value: blade
2024-11-18 17:36:05.363 [error] [idleberg.icon-fonts-legacy]: Unknown language in `contributes.icon-fonts-legacy.language`. Provided value: blade
2024-11-18 17:36:05.364 [error] [idleberg.icon-fonts-legacy]: Unknown language in `contributes.icon-fonts-legacy.language`. Provided value: blade
2024-11-18 17:36:05.364 [error] [idleberg.icon-fonts-legacy]: Unknown language in `contributes.icon-fonts-legacy.language`. Provided value: blade
2024-11-18 17:36:05.364 [error] [idleberg.icon-fonts-legacy]: Unknown language in `contributes.icon-fonts-legacy.language`. Provided value: blade
2024-11-18 17:36:05.364 [error] [idleberg.icon-fonts-legacy]: Unknown language in `contributes.icon-fonts-legacy.language`. Provided value: blade
2024-11-18 17:36:05.364 [error] [idleberg.icon-fonts-legacy]: Unknown language in `contributes.icon-fonts-legacy.language`. Provided value: vue-html
2024-11-18 17:36:05.364 [error] [idleberg.icon-fonts-legacy]: Unknown language in `contributes.icon-fonts-legacy.language`. Provided value: vue-html
2024-11-18 17:36:05.364 [error] [idleberg.icon-fonts-legacy]: Unknown language in `contributes.icon-fonts-legacy.language`. Provided value: vue-html
2024-11-18 17:36:05.365 [error] [idleberg.icon-fonts-legacy]: Unknown language in `contributes.icon-fonts-legacy.language`. Provided value: vue-html
2024-11-18 17:36:05.365 [error] [idleberg.icon-fonts-legacy]: Unknown language in `contributes.icon-fonts-legacy.language`. Provided value: vue-html
2024-11-18 17:36:05.365 [error] [idleberg.icon-fonts-legacy]: Unknown language in `contributes.icon-fonts-legacy.language`. Provided value: vue-html
2024-11-18 17:36:05.365 [error] [idleberg.icon-fonts-legacy]: Unknown language in `contributes.icon-fonts-legacy.language`. Provided value: vue-html
2024-11-18 17:36:05.365 [error] [idleberg.icon-fonts-legacy]: Unknown language in `contributes.icon-fonts-legacy.language`. Provided value: vue-html
2024-11-18 17:36:05.365 [error] [idleberg.icon-fonts-legacy]: Unknown language in `contributes.icon-fonts-legacy.language`. Provided value: vue-html
2024-11-18 17:36:05.365 [error] [idleberg.icon-fonts-legacy]: Unknown language in `contributes.icon-fonts-legacy.language`. Provided value: vue-html
2024-11-18 17:36:05.366 [error] [idleberg.icon-fonts-legacy]: Unknown language in `contributes.icon-fonts-legacy.language`. Provided value: vue-html
2024-11-18 17:36:05.366 [error] [idleberg.icon-fonts-legacy]: Unknown language in `contributes.icon-fonts-legacy.language`. Provided value: vue-html
2024-11-18 17:36:05.366 [error] [idleberg.icon-fonts-legacy]: Unknown language in `contributes.icon-fonts-legacy.language`. Provided value: vue-html
2024-11-18 17:36:05.366 [error] [idleberg.icon-fonts-legacy]: Unknown language in `contributes.icon-fonts-legacy.language`. Provided value: vue-html
2024-11-18 17:36:05.366 [error] [idleberg.icon-fonts-legacy]: Unknown language in `contributes.icon-fonts-legacy.language`. Provided value: vue-html
2024-11-18 17:36:05.366 [error] [idleberg.icon-fonts-legacy]: Unknown language in `contributes.icon-fonts-legacy.language`. Provided value: vue-html
2024-11-18 17:36:05.367 [error] [idleberg.icon-fonts-legacy]: Unknown language in `contributes.icon-fonts-legacy.language`. Provided value: svelte
2024-11-18 17:36:05.367 [error] [idleberg.icon-fonts-legacy]: Unknown language in `contributes.icon-fonts-legacy.language`. Provided value: svelte
2024-11-18 17:36:05.367 [error] [idleberg.icon-fonts-legacy]: Unknown language in `contributes.icon-fonts-legacy.language`. Provided value: svelte
2024-11-18 17:36:05.367 [error] [idleberg.icon-fonts-legacy]: Unknown language in `contributes.icon-fonts-legacy.language`. Provided value: svelte
2024-11-18 17:36:05.367 [error] [idleberg.icon-fonts-legacy]: Unknown language in `contributes.icon-fonts-legacy.language`. Provided value: svelte
2024-11-18 17:36:05.367 [error] [idleberg.icon-fonts-legacy]: Unknown language in `contributes.icon-fonts-legacy.language`. Provided value: svelte
2024-11-18 17:36:05.367 [error] [idleberg.icon-fonts-legacy]: Unknown language in `contributes.icon-fonts-legacy.language`. Provided value: svelte
2024-11-18 17:36:05.367 [error] [idleberg.icon-fonts-legacy]: Unknown language in `contributes.icon-fonts-legacy.language`. Provided value: svelte
2024-11-18 17:36:05.368 [error] [idleberg.icon-fonts-legacy]: Unknown language in `contributes.icon-fonts-legacy.language`. Provided value: svelte
2024-11-18 17:36:05.368 [error] [idleberg.icon-fonts-legacy]: Unknown language in `contributes.icon-fonts-legacy.language`. Provided value: svelte
2024-11-18 17:36:05.368 [error] [idleberg.icon-fonts-legacy]: Unknown language in `contributes.icon-fonts-legacy.language`. Provided value: svelte
2024-11-18 17:36:05.368 [error] [idleberg.icon-fonts-legacy]: Unknown language in `contributes.icon-fonts-legacy.language`. Provided value: svelte
2024-11-18 17:36:05.368 [error] [idleberg.icon-fonts-legacy]: Unknown language in `contributes.icon-fonts-legacy.language`. Provided value: svelte
2024-11-18 17:36:05.368 [error] [idleberg.icon-fonts-legacy]: Unknown language in `contributes.icon-fonts-legacy.language`. Provided value: svelte
2024-11-18 17:36:05.369 [error] [idleberg.icon-fonts-legacy]: Unknown language in `contributes.icon-fonts-legacy.language`. Provided value: svelte
2024-11-18 17:36:06.571 [error] Error: Unable to read file '/home/aislx/.vscode-oss/extensions/idleberg.icon-fonts-2.5.4-universal/snippets/css/fi.json' (Error: Unable to resolve nonexistent file '/home/aislx/.vscode-oss/extensions/idleberg.icon-fonts-2.5.4-universal/snippets/css/fi.json')
    at Pnt.F (vscode-file://vscode-app/usr/lib/code/out/vs/workbench/workbench.desktop.main.js:3088:69694)
    at Pnt.D (vscode-file://vscode-app/usr/lib/code/out/vs/workbench/workbench.desktop.main.js:3088:69519)
    at async Pnt.C (vscode-file://vscode-app/usr/lib/code/out/vs/workbench/workbench.desktop.main.js:3088:68887)
    at async Wrt.readExtensionResource (vscode-file://vscode-app/usr/lib/code/out/vs/workbench/workbench.desktop.main.js:3114:2109)
    at async Promise.all (index 23)
    at async LPe.getSnippets (vscode-file://vscode-app/usr/lib/code/out/vs/workbench/workbench.desktop.main.js:494:20141)
    at async _si (vscode-file://vscode-app/usr/lib/code/out/vs/workbench/workbench.desktop.main.js:2579:3936)
    at async Ett.provideCodeActions (vscode-file://vscode-app/usr/lib/code/out/vs/workbench/workbench.desktop.main.js:2579:4931)
    at async vscode-file://vscode-app/usr/lib/code/out/vs/workbench/workbench.desktop.main.js:411:65726
    at async Promise.all (index 2) file:///home/aislx/.vscode-oss/extensions/idleberg.icon-fonts-2.5.4-universal/snippets/css/fi.json
2024-11-18 17:36:06.572 [error] Error: Unable to read file '/home/aislx/.vscode-oss/extensions/idleberg.icon-fonts-2.5.4-universal/snippets/html/fi.json' (Error: Unable to resolve nonexistent file '/home/aislx/.vscode-oss/extensions/idleberg.icon-fonts-2.5.4-universal/snippets/html/fi.json')
    at Pnt.F (vscode-file://vscode-app/usr/lib/code/out/vs/workbench/workbench.desktop.main.js:3088:69694)
    at Pnt.D (vscode-file://vscode-app/usr/lib/code/out/vs/workbench/workbench.desktop.main.js:3088:69519)
    at async Pnt.C (vscode-file://vscode-app/usr/lib/code/out/vs/workbench/workbench.desktop.main.js:3088:68887)
    at async Wrt.readExtensionResource (vscode-file://vscode-app/usr/lib/code/out/vs/workbench/workbench.desktop.main.js:3114:2109)
    at async Promise.all (index 47)
    at async LPe.getSnippets (vscode-file://vscode-app/usr/lib/code/out/vs/workbench/workbench.desktop.main.js:494:20141)
    at async _si (vscode-file://vscode-app/usr/lib/code/out/vs/workbench/workbench.desktop.main.js:2579:3936)
    at async Ett.provideCodeActions (vscode-file://vscode-app/usr/lib/code/out/vs/workbench/workbench.desktop.main.js:2579:4931)
    at async vscode-file://vscode-app/usr/lib/code/out/vs/workbench/workbench.desktop.main.js:411:65726
    at async Promise.all (index 2) file:///home/aislx/.vscode-oss/extensions/idleberg.icon-fonts-2.5.4-universal/snippets/html/fi.json
2024-11-18 17:36:06.801 [error] Error: Unable to read file '/home/aislx/.vscode-oss/extensions/idleberg.icon-fonts-2.5.4-universal/snippets/jsx/fi.json' (Error: Unable to resolve nonexistent file '/home/aislx/.vscode-oss/extensions/idleberg.icon-fonts-2.5.4-universal/snippets/jsx/fi.json')
    at Pnt.F (vscode-file://vscode-app/usr/lib/code/out/vs/workbench/workbench.desktop.main.js:3088:69694)
    at Pnt.D (vscode-file://vscode-app/usr/lib/code/out/vs/workbench/workbench.desktop.main.js:3088:69519)
    at async Pnt.C (vscode-file://vscode-app/usr/lib/code/out/vs/workbench/workbench.desktop.main.js:3088:68887)
    at async Wrt.readExtensionResource (vscode-file://vscode-app/usr/lib/code/out/vs/workbench/workbench.desktop.main.js:3114:2109)
    at async Promise.all (index 74)
    at async LPe.getSnippets (vscode-file://vscode-app/usr/lib/code/out/vs/workbench/workbench.desktop.main.js:494:20141)
    at async _si (vscode-file://vscode-app/usr/lib/code/out/vs/workbench/workbench.desktop.main.js:2579:3936)
    at async Ett.provideCodeActions (vscode-file://vscode-app/usr/lib/code/out/vs/workbench/workbench.desktop.main.js:2579:4931)
    at async vscode-file://vscode-app/usr/lib/code/out/vs/workbench/workbench.desktop.main.js:411:65726
    at async Promise.all (index 2) file:///home/aislx/.vscode-oss/extensions/idleberg.icon-fonts-2.5.4-universal/snippets/jsx/fi.json
2024-11-18 17:36:06.801 [error] Error: Unable to read file '/home/aislx/.vscode-oss/extensions/idleberg.icon-fonts-2.5.4-universal/snippets/jsx/geomicon.json' (Error: Unable to resolve nonexistent file '/home/aislx/.vscode-oss/extensions/idleberg.icon-fonts-2.5.4-universal/snippets/jsx/geomicon.json')
    at Pnt.F (vscode-file://vscode-app/usr/lib/code/out/vs/workbench/workbench.desktop.main.js:3088:69694)
    at Pnt.D (vscode-file://vscode-app/usr/lib/code/out/vs/workbench/workbench.desktop.main.js:3088:69519)
    at async Pnt.C (vscode-file://vscode-app/usr/lib/code/out/vs/workbench/workbench.desktop.main.js:3088:68887)
    at async Wrt.readExtensionResource (vscode-file://vscode-app/usr/lib/code/out/vs/workbench/workbench.desktop.main.js:3114:2109)
    at async Promise.all (index 76)
    at async LPe.getSnippets (vscode-file://vscode-app/usr/lib/code/out/vs/workbench/workbench.desktop.main.js:494:20141)
    at async _si (vscode-file://vscode-app/usr/lib/code/out/vs/workbench/workbench.desktop.main.js:2579:3936)
    at async Ett.provideCodeActions (vscode-file://vscode-app/usr/lib/code/out/vs/workbench/workbench.desktop.main.js:2579:4931)
    at async vscode-file://vscode-app/usr/lib/code/out/vs/workbench/workbench.desktop.main.js:411:65726
    at async Promise.all (index 2) file:///home/aislx/.vscode-oss/extensions/idleberg.icon-fonts-2.5.4-universal/snippets/jsx/geomicon.json
2024-11-18 17:36:07.418 [info] [perf] Render performance baseline is 50ms
2024-11-18 17:36:08.242 [error] Error: Unable to read file '/home/aislx/.vscode-oss/extensions/idleberg.icon-fonts-2.5.4-universal/snippets/css/fi.json' (Error: Unable to resolve nonexistent file '/home/aislx/.vscode-oss/extensions/idleberg.icon-fonts-2.5.4-universal/snippets/css/fi.json')
    at Pnt.F (vscode-file://vscode-app/usr/lib/code/out/vs/workbench/workbench.desktop.main.js:3088:69694)
    at Pnt.D (vscode-file://vscode-app/usr/lib/code/out/vs/workbench/workbench.desktop.main.js:3088:69519)
    at async Pnt.C (vscode-file://vscode-app/usr/lib/code/out/vs/workbench/workbench.desktop.main.js:3088:68887)
    at async Wrt.readExtensionResource (vscode-file://vscode-app/usr/lib/code/out/vs/workbench/workbench.desktop.main.js:3114:2109)
    at async Promise.all (index 23)
    at async LPe.getSnippets (vscode-file://vscode-app/usr/lib/code/out/vs/workbench/workbench.desktop.main.js:494:20141)
    at async _si (vscode-file://vscode-app/usr/lib/code/out/vs/workbench/workbench.desktop.main.js:2579:3936)
    at async Ett.provideCodeActions (vscode-file://vscode-app/usr/lib/code/out/vs/workbench/workbench.desktop.main.js:2579:4931)
    at async vscode-file://vscode-app/usr/lib/code/out/vs/workbench/workbench.desktop.main.js:411:65726
    at async Promise.all (index 2) file:///home/aislx/.vscode-oss/extensions/idleberg.icon-fonts-2.5.4-universal/snippets/css/fi.json
2024-11-18 17:36:08.242 [error] Error: Unable to read file '/home/aislx/.vscode-oss/extensions/idleberg.icon-fonts-2.5.4-universal/snippets/html/fi.json' (Error: Unable to resolve nonexistent file '/home/aislx/.vscode-oss/extensions/idleberg.icon-fonts-2.5.4-universal/snippets/html/fi.json')
    at Pnt.F (vscode-file://vscode-app/usr/lib/code/out/vs/workbench/workbench.desktop.main.js:3088:69694)
    at Pnt.D (vscode-file://vscode-app/usr/lib/code/out/vs/workbench/workbench.desktop.main.js:3088:69519)
    at async Pnt.C (vscode-file://vscode-app/usr/lib/code/out/vs/workbench/workbench.desktop.main.js:3088:68887)
    at async Wrt.readExtensionResource (vscode-file://vscode-app/usr/lib/code/out/vs/workbench/workbench.desktop.main.js:3114:2109)
    at async Promise.all (index 47)
    at async LPe.getSnippets (vscode-file://vscode-app/usr/lib/code/out/vs/workbench/workbench.desktop.main.js:494:20141)
    at async _si (vscode-file://vscode-app/usr/lib/code/out/vs/workbench/workbench.desktop.main.js:2579:3936)
    at async Ett.provideCodeActions (vscode-file://vscode-app/usr/lib/code/out/vs/workbench/workbench.desktop.main.js:2579:4931)
    at async vscode-file://vscode-app/usr/lib/code/out/vs/workbench/workbench.desktop.main.js:411:65726
    at async Promise.all (index 2) file:///home/aislx/.vscode-oss/extensions/idleberg.icon-fonts-2.5.4-universal/snippets/html/fi.json
2024-11-18 17:36:08.242 [error] Error: Unable to read file '/home/aislx/.vscode-oss/extensions/idleberg.icon-fonts-2.5.4-universal/snippets/jsx/fi.json' (Error: Unable to resolve nonexistent file '/home/aislx/.vscode-oss/extensions/idleberg.icon-fonts-2.5.4-universal/snippets/jsx/fi.json')
    at Pnt.F (vscode-file://vscode-app/usr/lib/code/out/vs/workbench/workbench.desktop.main.js:3088:69694)
    at Pnt.D (vscode-file://vscode-app/usr/lib/code/out/vs/workbench/workbench.desktop.main.js:3088:69519)
    at async Pnt.C (vscode-file://vscode-app/usr/lib/code/out/vs/workbench/workbench.desktop.main.js:3088:68887)
    at async Wrt.readExtensionResource (vscode-file://vscode-app/usr/lib/code/out/vs/workbench/workbench.desktop.main.js:3114:2109)
    at async Promise.all (index 74)
    at async LPe.getSnippets (vscode-file://vscode-app/usr/lib/code/out/vs/workbench/workbench.desktop.main.js:494:20141)
    at async _si (vscode-file://vscode-app/usr/lib/code/out/vs/workbench/workbench.desktop.main.js:2579:3936)
    at async Ett.provideCodeActions (vscode-file://vscode-app/usr/lib/code/out/vs/workbench/workbench.desktop.main.js:2579:4931)
    at async vscode-file://vscode-app/usr/lib/code/out/vs/workbench/workbench.desktop.main.js:411:65726
    at async Promise.all (index 2) file:///home/aislx/.vscode-oss/extensions/idleberg.icon-fonts-2.5.4-universal/snippets/jsx/fi.json
2024-11-18 17:36:08.242 [error] Error: Unable to read file '/home/aislx/.vscode-oss/extensions/idleberg.icon-fonts-2.5.4-universal/snippets/jsx/geomicon.json' (Error: Unable to resolve nonexistent file '/home/aislx/.vscode-oss/extensions/idleberg.icon-fonts-2.5.4-universal/snippets/jsx/geomicon.json')
    at Pnt.F (vscode-file://vscode-app/usr/lib/code/out/vs/workbench/workbench.desktop.main.js:3088:69694)
    at Pnt.D (vscode-file://vscode-app/usr/lib/code/out/vs/workbench/workbench.desktop.main.js:3088:69519)
    at async Pnt.C (vscode-file://vscode-app/usr/lib/code/out/vs/workbench/workbench.desktop.main.js:3088:68887)
    at async Wrt.readExtensionResource (vscode-file://vscode-app/usr/lib/code/out/vs/workbench/workbench.desktop.main.js:3114:2109)
    at async Promise.all (index 76)
    at async LPe.getSnippets (vscode-file://vscode-app/usr/lib/code/out/vs/workbench/workbench.desktop.main.js:494:20141)
    at async _si (vscode-file://vscode-app/usr/lib/code/out/vs/workbench/workbench.desktop.main.js:2579:3936)
    at async Ett.provideCodeActions (vscode-file://vscode-app/usr/lib/code/out/vs/workbench/workbench.desktop.main.js:2579:4931)
    at async vscode-file://vscode-app/usr/lib/code/out/vs/workbench/workbench.desktop.main.js:411:65726
    at async Promise.all (index 2) file:///home/aislx/.vscode-oss/extensions/idleberg.icon-fonts-2.5.4-universal/snippets/jsx/geomicon.json
