2024-11-20 08:20:14.596 [info] Started local extension host with pid 6651.
2024-11-20 08:20:15.880 [info] Settings Sync: Updating due to initialize
2024-11-20 08:20:15.880 [info] Settings Sync: Updating authentication providers. Authentication Providers from store: [{"id":"github","scopes":["user:email"]},{"id":"microsoft","scopes":["openid","profile","email","offline_access"]}]
2024-11-20 08:20:15.880 [info] Settings Sync: Authentication providers updated []
2024-11-20 08:20:15.904 [info] Settings Sync: Updating authentication providers. Authentication Providers from store: [{"id":"github","scopes":["user:email"]},{"id":"microsoft","scopes":["openid","profile","email","offline_access"]}]
2024-11-20 08:20:15.904 [info] Settings Sync: Authentication providers updated ["github"]
2024-11-20 08:20:15.904 [info] Settings Sync: Updating authentication providers. Authentication Providers from store: [{"id":"github","scopes":["user:email"]},{"id":"microsoft","scopes":["openid","profile","email","offline_access"]}]
2024-11-20 08:20:15.905 [info] Settings Sync: Authentication providers updated ["github"]
2024-11-20 08:20:15.905 [info] Settings Sync: Updating authentication providers. Authentication Providers from store: [{"id":"github","scopes":["user:email"]},{"id":"microsoft","scopes":["openid","profile","email","offline_access"]}]
2024-11-20 08:20:15.905 [info] Settings Sync: Authentication providers updated ["github","microsoft"]
2024-11-20 08:20:15.906 [info] Settings Sync: Updating authentication providers. Authentication Providers from store: [{"id":"github","scopes":["user:email"]},{"id":"microsoft","scopes":["openid","profile","email","offline_access"]}]
2024-11-20 08:20:15.906 [info] Settings Sync: Authentication providers updated ["github","microsoft"]
2024-11-20 08:20:15.921 [info] Settings Sync: Updating due to declared authentication providers changed
2024-11-20 08:20:15.921 [info] Settings Sync: Updating authentication providers. Authentication Providers from store: [{"id":"github","scopes":["user:email"]},{"id":"microsoft","scopes":["openid","profile","email","offline_access"]}]
2024-11-20 08:20:15.922 [info] Settings Sync: Authentication providers updated ["github","microsoft"]
2024-11-20 08:20:15.922 [info] Settings Sync: Updating due to declared authentication providers changed
2024-11-20 08:20:15.922 [info] Settings Sync: Updating authentication providers. Authentication Providers from store: [{"id":"github","scopes":["user:email"]},{"id":"microsoft","scopes":["openid","profile","email","offline_access"]}]
2024-11-20 08:20:15.922 [info] Settings Sync: Authentication providers updated ["github","microsoft"]
2024-11-20 08:20:17.604 [info] [perf] Render performance baseline is 31ms
2024-11-20 08:20:19.139 [error] [Extension Host] Failed to load message bundle for file /home/aislx/.vscode/extensions/ms-edgedevtools.vscode-edge-devtools-2.1.6/out/extension
2024-11-20 08:20:19.140 [error] [Extension Host] Failed to load message bundle for file /home/aislx/.vscode/extensions/ms-edgedevtools.vscode-edge-devtools-2.1.6/out/extension
2024-11-20 08:20:19.140 [error] [Extension Host] Failed to load message bundle for file /home/aislx/.vscode/extensions/ms-edgedevtools.vscode-edge-devtools-2.1.6/out/extension
2024-11-20 08:20:19.142 [error] [Extension Host] Failed to load message bundle for file /home/aislx/.vscode/extensions/ms-edgedevtools.vscode-edge-devtools-2.1.6/out/extension
2024-11-20 08:20:19.142 [error] [Extension Host] Failed to load message bundle for file /home/aislx/.vscode/extensions/ms-edgedevtools.vscode-edge-devtools-2.1.6/out/extension
2024-11-20 08:20:19.142 [error] [Extension Host] Failed to load message bundle for file /home/aislx/.vscode/extensions/ms-edgedevtools.vscode-edge-devtools-2.1.6/out/extension
2024-11-20 08:20:19.142 [error] [Extension Host] Failed to load message bundle for file /home/aislx/.vscode/extensions/ms-edgedevtools.vscode-edge-devtools-2.1.6/out/extension
2024-11-20 08:20:19.142 [error] [Extension Host] Failed to load message bundle for file /home/aislx/.vscode/extensions/ms-edgedevtools.vscode-edge-devtools-2.1.6/out/extension
2024-11-20 08:20:19.638 [info] Settings Sync: Updating authentication providers. Authentication Providers from store: [{"id":"github","scopes":["user:email"]},{"id":"microsoft","scopes":["openid","profile","email","offline_access"]}]
2024-11-20 08:20:19.639 [info] Settings Sync: Authentication providers updated ["github","microsoft"]
2024-11-20 08:32:30.845 [info] Unable to reload {0}: {1} file:///home/aislx/.vscode/extensions/dlasagno.wal-theme-1.2.0/themes/wal.json
2024-11-20 08:58:20.158 [info] Unable to reload {0}: {1} file:///home/aislx/.vscode/extensions/dlasagno.wal-theme-1.2.0/themes/wal.json
2024-11-20 08:58:24.224 [info] Unable to reload {0}: {1} file:///home/aislx/.vscode/extensions/dlasagno.wal-theme-1.2.0/themes/wal.json
2024-11-20 08:58:40.125 [info] Unable to reload {0}: {1} file:///home/aislx/.vscode/extensions/dlasagno.wal-theme-1.2.0/themes/wal.json
2024-11-20 08:58:42.237 [info] Unable to reload {0}: {1} file:///home/aislx/.vscode/extensions/dlasagno.wal-theme-1.2.0/themes/wal.json
2024-11-20 09:09:07.209 [warning] [File Watcher (node.js)] Watcher shutdown because watched path got deleted
