2024-11-20 08:20:14.257 [info] Added views:workbench.view.search in workbench.view.search
2024-11-20 08:20:14.257 [info] Added views:workbench.scm in workbench.view.scm
2024-11-20 08:20:14.257 [info] Added views:workbench.panel.markers.view in workbench.panel.markers
2024-11-20 08:20:14.257 [info] Added views:workbench.panel.output in workbench.panel.output
2024-11-20 08:20:14.257 [info] Added views:terminal in workbench.views.service.auxiliarybar.d84ba15d-a1fe-4ad7-bc28-410196716033
2024-11-20 08:20:14.257 [info] Added views:workbench.explorer.fileView in workbench.view.explorer
2024-11-20 08:20:14.453 [info] Added views:workbench.debug.welcome in workbench.view.debug
2024-11-20 08:20:15.650 [info] Added views:gitlens.views.home,gitlens.views.launchpad,gitlens.views.workspaces in workbench.view.extension.gitlens
2024-11-20 08:20:15.651 [info] Added views:gitlens.views.commitDetails,gitlens.views.lineHistory,gitlens.views.fileHistory,gitlens.views.searchAndCompare in workbench.view.extension.gitlensInspect
2024-11-20 08:20:15.652 [info] Added views:gitlens.views.scm.grouped in workbench.view.scm
2024-11-20 08:20:15.653 [info] Added views:github-actions.empty-view in workbench.view.extension.github-actions
2024-11-20 08:20:15.654 [info] Added views:vscode-edge-devtools-view.targets,vscode-edge-devtools-view.help-links in workbench.view.extension.vscode-edge-devtools-view
2024-11-20 08:20:15.655 [info] Added views:jsonOutline in workbench.view.extension.json-views
2024-11-20 08:20:15.846 [info] Added views:workbench.panel.repl.view in workbench.panel.repl
2024-11-20 08:20:15.877 [info] Added views:~remote.forwardedPorts in ~remote.forwardedPortsContainer
2024-11-20 08:20:19.393 [info] Added views:gitlens.views.drafts in workbench.view.extension.gitlens
2024-11-20 08:20:20.205 [info] Added views:gitlens.views.graph,gitlens.views.graphDetails in workbench.view.extension.gitlensPanel
2024-11-20 08:20:20.206 [info] Added views:gitlens.views.timeline in workbench.view.extension.gitlensInspect
2024-11-20 09:09:07.504 [info] Removed views:workbench.explorer.fileView from workbench.view.explorer
2024-11-20 09:09:07.601 [info] Added views:workbench.explorer.emptyView in workbench.view.explorer
