2024-11-17 23:31:17.033 [info] [main] Log level: Info
2024-11-17 23:31:17.033 [info] [main] Validating found git in: "git"
2024-11-17 23:31:17.033 [info] [main] Using git "2.47.0" from "git"
2024-11-17 23:31:17.033 [info] [Model][doInitialScan] Initial repository scan started
2024-11-17 23:31:17.033 [info] > git rev-parse --show-toplevel [6ms]
2024-11-17 23:31:17.033 [info] fatal: not a git repository (or any parent up to mount point /)
Stopping at filesystem boundary (GIT_DISCOVERY_ACROSS_FILESYSTEM not set).
2024-11-17 23:31:17.033 [info] > git rev-parse --show-toplevel [4ms]
2024-11-17 23:31:17.033 [info] fatal: not a git repository (or any parent up to mount point /)
Stopping at filesystem boundary (GIT_DISCOVERY_ACROSS_FILESYSTEM not set).
2024-11-17 23:31:17.042 [info] > git rev-parse --show-toplevel [1ms]
2024-11-17 23:31:17.042 [info] fatal: not a git repository (or any parent up to mount point /)
Stopping at filesystem boundary (GIT_DISCOVERY_ACROSS_FILESYSTEM not set).
2024-11-17 23:31:17.048 [info] > git rev-parse --show-toplevel [2ms]
2024-11-17 23:31:17.048 [info] fatal: not a git repository (or any parent up to mount point /)
Stopping at filesystem boundary (GIT_DISCOVERY_ACROSS_FILESYSTEM not set).
2024-11-17 23:31:17.054 [info] > git rev-parse --show-toplevel [1ms]
2024-11-17 23:31:17.054 [info] fatal: not a git repository (or any parent up to mount point /)
Stopping at filesystem boundary (GIT_DISCOVERY_ACROSS_FILESYSTEM not set).
2024-11-17 23:31:17.066 [info] > git rev-parse --show-toplevel [8ms]
2024-11-17 23:31:17.067 [info] fatal: not a git repository (or any parent up to mount point /)
Stopping at filesystem boundary (GIT_DISCOVERY_ACROSS_FILESYSTEM not set).
2024-11-17 23:31:17.074 [info] > git rev-parse --show-toplevel [2ms]
2024-11-17 23:31:17.074 [info] fatal: not a git repository (or any parent up to mount point /)
Stopping at filesystem boundary (GIT_DISCOVERY_ACROSS_FILESYSTEM not set).
2024-11-17 23:31:17.084 [info] > git rev-parse --show-toplevel [2ms]
2024-11-17 23:31:17.084 [info] fatal: not a git repository (or any parent up to mount point /)
Stopping at filesystem boundary (GIT_DISCOVERY_ACROSS_FILESYSTEM not set).
2024-11-17 23:31:17.092 [info] > git rev-parse --show-toplevel [1ms]
2024-11-17 23:31:17.092 [info] fatal: not a git repository (or any parent up to mount point /)
Stopping at filesystem boundary (GIT_DISCOVERY_ACROSS_FILESYSTEM not set).
2024-11-17 23:31:17.102 [info] > git rev-parse --show-toplevel [2ms]
2024-11-17 23:31:17.102 [info] fatal: not a git repository (or any parent up to mount point /)
Stopping at filesystem boundary (GIT_DISCOVERY_ACROSS_FILESYSTEM not set).
2024-11-17 23:31:17.119 [info] > git rev-parse --show-toplevel [1ms]
2024-11-17 23:31:17.119 [info] fatal: not a git repository (or any parent up to mount point /)
Stopping at filesystem boundary (GIT_DISCOVERY_ACROSS_FILESYSTEM not set).
2024-11-17 23:31:17.127 [info] > git rev-parse --show-toplevel [1ms]
2024-11-17 23:31:17.127 [info] fatal: not a git repository (or any parent up to mount point /)
Stopping at filesystem boundary (GIT_DISCOVERY_ACROSS_FILESYSTEM not set).
2024-11-17 23:31:17.136 [info] > git rev-parse --show-toplevel [2ms]
2024-11-17 23:31:17.136 [info] fatal: not a git repository (or any parent up to mount point /)
Stopping at filesystem boundary (GIT_DISCOVERY_ACROSS_FILESYSTEM not set).
2024-11-17 23:31:17.144 [info] > git rev-parse --show-toplevel [2ms]
2024-11-17 23:31:17.144 [info] fatal: not a git repository (or any parent up to mount point /)
Stopping at filesystem boundary (GIT_DISCOVERY_ACROSS_FILESYSTEM not set).
2024-11-17 23:31:17.153 [info] > git rev-parse --show-toplevel [1ms]
2024-11-17 23:31:17.153 [info] fatal: not a git repository (or any parent up to mount point /)
Stopping at filesystem boundary (GIT_DISCOVERY_ACROSS_FILESYSTEM not set).
2024-11-17 23:31:17.153 [info] [Model][doInitialScan] Initial repository scan completed - repositories (0), closed repositories (0), parent repositories (0), unsafe repositories (0)
2024-11-17 23:31:17.159 [info] > git rev-parse --show-toplevel [1ms]
2024-11-17 23:31:17.159 [info] fatal: not a git repository (or any parent up to mount point /)
Stopping at filesystem boundary (GIT_DISCOVERY_ACROSS_FILESYSTEM not set).
2024-11-17 23:31:17.164 [info] > git rev-parse --show-toplevel [1ms]
2024-11-17 23:31:17.164 [info] fatal: not a git repository (or any parent up to mount point /)
Stopping at filesystem boundary (GIT_DISCOVERY_ACROSS_FILESYSTEM not set).
2024-11-17 23:31:17.297 [info] > git rev-parse --show-toplevel [2ms]
2024-11-17 23:31:17.297 [info] fatal: not a git repository (or any parent up to mount point /)
Stopping at filesystem boundary (GIT_DISCOVERY_ACROSS_FILESYSTEM not set).
2024-11-17 23:31:17.995 [info] > git rev-parse --show-toplevel [1ms]
2024-11-17 23:31:17.995 [info] fatal: not a git repository (or any parent up to mount point /)
Stopping at filesystem boundary (GIT_DISCOVERY_ACROSS_FILESYSTEM not set).
2024-11-17 23:31:18.987 [info] > git rev-parse --show-toplevel [1ms]
2024-11-17 23:31:18.987 [info] fatal: not a git repository (or any parent up to mount point /)
Stopping at filesystem boundary (GIT_DISCOVERY_ACROSS_FILESYSTEM not set).
