2024-11-18 16:26:19.206 [info] Started local extension host with pid 141904.
2024-11-18 16:26:20.482 [error] [idleberg.icon-fonts]: Unknown language in `contributes.icon-fonts.language`. Provided value: blade
2024-11-18 16:26:20.482 [error] [idleberg.icon-fonts]: Unknown language in `contributes.icon-fonts.language`. Provided value: blade
2024-11-18 16:26:20.483 [error] [idleberg.icon-fonts]: Unknown language in `contributes.icon-fonts.language`. Provided value: blade
2024-11-18 16:26:20.483 [error] [idleberg.icon-fonts]: Unknown language in `contributes.icon-fonts.language`. Provided value: blade
2024-11-18 16:26:20.483 [error] [idleberg.icon-fonts]: Unknown language in `contributes.icon-fonts.language`. Provided value: blade
2024-11-18 16:26:20.483 [error] [idleberg.icon-fonts]: Unknown language in `contributes.icon-fonts.language`. Provided value: blade
2024-11-18 16:26:20.484 [error] [idleberg.icon-fonts]: Unknown language in `contributes.icon-fonts.language`. Provided value: blade
2024-11-18 16:26:20.484 [error] [idleberg.icon-fonts]: Unknown language in `contributes.icon-fonts.language`. Provided value: blade
2024-11-18 16:26:20.484 [error] [idleberg.icon-fonts]: Unknown language in `contributes.icon-fonts.language`. Provided value: blade
2024-11-18 16:26:20.484 [error] [idleberg.icon-fonts]: Unknown language in `contributes.icon-fonts.language`. Provided value: blade
2024-11-18 16:26:20.485 [error] [idleberg.icon-fonts]: Unknown language in `contributes.icon-fonts.language`. Provided value: blade
2024-11-18 16:26:20.485 [error] [idleberg.icon-fonts]: Unknown language in `contributes.icon-fonts.language`. Provided value: blade
2024-11-18 16:26:20.485 [error] [idleberg.icon-fonts]: Unknown language in `contributes.icon-fonts.language`. Provided value: blade
2024-11-18 16:26:20.485 [error] [idleberg.icon-fonts]: Unknown language in `contributes.icon-fonts.language`. Provided value: blade
2024-11-18 16:26:20.485 [error] [idleberg.icon-fonts]: Unknown language in `contributes.icon-fonts.language`. Provided value: blade
2024-11-18 16:26:20.486 [error] [idleberg.icon-fonts]: Unknown language in `contributes.icon-fonts.language`. Provided value: blade
2024-11-18 16:26:20.486 [error] [idleberg.icon-fonts]: Unknown language in `contributes.icon-fonts.language`. Provided value: blade
2024-11-18 16:26:20.486 [error] [idleberg.icon-fonts]: Unknown language in `contributes.icon-fonts.language`. Provided value: blade
2024-11-18 16:26:20.486 [error] [idleberg.icon-fonts]: Unknown language in `contributes.icon-fonts.language`. Provided value: blade
2024-11-18 16:26:20.486 [error] [idleberg.icon-fonts]: Unknown language in `contributes.icon-fonts.language`. Provided value: blade
2024-11-18 16:26:20.488 [error] [idleberg.icon-fonts]: Unknown language in `contributes.icon-fonts.language`. Provided value: blade
2024-11-18 16:26:20.488 [error] [idleberg.icon-fonts]: Unknown language in `contributes.icon-fonts.language`. Provided value: blade
2024-11-18 16:26:20.489 [error] [idleberg.icon-fonts]: Unknown language in `contributes.icon-fonts.language`. Provided value: blade
2024-11-18 16:26:20.489 [error] [idleberg.icon-fonts]: Unknown language in `contributes.icon-fonts.language`. Provided value: blade
2024-11-18 16:26:20.489 [error] [idleberg.icon-fonts]: Unknown language in `contributes.icon-fonts.language`. Provided value: blade
2024-11-18 16:26:20.490 [error] [idleberg.icon-fonts]: Unknown language in `contributes.icon-fonts.language`. Provided value: blade
2024-11-18 16:26:20.490 [error] [idleberg.icon-fonts]: Unknown language in `contributes.icon-fonts.language`. Provided value: blade
2024-11-18 16:26:20.490 [error] [idleberg.icon-fonts]: Unknown language in `contributes.icon-fonts.language`. Provided value: vue-html
2024-11-18 16:26:20.490 [error] [idleberg.icon-fonts]: Unknown language in `contributes.icon-fonts.language`. Provided value: vue-html
2024-11-18 16:26:20.491 [error] [idleberg.icon-fonts]: Unknown language in `contributes.icon-fonts.language`. Provided value: vue-html
2024-11-18 16:26:20.491 [error] [idleberg.icon-fonts]: Unknown language in `contributes.icon-fonts.language`. Provided value: vue-html
2024-11-18 16:26:20.491 [error] [idleberg.icon-fonts]: Unknown language in `contributes.icon-fonts.language`. Provided value: vue-html
2024-11-18 16:26:20.492 [error] [idleberg.icon-fonts]: Unknown language in `contributes.icon-fonts.language`. Provided value: vue-html
2024-11-18 16:26:20.492 [error] [idleberg.icon-fonts]: Unknown language in `contributes.icon-fonts.language`. Provided value: vue-html
2024-11-18 16:26:20.492 [error] [idleberg.icon-fonts]: Unknown language in `contributes.icon-fonts.language`. Provided value: vue-html
2024-11-18 16:26:20.492 [error] [idleberg.icon-fonts]: Unknown language in `contributes.icon-fonts.language`. Provided value: vue-html
2024-11-18 16:26:20.493 [error] [idleberg.icon-fonts]: Unknown language in `contributes.icon-fonts.language`. Provided value: vue-html
2024-11-18 16:26:20.493 [error] [idleberg.icon-fonts]: Unknown language in `contributes.icon-fonts.language`. Provided value: vue-html
2024-11-18 16:26:20.493 [error] [idleberg.icon-fonts]: Unknown language in `contributes.icon-fonts.language`. Provided value: vue-html
2024-11-18 16:26:20.494 [error] [idleberg.icon-fonts]: Unknown language in `contributes.icon-fonts.language`. Provided value: vue-html
2024-11-18 16:26:20.494 [error] [idleberg.icon-fonts]: Unknown language in `contributes.icon-fonts.language`. Provided value: vue-html
2024-11-18 16:26:20.494 [error] [idleberg.icon-fonts]: Unknown language in `contributes.icon-fonts.language`. Provided value: vue-html
2024-11-18 16:26:20.494 [error] [idleberg.icon-fonts]: Unknown language in `contributes.icon-fonts.language`. Provided value: vue-html
2024-11-18 16:26:20.494 [error] [idleberg.icon-fonts]: Unknown language in `contributes.icon-fonts.language`. Provided value: vue-html
2024-11-18 16:26:20.495 [error] [idleberg.icon-fonts]: Unknown language in `contributes.icon-fonts.language`. Provided value: vue-html
2024-11-18 16:26:20.495 [error] [idleberg.icon-fonts]: Unknown language in `contributes.icon-fonts.language`. Provided value: vue-html
2024-11-18 16:26:20.495 [error] [idleberg.icon-fonts]: Unknown language in `contributes.icon-fonts.language`. Provided value: vue-html
2024-11-18 16:26:20.495 [error] [idleberg.icon-fonts]: Unknown language in `contributes.icon-fonts.language`. Provided value: vue-html
2024-11-18 16:26:20.496 [error] [idleberg.icon-fonts]: Unknown language in `contributes.icon-fonts.language`. Provided value: vue-html
2024-11-18 16:26:20.496 [error] [idleberg.icon-fonts]: Unknown language in `contributes.icon-fonts.language`. Provided value: vue-html
2024-11-18 16:26:20.496 [error] [idleberg.icon-fonts]: Unknown language in `contributes.icon-fonts.language`. Provided value: vue-html
2024-11-18 16:26:20.496 [error] [idleberg.icon-fonts]: Unknown language in `contributes.icon-fonts.language`. Provided value: vue-html
2024-11-18 16:26:20.496 [error] [idleberg.icon-fonts]: Unknown language in `contributes.icon-fonts.language`. Provided value: vue-html
2024-11-18 16:26:20.497 [error] [idleberg.icon-fonts]: Unknown language in `contributes.icon-fonts.language`. Provided value: vue-html
2024-11-18 16:26:20.497 [error] [idleberg.icon-fonts]: Unknown language in `contributes.icon-fonts.language`. Provided value: svelte
2024-11-18 16:26:20.497 [error] [idleberg.icon-fonts]: Unknown language in `contributes.icon-fonts.language`. Provided value: svelte
2024-11-18 16:26:20.497 [error] [idleberg.icon-fonts]: Unknown language in `contributes.icon-fonts.language`. Provided value: svelte
2024-11-18 16:26:20.498 [error] [idleberg.icon-fonts]: Unknown language in `contributes.icon-fonts.language`. Provided value: svelte
2024-11-18 16:26:20.498 [error] [idleberg.icon-fonts]: Unknown language in `contributes.icon-fonts.language`. Provided value: svelte
2024-11-18 16:26:20.498 [error] [idleberg.icon-fonts]: Unknown language in `contributes.icon-fonts.language`. Provided value: svelte
2024-11-18 16:26:20.498 [error] [idleberg.icon-fonts]: Unknown language in `contributes.icon-fonts.language`. Provided value: svelte
2024-11-18 16:26:20.498 [error] [idleberg.icon-fonts]: Unknown language in `contributes.icon-fonts.language`. Provided value: svelte
2024-11-18 16:26:20.498 [error] [idleberg.icon-fonts]: Unknown language in `contributes.icon-fonts.language`. Provided value: svelte
2024-11-18 16:26:20.499 [error] [idleberg.icon-fonts]: Unknown language in `contributes.icon-fonts.language`. Provided value: svelte
2024-11-18 16:26:20.499 [error] [idleberg.icon-fonts]: Unknown language in `contributes.icon-fonts.language`. Provided value: svelte
2024-11-18 16:26:20.499 [error] [idleberg.icon-fonts]: Unknown language in `contributes.icon-fonts.language`. Provided value: svelte
2024-11-18 16:26:20.499 [error] [idleberg.icon-fonts]: Unknown language in `contributes.icon-fonts.language`. Provided value: svelte
2024-11-18 16:26:20.499 [error] [idleberg.icon-fonts]: Unknown language in `contributes.icon-fonts.language`. Provided value: svelte
2024-11-18 16:26:20.500 [error] [idleberg.icon-fonts]: Unknown language in `contributes.icon-fonts.language`. Provided value: svelte
2024-11-18 16:26:20.500 [error] [idleberg.icon-fonts]: Unknown language in `contributes.icon-fonts.language`. Provided value: svelte
2024-11-18 16:26:20.500 [error] [idleberg.icon-fonts]: Unknown language in `contributes.icon-fonts.language`. Provided value: svelte
2024-11-18 16:26:20.500 [error] [idleberg.icon-fonts]: Unknown language in `contributes.icon-fonts.language`. Provided value: svelte
2024-11-18 16:26:20.501 [error] [idleberg.icon-fonts]: Unknown language in `contributes.icon-fonts.language`. Provided value: svelte
2024-11-18 16:26:20.502 [error] [idleberg.icon-fonts]: Unknown language in `contributes.icon-fonts.language`. Provided value: svelte
2024-11-18 16:26:20.502 [error] [idleberg.icon-fonts]: Unknown language in `contributes.icon-fonts.language`. Provided value: svelte
2024-11-18 16:26:20.502 [error] [idleberg.icon-fonts]: Unknown language in `contributes.icon-fonts.language`. Provided value: svelte
2024-11-18 16:26:20.503 [error] [idleberg.icon-fonts]: Unknown language in `contributes.icon-fonts.language`. Provided value: svelte
2024-11-18 16:26:20.503 [error] [idleberg.icon-fonts]: Unknown language in `contributes.icon-fonts.language`. Provided value: svelte
2024-11-18 16:26:20.503 [error] [idleberg.icon-fonts]: Unknown language in `contributes.icon-fonts.language`. Provided value: svelte
2024-11-18 16:26:20.504 [error] [idleberg.icon-fonts]: Unknown language in `contributes.icon-fonts.language`. Provided value: svelte
2024-11-18 16:26:20.504 [error] [idleberg.icon-fonts]: Unknown language in `contributes.icon-fonts.language`. Provided value: svelte
2024-11-18 16:26:20.504 [error] [idleberg.icon-fonts-legacy]: Unknown language in `contributes.icon-fonts-legacy.language`. Provided value: blade
2024-11-18 16:26:20.505 [error] [idleberg.icon-fonts-legacy]: Unknown language in `contributes.icon-fonts-legacy.language`. Provided value: blade
2024-11-18 16:26:20.505 [error] [idleberg.icon-fonts-legacy]: Unknown language in `contributes.icon-fonts-legacy.language`. Provided value: blade
2024-11-18 16:26:20.505 [error] [idleberg.icon-fonts-legacy]: Unknown language in `contributes.icon-fonts-legacy.language`. Provided value: blade
2024-11-18 16:26:20.505 [error] [idleberg.icon-fonts-legacy]: Unknown language in `contributes.icon-fonts-legacy.language`. Provided value: blade
2024-11-18 16:26:20.506 [error] [idleberg.icon-fonts-legacy]: Unknown language in `contributes.icon-fonts-legacy.language`. Provided value: blade
2024-11-18 16:26:20.506 [error] [idleberg.icon-fonts-legacy]: Unknown language in `contributes.icon-fonts-legacy.language`. Provided value: blade
2024-11-18 16:26:20.507 [error] [idleberg.icon-fonts-legacy]: Unknown language in `contributes.icon-fonts-legacy.language`. Provided value: blade
2024-11-18 16:26:20.507 [error] [idleberg.icon-fonts-legacy]: Unknown language in `contributes.icon-fonts-legacy.language`. Provided value: blade
2024-11-18 16:26:20.507 [error] [idleberg.icon-fonts-legacy]: Unknown language in `contributes.icon-fonts-legacy.language`. Provided value: blade
2024-11-18 16:26:20.507 [error] [idleberg.icon-fonts-legacy]: Unknown language in `contributes.icon-fonts-legacy.language`. Provided value: blade
2024-11-18 16:26:20.508 [error] [idleberg.icon-fonts-legacy]: Unknown language in `contributes.icon-fonts-legacy.language`. Provided value: blade
2024-11-18 16:26:20.508 [error] [idleberg.icon-fonts-legacy]: Unknown language in `contributes.icon-fonts-legacy.language`. Provided value: blade
2024-11-18 16:26:20.508 [error] [idleberg.icon-fonts-legacy]: Unknown language in `contributes.icon-fonts-legacy.language`. Provided value: blade
2024-11-18 16:26:20.508 [error] [idleberg.icon-fonts-legacy]: Unknown language in `contributes.icon-fonts-legacy.language`. Provided value: blade
2024-11-18 16:26:20.508 [error] [idleberg.icon-fonts-legacy]: Unknown language in `contributes.icon-fonts-legacy.language`. Provided value: vue-html
2024-11-18 16:26:20.509 [error] [idleberg.icon-fonts-legacy]: Unknown language in `contributes.icon-fonts-legacy.language`. Provided value: vue-html
2024-11-18 16:26:20.509 [error] [idleberg.icon-fonts-legacy]: Unknown language in `contributes.icon-fonts-legacy.language`. Provided value: vue-html
2024-11-18 16:26:20.509 [error] [idleberg.icon-fonts-legacy]: Unknown language in `contributes.icon-fonts-legacy.language`. Provided value: vue-html
2024-11-18 16:26:20.509 [error] [idleberg.icon-fonts-legacy]: Unknown language in `contributes.icon-fonts-legacy.language`. Provided value: vue-html
2024-11-18 16:26:20.509 [error] [idleberg.icon-fonts-legacy]: Unknown language in `contributes.icon-fonts-legacy.language`. Provided value: vue-html
2024-11-18 16:26:20.509 [error] [idleberg.icon-fonts-legacy]: Unknown language in `contributes.icon-fonts-legacy.language`. Provided value: vue-html
2024-11-18 16:26:20.510 [error] [idleberg.icon-fonts-legacy]: Unknown language in `contributes.icon-fonts-legacy.language`. Provided value: vue-html
2024-11-18 16:26:20.510 [error] [idleberg.icon-fonts-legacy]: Unknown language in `contributes.icon-fonts-legacy.language`. Provided value: vue-html
2024-11-18 16:26:20.510 [error] [idleberg.icon-fonts-legacy]: Unknown language in `contributes.icon-fonts-legacy.language`. Provided value: vue-html
2024-11-18 16:26:20.510 [error] [idleberg.icon-fonts-legacy]: Unknown language in `contributes.icon-fonts-legacy.language`. Provided value: vue-html
2024-11-18 16:26:20.510 [error] [idleberg.icon-fonts-legacy]: Unknown language in `contributes.icon-fonts-legacy.language`. Provided value: vue-html
2024-11-18 16:26:20.511 [error] [idleberg.icon-fonts-legacy]: Unknown language in `contributes.icon-fonts-legacy.language`. Provided value: vue-html
2024-11-18 16:26:20.511 [error] [idleberg.icon-fonts-legacy]: Unknown language in `contributes.icon-fonts-legacy.language`. Provided value: vue-html
2024-11-18 16:26:20.511 [error] [idleberg.icon-fonts-legacy]: Unknown language in `contributes.icon-fonts-legacy.language`. Provided value: vue-html
2024-11-18 16:26:20.511 [error] [idleberg.icon-fonts-legacy]: Unknown language in `contributes.icon-fonts-legacy.language`. Provided value: vue-html
2024-11-18 16:26:20.511 [error] [idleberg.icon-fonts-legacy]: Unknown language in `contributes.icon-fonts-legacy.language`. Provided value: svelte
2024-11-18 16:26:20.511 [error] [idleberg.icon-fonts-legacy]: Unknown language in `contributes.icon-fonts-legacy.language`. Provided value: svelte
2024-11-18 16:26:20.512 [error] [idleberg.icon-fonts-legacy]: Unknown language in `contributes.icon-fonts-legacy.language`. Provided value: svelte
2024-11-18 16:26:20.512 [error] [idleberg.icon-fonts-legacy]: Unknown language in `contributes.icon-fonts-legacy.language`. Provided value: svelte
2024-11-18 16:26:20.512 [error] [idleberg.icon-fonts-legacy]: Unknown language in `contributes.icon-fonts-legacy.language`. Provided value: svelte
2024-11-18 16:26:20.512 [error] [idleberg.icon-fonts-legacy]: Unknown language in `contributes.icon-fonts-legacy.language`. Provided value: svelte
2024-11-18 16:26:20.512 [error] [idleberg.icon-fonts-legacy]: Unknown language in `contributes.icon-fonts-legacy.language`. Provided value: svelte
2024-11-18 16:26:20.512 [error] [idleberg.icon-fonts-legacy]: Unknown language in `contributes.icon-fonts-legacy.language`. Provided value: svelte
2024-11-18 16:26:20.513 [error] [idleberg.icon-fonts-legacy]: Unknown language in `contributes.icon-fonts-legacy.language`. Provided value: svelte
2024-11-18 16:26:20.513 [error] [idleberg.icon-fonts-legacy]: Unknown language in `contributes.icon-fonts-legacy.language`. Provided value: svelte
2024-11-18 16:26:20.513 [error] [idleberg.icon-fonts-legacy]: Unknown language in `contributes.icon-fonts-legacy.language`. Provided value: svelte
2024-11-18 16:26:20.513 [error] [idleberg.icon-fonts-legacy]: Unknown language in `contributes.icon-fonts-legacy.language`. Provided value: svelte
2024-11-18 16:26:20.513 [error] [idleberg.icon-fonts-legacy]: Unknown language in `contributes.icon-fonts-legacy.language`. Provided value: svelte
2024-11-18 16:26:20.513 [error] [idleberg.icon-fonts-legacy]: Unknown language in `contributes.icon-fonts-legacy.language`. Provided value: svelte
2024-11-18 16:26:20.514 [error] [idleberg.icon-fonts-legacy]: Unknown language in `contributes.icon-fonts-legacy.language`. Provided value: svelte
2024-11-18 16:26:21.924 [info] [perf] Render performance baseline is 33ms
