2024-11-19 14:52:08.421 [info] Started local extension host with pid 1467.
2024-11-19 14:52:09.871 [error] [Extension Host] Failed to load message bundle for file /home/aislx/.vscode/extensions/ms-edgedevtools.vscode-edge-devtools-2.1.6/out/extension
2024-11-19 14:52:09.878 [error] [Extension Host] Failed to load message bundle for file /home/aislx/.vscode/extensions/ms-edgedevtools.vscode-edge-devtools-2.1.6/out/extension
2024-11-19 14:52:09.880 [error] [Extension Host] Failed to load message bundle for file /home/aislx/.vscode/extensions/ms-edgedevtools.vscode-edge-devtools-2.1.6/out/extension
2024-11-19 14:52:09.880 [error] [Extension Host] Failed to load message bundle for file /home/aislx/.vscode/extensions/ms-edgedevtools.vscode-edge-devtools-2.1.6/out/extension
2024-11-19 14:52:09.883 [error] [Extension Host] Failed to load message bundle for file /home/aislx/.vscode/extensions/ms-edgedevtools.vscode-edge-devtools-2.1.6/out/extension
2024-11-19 14:52:09.883 [error] [Extension Host] Failed to load message bundle for file /home/aislx/.vscode/extensions/ms-edgedevtools.vscode-edge-devtools-2.1.6/out/extension
2024-11-19 14:52:09.883 [error] [Extension Host] Failed to load message bundle for file /home/aislx/.vscode/extensions/ms-edgedevtools.vscode-edge-devtools-2.1.6/out/extension
2024-11-19 14:52:09.892 [error] [Extension Host] Failed to load message bundle for file /home/aislx/.vscode/extensions/ms-edgedevtools.vscode-edge-devtools-2.1.6/out/extension
2024-11-19 14:52:10.394 [info] Settings Sync: Updating due to initialize
2024-11-19 14:52:10.395 [info] Settings Sync: Updating authentication providers. Authentication Providers from store: [{"id":"github","scopes":["user:email"]},{"id":"microsoft","scopes":["openid","profile","email","offline_access"]}]
2024-11-19 14:52:10.395 [info] Settings Sync: Authentication providers updated []
2024-11-19 14:52:11.596 [info] Settings Sync: Updating authentication providers. Authentication Providers from store: [{"id":"github","scopes":["user:email"]},{"id":"microsoft","scopes":["openid","profile","email","offline_access"]}]
2024-11-19 14:52:11.597 [info] Settings Sync: Authentication providers updated ["github"]
2024-11-19 14:52:11.597 [info] Settings Sync: Updating authentication providers. Authentication Providers from store: [{"id":"github","scopes":["user:email"]},{"id":"microsoft","scopes":["openid","profile","email","offline_access"]}]
2024-11-19 14:52:11.597 [info] Settings Sync: Authentication providers updated ["github"]
2024-11-19 14:52:11.597 [info] Settings Sync: Updating authentication providers. Authentication Providers from store: [{"id":"github","scopes":["user:email"]},{"id":"microsoft","scopes":["openid","profile","email","offline_access"]}]
2024-11-19 14:52:11.597 [info] Settings Sync: Authentication providers updated ["github","microsoft"]
2024-11-19 14:52:11.597 [info] Settings Sync: Updating authentication providers. Authentication Providers from store: [{"id":"github","scopes":["user:email"]},{"id":"microsoft","scopes":["openid","profile","email","offline_access"]}]
2024-11-19 14:52:11.597 [info] Settings Sync: Authentication providers updated ["github","microsoft"]
2024-11-19 14:52:11.622 [info] Settings Sync: Updating due to declared authentication providers changed
2024-11-19 14:52:11.622 [info] Settings Sync: Updating authentication providers. Authentication Providers from store: [{"id":"github","scopes":["user:email"]},{"id":"microsoft","scopes":["openid","profile","email","offline_access"]}]
2024-11-19 14:52:11.622 [info] Settings Sync: Authentication providers updated ["github","microsoft"]
2024-11-19 14:52:11.623 [info] Settings Sync: Updating due to declared authentication providers changed
2024-11-19 14:52:11.623 [info] Settings Sync: Updating authentication providers. Authentication Providers from store: [{"id":"github","scopes":["user:email"]},{"id":"microsoft","scopes":["openid","profile","email","offline_access"]}]
2024-11-19 14:52:11.623 [info] Settings Sync: Authentication providers updated ["github","microsoft"]
2024-11-19 14:52:13.303 [info] [perf] Render performance baseline is 31ms
2024-11-19 14:55:56.280 [error] [text file model] handleSaveError(118) - exit - resulted in a save error: Error: Unable to write file '/etc/fstab' (NoPermissions (FileSystemError): Error: EACCES: permission denied, open '/etc/fstab') file:///etc/fstab
2024-11-19 14:56:03.829 [warning] [File Watcher (node.js)] Watcher shutdown because watched path got deleted
