2024-11-19 14:57:41.480 [info] [main] Log level: Info
2024-11-19 14:57:41.480 [info] [main] Validating found git in: "git"
2024-11-19 14:57:41.480 [info] [main] Using git "2.47.0" from "git"
2024-11-19 14:57:41.480 [info] [Model][doInitialScan] Initial repository scan started
2024-11-19 14:57:42.588 [info] > git rev-parse --show-toplevel [1011ms]
2024-11-19 14:57:43.636 [info] > git rev-parse --git-dir --git-common-dir [824ms]
2024-11-19 14:57:43.650 [info] [Model][openRepository] Opened repository: /run/media/drive2/Developing/flame-launcher
2024-11-19 14:57:43.796 [info] > git config --get commit.template [102ms]
2024-11-19 14:57:44.139 [info] > git rev-parse --show-toplevel [264ms]
2024-11-19 14:57:44.233 [info] > git for-each-ref --format=%(refname)%00%(upstream:short)%00%(objectname)%00%(upstream:track)%00%(upstream:remotename)%00%(upstream:remoteref) refs/heads/main refs/remotes/main [453ms]
2024-11-19 14:57:44.257 [warning] [Git][revParse] Unable to read file: ENOENT: no such file or directory, open '/run/media/drive2/Developing/flame-launcher/.git/refs/remotes/origin/main'
2024-11-19 14:57:44.403 [info] > git rev-parse --show-toplevel [223ms]
2024-11-19 14:57:44.560 [info] > git rev-parse refs/remotes/origin/main [303ms]
2024-11-19 14:57:44.660 [info] > git rev-parse --show-toplevel [173ms]
2024-11-19 14:57:45.103 [info] > git rev-parse --show-toplevel [404ms]
2024-11-19 14:57:45.468 [info] > git rev-parse --show-toplevel [284ms]
2024-11-19 14:57:45.469 [info] > git for-each-ref --sort -committerdate --format %(refname) %(objectname) %(*objectname) [851ms]
2024-11-19 14:57:45.840 [info] > git rev-parse --show-toplevel [100ms]
2024-11-19 14:57:45.983 [info] > git rev-parse --show-toplevel [78ms]
2024-11-19 14:57:46.069 [info] > git rev-parse --show-toplevel [45ms]
2024-11-19 14:57:46.114 [info] > git rev-parse --show-toplevel [10ms]
2024-11-19 14:57:46.114 [info] fatal: not a git repository: /run/media/drive2/Developing/flame-launcher/xmcl/../.git/modules/xmcl
2024-11-19 14:57:46.259 [info] > git rev-parse --show-toplevel [83ms]
2024-11-19 14:57:46.349 [info] > git rev-parse --show-toplevel [63ms]
2024-11-19 14:57:46.402 [info] > git rev-parse --show-toplevel [24ms]
2024-11-19 14:57:46.550 [info] > git rev-parse --show-toplevel [83ms]
2024-11-19 14:57:46.557 [info] [Model][doInitialScan] Initial repository scan completed - repositories (1), closed repositories (0), parent repositories (0), unsafe repositories (0)
2024-11-19 14:58:02.726 [info] > git check-ignore -v -z --stdin [376ms]
2024-11-19 14:58:14.118 [info] > git status -z -uall [29538ms]
2024-11-19 14:58:14.414 [info] > git config --get commit.template [237ms]
2024-11-19 14:58:14.414 [info] > git for-each-ref --format=%(refname)%00%(upstream:short)%00%(objectname)%00%(upstream:track)%00%(upstream:remotename)%00%(upstream:remoteref) refs/heads/main refs/remotes/main [268ms]
2024-11-19 14:58:14.436 [info] > git config --local branch.main.vscode-merge-base [12ms]
2024-11-19 14:58:14.444 [info] > git for-each-ref --format=%(refname)%00%(upstream:short)%00%(objectname)%00%(upstream:track)%00%(upstream:remotename)%00%(upstream:remoteref) refs/heads/main refs/remotes/main [32ms]
2024-11-19 14:58:14.519 [warning] [Git][revParse] Unable to read file: ENOENT: no such file or directory, open '/run/media/drive2/Developing/flame-launcher/.git/refs/remotes/origin/main'
2024-11-19 14:58:14.520 [info] > git for-each-ref --format=%(refname)%00%(upstream:short)%00%(objectname)%00%(upstream:track)%00%(upstream:remotename)%00%(upstream:remoteref) refs/heads/origin/main refs/remotes/origin/main [77ms]
2024-11-19 14:58:14.582 [info] > git rev-parse refs/remotes/origin/main [63ms]
2024-11-19 14:58:14.647 [info] > git merge-base refs/heads/main refs/remotes/origin/main [92ms]
2024-11-19 14:58:14.704 [info] > git for-each-ref --sort -committerdate --format %(refname) %(objectname) %(*objectname) [58ms]
2024-11-19 14:58:14.707 [info] > git diff --name-status -z --diff-filter=ADMR 16ebfadca73192d6b74170b0d541124310319e6c...refs/remotes/origin/main [45ms]
2024-11-19 14:58:21.672 [info] > git status -z -uall [7039ms]
2024-11-19 14:59:04.415 [info] > git show --textconv :.eslintrc.json [50ms]
2024-11-19 14:59:04.416 [info] > git ls-files --stage -- /run/media/drive2/Developing/flame-launcher/.eslintrc.json [31ms]
2024-11-19 14:59:04.498 [info] > git cat-file -s 2491970f0baa6bc3bc134d3e47000b42a8708d77 [65ms]
