2024-11-17 23:28:47.661 [info] [main] Log level: Info
2024-11-17 23:28:47.661 [info] [main] Validating found git in: "git"
2024-11-17 23:28:47.661 [info] [main] Using git "2.47.0" from "git"
2024-11-17 23:28:47.661 [info] [Model][doInitialScan] Initial repository scan started
2024-11-17 23:28:47.661 [info] > git rev-parse --show-toplevel [12ms]
2024-11-17 23:28:47.661 [info] fatal: not a git repository (or any parent up to mount point /)
Stopping at filesystem boundary (GIT_DISCOVERY_ACROSS_FILESYSTEM not set).
2024-11-17 23:28:47.661 [info] > git rev-parse --show-toplevel [19ms]
2024-11-17 23:28:47.661 [info] fatal: not a git repository (or any parent up to mount point /)
Stopping at filesystem boundary (GIT_DISCOVERY_ACROSS_FILESYSTEM not set).
2024-11-17 23:28:47.681 [info] > git rev-parse --show-toplevel [7ms]
2024-11-17 23:28:47.681 [info] fatal: not a git repository (or any parent up to mount point /)
Stopping at filesystem boundary (GIT_DISCOVERY_ACROSS_FILESYSTEM not set).
2024-11-17 23:28:47.691 [info] > git rev-parse --show-toplevel [2ms]
2024-11-17 23:28:47.691 [info] fatal: not a git repository (or any parent up to mount point /)
Stopping at filesystem boundary (GIT_DISCOVERY_ACROSS_FILESYSTEM not set).
2024-11-17 23:28:47.698 [info] > git rev-parse --show-toplevel [1ms]
2024-11-17 23:28:47.698 [info] fatal: not a git repository (or any parent up to mount point /)
Stopping at filesystem boundary (GIT_DISCOVERY_ACROSS_FILESYSTEM not set).
2024-11-17 23:28:47.705 [info] > git rev-parse --show-toplevel [3ms]
2024-11-17 23:28:47.706 [info] fatal: not a git repository (or any parent up to mount point /)
Stopping at filesystem boundary (GIT_DISCOVERY_ACROSS_FILESYSTEM not set).
2024-11-17 23:28:47.712 [info] > git rev-parse --show-toplevel [1ms]
2024-11-17 23:28:47.712 [info] fatal: not a git repository (or any parent up to mount point /)
Stopping at filesystem boundary (GIT_DISCOVERY_ACROSS_FILESYSTEM not set).
2024-11-17 23:28:47.718 [info] > git rev-parse --show-toplevel [2ms]
2024-11-17 23:28:47.718 [info] fatal: not a git repository (or any parent up to mount point /)
Stopping at filesystem boundary (GIT_DISCOVERY_ACROSS_FILESYSTEM not set).
2024-11-17 23:28:47.726 [info] > git rev-parse --show-toplevel [2ms]
2024-11-17 23:28:47.726 [info] fatal: not a git repository (or any parent up to mount point /)
Stopping at filesystem boundary (GIT_DISCOVERY_ACROSS_FILESYSTEM not set).
2024-11-17 23:28:47.736 [info] > git rev-parse --show-toplevel [2ms]
2024-11-17 23:28:47.736 [info] fatal: not a git repository (or any parent up to mount point /)
Stopping at filesystem boundary (GIT_DISCOVERY_ACROSS_FILESYSTEM not set).
2024-11-17 23:28:47.755 [info] > git rev-parse --show-toplevel [11ms]
2024-11-17 23:28:47.755 [info] fatal: not a git repository (or any parent up to mount point /)
Stopping at filesystem boundary (GIT_DISCOVERY_ACROSS_FILESYSTEM not set).
2024-11-17 23:28:47.770 [info] > git rev-parse --show-toplevel [3ms]
2024-11-17 23:28:47.770 [info] fatal: not a git repository (or any parent up to mount point /)
Stopping at filesystem boundary (GIT_DISCOVERY_ACROSS_FILESYSTEM not set).
2024-11-17 23:28:47.779 [info] > git rev-parse --show-toplevel [2ms]
2024-11-17 23:28:47.779 [info] fatal: not a git repository (or any parent up to mount point /)
Stopping at filesystem boundary (GIT_DISCOVERY_ACROSS_FILESYSTEM not set).
2024-11-17 23:28:47.789 [info] > git rev-parse --show-toplevel [3ms]
2024-11-17 23:28:47.789 [info] fatal: not a git repository (or any parent up to mount point /)
Stopping at filesystem boundary (GIT_DISCOVERY_ACROSS_FILESYSTEM not set).
2024-11-17 23:28:47.802 [info] > git rev-parse --show-toplevel [1ms]
2024-11-17 23:28:47.802 [info] fatal: not a git repository (or any parent up to mount point /)
Stopping at filesystem boundary (GIT_DISCOVERY_ACROSS_FILESYSTEM not set).
2024-11-17 23:28:47.803 [info] [Model][doInitialScan] Initial repository scan completed - repositories (0), closed repositories (0), parent repositories (0), unsafe repositories (0)
2024-11-17 23:28:47.814 [info] > git rev-parse --show-toplevel [1ms]
2024-11-17 23:28:47.814 [info] fatal: not a git repository (or any parent up to mount point /)
Stopping at filesystem boundary (GIT_DISCOVERY_ACROSS_FILESYSTEM not set).
2024-11-17 23:28:47.845 [info] > git rev-parse --show-toplevel [1ms]
2024-11-17 23:28:47.845 [info] fatal: not a git repository (or any parent up to mount point /)
Stopping at filesystem boundary (GIT_DISCOVERY_ACROSS_FILESYSTEM not set).
2024-11-17 23:28:48.459 [info] > git rev-parse --show-toplevel [4ms]
2024-11-17 23:28:48.459 [info] fatal: not a git repository (or any parent up to mount point /)
Stopping at filesystem boundary (GIT_DISCOVERY_ACROSS_FILESYSTEM not set).
2024-11-17 23:29:00.875 [info] > git rev-parse --show-toplevel [1ms]
2024-11-17 23:29:00.875 [info] fatal: not a git repository (or any parent up to mount point /)
Stopping at filesystem boundary (GIT_DISCOVERY_ACROSS_FILESYSTEM not set).
2024-11-17 23:29:11.502 [info] > git rev-parse --show-toplevel [1ms]
2024-11-17 23:29:11.502 [info] fatal: not a git repository (or any parent up to mount point /)
Stopping at filesystem boundary (GIT_DISCOVERY_ACROSS_FILESYSTEM not set).
