2024-11-19 20:07:19.151 [info] Added views:workbench.view.search in workbench.view.search
2024-11-19 20:07:19.151 [info] Added views:workbench.scm in workbench.view.scm
2024-11-19 20:07:19.151 [info] Added views:workbench.panel.markers.view in workbench.panel.markers
2024-11-19 20:07:19.152 [info] Added views:workbench.panel.output in workbench.panel.output
2024-11-19 20:07:19.152 [info] Added views:terminal in workbench.views.service.auxiliarybar.d84ba15d-a1fe-4ad7-bc28-410196716033
2024-11-19 20:07:19.152 [info] Added views:workbench.explorer.fileView in workbench.view.explorer
2024-11-19 20:07:19.532 [info] Added views:workbench.debug.variablesView,workbench.debug.watchExpressionsView,workbench.debug.callStackView,workbench.debug.breakPointsView in workbench.view.debug
2024-11-19 20:07:22.063 [info] Added views:gitlens.views.home,gitlens.views.launchpad,gitlens.views.workspaces in workbench.view.extension.gitlens
2024-11-19 20:07:22.068 [info] Added views:gitlens.views.commitDetails,gitlens.views.lineHistory,gitlens.views.fileHistory,gitlens.views.searchAndCompare in workbench.view.extension.gitlensInspect
2024-11-19 20:07:22.074 [info] Added views:gitlens.views.scm.grouped in workbench.view.scm
2024-11-19 20:07:22.075 [info] Added views:github-actions.empty-view in workbench.view.extension.github-actions
2024-11-19 20:07:22.079 [info] Added views:vscode-edge-devtools-view.targets,vscode-edge-devtools-view.help-links in workbench.view.extension.vscode-edge-devtools-view
2024-11-19 20:07:22.081 [info] Added views:jsonOutline in workbench.view.extension.json-views
2024-11-19 20:07:22.213 [info] Added views:~remote.forwardedPorts in ~remote.forwardedPortsContainer
2024-11-19 20:07:22.858 [info] Added views:workbench.panel.repl.view in workbench.panel.repl
2024-11-19 20:07:30.335 [info] Removed views:workbench.debug.breakPointsView,workbench.debug.callStackView,workbench.debug.watchExpressionsView,workbench.debug.variablesView from workbench.view.debug
2024-11-19 20:07:30.337 [info] Added views:workbench.debug.welcome in workbench.view.debug
2024-11-19 20:07:30.353 [info] Removed views:workbench.explorer.fileView from workbench.view.explorer
2024-11-19 20:07:30.369 [info] Added views:workbench.explorer.emptyView in workbench.view.explorer
2024-11-19 20:07:31.034 [info] Removed views:workbench.panel.repl.view from workbench.panel.repl
2024-11-19 20:07:31.046 [info] Added views:workbench.panel.repl.view in workbench.panel.repl
2024-11-19 20:07:33.661 [info] Added views:workbench.panel.comments in workbench.panel.comments
2024-11-19 20:07:45.323 [info] Removed views:gitlens.views.searchAndCompare,gitlens.views.fileHistory,gitlens.views.lineHistory,gitlens.views.commitDetails from workbench.view.extension.gitlensInspect
2024-11-19 20:07:45.326 [info] Removed views:gitlens.views.scm.grouped from workbench.view.scm
2024-11-19 20:07:45.986 [info] Added views:gitlens.views.drafts in workbench.view.extension.gitlens
2024-11-19 20:07:46.570 [info] Removed views:workbench.explorer.emptyView from workbench.view.explorer
2024-11-19 20:07:46.584 [info] Added views:workbench.explorer.fileView in workbench.view.explorer
2024-11-19 20:07:47.077 [info] Removed views:workbench.panel.repl.view from workbench.panel.repl
2024-11-19 20:07:47.560 [info] Added views:workbench.panel.repl.view in workbench.panel.repl
2024-11-19 20:07:53.559 [info] Added views:gitlens.views.graph,gitlens.views.graphDetails in workbench.view.extension.gitlensPanel
2024-11-19 20:07:53.564 [info] Added views:gitlens.views.commitDetails,gitlens.views.lineHistory,gitlens.views.fileHistory,gitlens.views.timeline,gitlens.views.searchAndCompare in workbench.view.extension.gitlensInspect
2024-11-19 20:07:53.566 [info] Added views:gitlens.views.scm.grouped in workbench.view.scm
