2024-11-19 15:00:37.058 [info] cancelled
2024-11-19 15:00:40.336 [info] cancelled
2024-11-19 15:01:34.139 [info] read schema from vscode: vscode://schemas/vscode-extensions
2024-11-19 15:01:34.323 [info] read schema from vscode: vscode://schemas/toolsParameters
2024-11-19 15:01:34.324 [info] read schema from vscode: vscode://schemas/settings/configurationDefaults
2024-11-19 15:01:34.441 [info] read schema from vscode: vscode://schemas/settings/resourceLanguage
2024-11-19 15:01:34.457 [info] read schema from vscode: vscode://schemas/token-styling
2024-11-19 15:01:34.457 [info] read schema from vscode: vscode://schemas/textmate-colors
2024-11-19 15:01:34.458 [info] read schema from vscode: vscode://schemas/workbench-colors
2024-11-19 15:06:30.840 [info] schema change detected vscode://schemas/workbench-colors
2024-11-19 15:06:31.167 [info] schema change detected vscode://schemas/workbench-colors
2024-11-19 15:06:31.431 [info] schema change detected vscode://schemas/workbench-colors
2024-11-19 15:06:35.305 [info] schema change detected vscode://schemas/workbench-colors
2024-11-19 15:06:35.534 [info] schema change detected vscode://schemas/workbench-colors
2024-11-19 15:06:41.427 [info] schema change detected vscode://schemas/workbench-colors
2024-11-19 15:06:41.648 [info] schema change detected vscode://schemas/workbench-colors
2024-11-19 15:06:47.404 [info] schema change detected vscode://schemas/workbench-colors
2024-11-19 15:06:47.632 [info] schema change detected vscode://schemas/workbench-colors
2024-11-19 15:06:51.494 [info] schema change detected vscode://schemas/workbench-colors
2024-11-19 15:06:51.747 [info] schema change detected vscode://schemas/workbench-colors
2024-11-19 15:06:56.017 [info] schema change detected vscode://schemas/workbench-colors
2024-11-19 15:07:01.679 [info] schema change detected vscode://schemas/workbench-colors
2024-11-19 15:07:01.973 [info] schema change detected vscode://schemas/workbench-colors
2024-11-19 15:07:05.822 [info] schema change detected vscode://schemas/workbench-colors
2024-11-19 15:07:17.525 [info] schema change detected vscode://schemas/workbench-colors
2024-11-19 15:07:21.710 [info] schema change detected vscode://schemas/workbench-colors
2024-11-19 15:07:21.936 [info] schema change detected vscode://schemas/workbench-colors
2024-11-19 15:27:55.720 [info] schema change detected vscode://schemas/workbench-colors
2024-11-19 15:27:55.967 [info] schema change detected vscode://schemas/workbench-colors
2024-11-19 15:27:59.163 [info] schema change detected vscode://schemas/workbench-colors
2024-11-19 15:28:00.524 [info] schema change detected vscode://schemas/workbench-colors
2024-11-19 15:30:24.437 [info] schema change detected vscode://schemas/settings/configurationDefaults
2024-11-19 15:30:27.931 [info] read schema from vscode: vscode://schemas/vscode-extensions
2024-11-19 15:30:28.011 [info] read schema from vscode: vscode://schemas/settings/configurationDefaults
2024-11-19 15:30:28.134 [info] read schema from vscode: vscode://schemas/workbench-colors
2024-11-19 16:18:23.600 [info] read schema from vscode: vscode://schemas/launch
2024-11-19 16:18:24.397 [info] read schema from vscode: vscode://schemas/tasks
2024-11-19 16:27:56.184 [info] schema change detected vscode://schemas/workbench-colors
2024-11-19 16:27:56.527 [info] schema change detected vscode://schemas/workbench-colors
2024-11-19 16:27:56.778 [info] schema change detected vscode://schemas/workbench-colors
2024-11-19 16:38:19.062 [info] schema change detected vscode://schemas/tasks
2024-11-19 16:38:19.334 [info] schema change detected vscode://schemas/settings/configurationDefaults
2024-11-19 16:38:30.354 [info] read schema from vscode: vscode://schemas/vscode-extensions
2024-11-19 16:38:32.838 [info] schema change detected vscode://schemas/settings/configurationDefaults
2024-11-19 16:38:34.553 [info] read schema from vscode: vscode://schemas/settings/configurationDefaults
2024-11-19 16:38:36.429 [info] read schema from vscode: vscode://schemas/settings/resourceLanguage
2024-11-19 16:38:36.561 [info] read schema from vscode: vscode://schemas/token-styling
2024-11-19 16:38:36.582 [info] read schema from vscode: vscode://schemas/textmate-colors
2024-11-19 16:38:36.587 [info] read schema from vscode: vscode://schemas/workbench-colors
2024-11-19 16:38:37.385 [info] cancelled
2024-11-19 16:49:11.974 [info] schema change detected vscode://schemas/settings/configurationDefaults
2024-11-19 16:49:44.419 [info] schema change detected vscode://schemas/launch
2024-11-19 16:49:51.018 [info] schema change detected vscode://schemas/launch
2024-11-19 19:09:06.753 [info] schema change detected vscode://schemas/workbench-colors
2024-11-19 19:09:31.112 [info] schema change detected vscode://schemas/workbench-colors
2024-11-19 19:29:45.090 [info] schema change detected vscode://schemas/workbench-colors
2024-11-19 19:29:45.578 [info] schema change detected vscode://schemas/workbench-colors
2024-11-19 19:29:46.205 [info] schema change detected vscode://schemas/workbench-colors
2024-11-19 19:29:47.577 [info] schema change detected vscode://schemas/workbench-colors
2024-11-19 19:29:52.017 [info] schema change detected vscode://schemas/workbench-colors
2024-11-19 19:29:52.216 [info] schema change detected vscode://schemas/workbench-colors
2024-11-19 19:29:52.622 [info] schema change detected vscode://schemas/workbench-colors
2024-11-19 19:29:53.052 [info] schema change detected vscode://schemas/workbench-colors
2024-11-19 19:29:53.328 [info] schema change detected vscode://schemas/workbench-colors
2024-11-19 19:29:53.787 [info] schema change detected vscode://schemas/workbench-colors
2024-11-19 19:29:58.231 [info] schema change detected vscode://schemas/workbench-colors
2024-11-19 19:29:58.682 [info] schema change detected vscode://schemas/workbench-colors
2024-11-19 19:29:58.955 [info] schema change detected vscode://schemas/workbench-colors
2024-11-19 19:29:59.402 [info] schema change detected vscode://schemas/workbench-colors
2024-11-19 19:29:59.684 [info] schema change detected vscode://schemas/workbench-colors
2024-11-19 19:30:12.465 [info] schema change detected vscode://schemas/workbench-colors
2024-11-19 19:30:13.206 [info] schema change detected vscode://schemas/workbench-colors
2024-11-19 19:30:16.290 [info] schema change detected vscode://schemas/workbench-colors
2024-11-19 19:30:16.690 [info] schema change detected vscode://schemas/workbench-colors
2024-11-19 19:30:18.027 [info] schema change detected vscode://schemas/workbench-colors
2024-11-19 19:30:18.710 [info] schema change detected vscode://schemas/workbench-colors
2024-11-19 19:30:19.970 [info] schema change detected vscode://schemas/workbench-colors
2024-11-19 19:30:20.406 [info] schema change detected vscode://schemas/workbench-colors
2024-11-19 19:30:22.983 [info] schema change detected vscode://schemas/workbench-colors
2024-11-19 19:30:23.208 [info] schema change detected vscode://schemas/workbench-colors
2024-11-19 19:30:23.469 [info] schema change detected vscode://schemas/workbench-colors
2024-11-19 19:30:23.805 [info] schema change detected vscode://schemas/workbench-colors
2024-11-19 19:30:25.029 [info] schema change detected vscode://schemas/workbench-colors
2024-11-19 19:30:28.006 [info] schema change detected vscode://schemas/workbench-colors
2024-11-19 19:30:28.355 [info] schema change detected vscode://schemas/workbench-colors
2024-11-19 19:30:29.648 [info] schema change detected vscode://schemas/workbench-colors
2024-11-19 19:30:29.898 [info] schema change detected vscode://schemas/workbench-colors
2024-11-19 19:30:31.215 [info] schema change detected vscode://schemas/workbench-colors
2024-11-19 19:30:33.052 [info] schema change detected vscode://schemas/workbench-colors
2024-11-19 19:30:33.291 [info] schema change detected vscode://schemas/workbench-colors
2024-11-19 19:30:43.661 [info] schema change detected vscode://schemas/workbench-colors
2024-11-19 19:30:43.906 [info] schema change detected vscode://schemas/workbench-colors
2024-11-19 19:30:44.149 [info] schema change detected vscode://schemas/workbench-colors
2024-11-19 19:30:44.397 [info] schema change detected vscode://schemas/workbench-colors
2024-11-19 19:30:44.630 [info] schema change detected vscode://schemas/workbench-colors
2024-11-19 19:30:47.891 [info] schema change detected vscode://schemas/workbench-colors
2024-11-19 19:30:48.172 [info] schema change detected vscode://schemas/workbench-colors
2024-11-19 19:30:48.438 [info] schema change detected vscode://schemas/workbench-colors
2024-11-19 19:30:48.660 [info] schema change detected vscode://schemas/workbench-colors
2024-11-19 19:30:50.649 [info] schema change detected vscode://schemas/workbench-colors
2024-11-19 19:30:51.125 [info] schema change detected vscode://schemas/workbench-colors
2024-11-19 19:30:51.431 [info] schema change detected vscode://schemas/workbench-colors
2024-11-19 19:30:51.665 [info] schema change detected vscode://schemas/workbench-colors
2024-11-19 19:30:56.305 [info] schema change detected vscode://schemas/workbench-colors
2024-11-19 19:30:56.572 [info] schema change detected vscode://schemas/workbench-colors
2024-11-19 19:30:56.878 [info] schema change detected vscode://schemas/workbench-colors
2024-11-19 19:30:57.836 [info] schema change detected vscode://schemas/workbench-colors
2024-11-19 19:30:58.134 [info] schema change detected vscode://schemas/workbench-colors
2024-11-19 19:31:04.038 [info] schema change detected vscode://schemas/workbench-colors
2024-11-19 19:31:04.863 [info] schema change detected vscode://schemas/workbench-colors
2024-11-19 19:31:05.098 [info] schema change detected vscode://schemas/workbench-colors
2024-11-19 19:31:05.344 [info] schema change detected vscode://schemas/workbench-colors
2024-11-19 19:31:06.474 [info] schema change detected vscode://schemas/workbench-colors
2024-11-19 19:31:06.715 [info] schema change detected vscode://schemas/workbench-colors
2024-11-19 19:31:09.359 [info] schema change detected vscode://schemas/workbench-colors
2024-11-19 19:31:09.645 [info] schema change detected vscode://schemas/workbench-colors
2024-11-19 19:31:10.882 [info] schema change detected vscode://schemas/workbench-colors
2024-11-19 19:31:11.093 [info] schema change detected vscode://schemas/workbench-colors
2024-11-19 19:31:12.084 [info] schema change detected vscode://schemas/workbench-colors
2024-11-19 19:31:15.031 [info] schema change detected vscode://schemas/workbench-colors
2024-11-19 19:31:15.418 [info] schema change detected vscode://schemas/workbench-colors
2024-11-19 19:31:15.663 [info] schema change detected vscode://schemas/workbench-colors
